Using pre-set license
Built from '2021.3/staging' branch; Version is '2021.3.22f1 (b6c551784ba3) revision 11978065'; Using compiler version '192829333'; Build Type 'Release'
OS: 'Windows 10  (10.0.19045) 64bit CoreSingleLanguage' Language: 'ru' Physical Memory: 16085 MB
BatchMode: 1, IsHumanControllingUs: 0, StartBugReporterOnCrash: 0, Is64bit: 1, IsPro: 1

COMMAND LINE ARGUMENTS:
C:\Unity\Unity\Hub\Editor\2021.3.22f1\Editor\Unity.exe
-adb2
-batchMode
-noUpm
-name
AssetImportWorker8
-projectPath
C:/Users/Олег/Documents/GitHub/The-most-popular-game-in-the-world
-logFile
Logs/AssetImportWorker8.log
-srvPort
55051
Successfully changed project path to: C:/Users/Олег/Documents/GitHub/The-most-popular-game-in-the-world
C:/Users/Олег/Documents/GitHub/The-most-popular-game-in-the-world
[UnityMemory] Configuration Parameters - Can be set up in boot.config
    "memorysetup-bucket-allocator-granularity=16"
    "memorysetup-bucket-allocator-bucket-count=8"
    "memorysetup-bucket-allocator-block-size=33554432"
    "memorysetup-bucket-allocator-block-count=8"
    "memorysetup-main-allocator-block-size=16777216"
    "memorysetup-thread-allocator-block-size=16777216"
    "memorysetup-gfx-main-allocator-block-size=16777216"
    "memorysetup-gfx-thread-allocator-block-size=16777216"
    "memorysetup-cache-allocator-block-size=4194304"
    "memorysetup-typetree-allocator-block-size=2097152"
    "memorysetup-profiler-bucket-allocator-granularity=16"
    "memorysetup-profiler-bucket-allocator-bucket-count=8"
    "memorysetup-profiler-bucket-allocator-block-size=33554432"
    "memorysetup-profiler-bucket-allocator-block-count=8"
    "memorysetup-profiler-allocator-block-size=16777216"
    "memorysetup-profiler-editor-allocator-block-size=1048576"
    "memorysetup-temp-allocator-size-main=16777216"
    "memorysetup-job-temp-allocator-block-size=2097152"
    "memorysetup-job-temp-allocator-block-size-background=1048576"
    "memorysetup-job-temp-allocator-reduction-small-platforms=262144"
    "memorysetup-temp-allocator-size-background-worker=32768"
    "memorysetup-temp-allocator-size-job-worker=262144"
    "memorysetup-temp-allocator-size-preload-manager=33554432"
    "memorysetup-temp-allocator-size-nav-mesh-worker=65536"
    "memorysetup-temp-allocator-size-audio-worker=65536"
    "memorysetup-temp-allocator-size-cloud-worker=32768"
    "memorysetup-temp-allocator-size-gi-baking-worker=262144"
    "memorysetup-temp-allocator-size-gfx=262144"
Player connection [16676] Host "[IP] 192.168.1.102 [Port] 0 [Flags] 2 [Guid] 3233321615 [EditorId] 3233321615 [Version] 1048832 [Id] WindowsEditor(7,DESKTOP-VSA61HJ) [Debug] 1 [PackageName] WindowsEditor [ProjectName] Editor" joined multi-casting on [225.0.0.222:54997]...

Player connection [16676] Host "[IP] 192.168.1.102 [Port] 0 [Flags] 2 [Guid] 3233321615 [EditorId] 3233321615 [Version] 1048832 [Id] WindowsEditor(7,DESKTOP-VSA61HJ) [Debug] 1 [PackageName] WindowsEditor [ProjectName] Editor" joined alternative multi-casting on [225.0.0.222:34997]...

Refreshing native plugins compatible for Editor in 80.69 ms, found 3 plugins.
Preloading 0 native plugins for Editor in 0.00 ms.
Initialize engine version: 2021.3.22f1 (b6c551784ba3)
[Subsystems] Discovering subsystems at path C:/Unity/Unity/Hub/Editor/2021.3.22f1/Editor/Data/Resources/UnitySubsystems
[Subsystems] Discovering subsystems at path C:/Users/Олег/Documents/GitHub/The-most-popular-game-in-the-world/Assets
GfxDevice: creating device client; threaded=0; jobified=0
Direct3D:
    Version:  Direct3D 11.0 [level 11.1]
    Renderer: NVIDIA GeForce GTX 1650 (ID=0x1f9d)
    Vendor:   NVIDIA
    VRAM:     3962 MB
    Driver:   30.0.15.1165
Initialize mono
Mono path[0] = 'C:/Unity/Unity/Hub/Editor/2021.3.22f1/Editor/Data/Managed'
Mono path[1] = 'C:/Unity/Unity/Hub/Editor/2021.3.22f1/Editor/Data/MonoBleedingEdge/lib/mono/unityjit-win32'
Mono config path = 'C:/Unity/Unity/Hub/Editor/2021.3.22f1/Editor/Data/MonoBleedingEdge/etc'
Using monoOptions --debugger-agent=transport=dt_socket,embedding=1,server=y,suspend=n,address=127.0.0.1:56448
Begin MonoManager ReloadAssembly
Registering precompiled unity dll's ...
Register platform support module: C:/Unity/Unity/Hub/Editor/2021.3.22f1/Editor/Data/PlaybackEngines/WindowsStandaloneSupport/UnityEditor.WindowsStandalone.Extensions.dll
Registered in 0.004216 seconds.
Native extension for WindowsStandalone target not found
Refreshing native plugins compatible for Editor in 62.89 ms, found 3 plugins.
Preloading 0 native plugins for Editor in 0.00 ms.
Mono: successfully reloaded assembly
- Completed reload, in  0.486 seconds
Domain Reload Profiling:
	ReloadAssembly (487ms)
		BeginReloadAssembly (68ms)
			ExecutionOrderSort (0ms)
			DisableScriptedObjects (0ms)
			BackupInstance (0ms)
			ReleaseScriptingObjects (0ms)
			CreateAndSetChildDomain (1ms)
		EndReloadAssembly (338ms)
			LoadAssemblies (67ms)
			RebuildTransferFunctionScriptingTraits (0ms)
			SetupTypeCache (86ms)
			ReleaseScriptCaches (0ms)
			RebuildScriptCaches (22ms)
			SetupLoadedEditorAssemblies (191ms)
				LogAssemblyErrors (0ms)
				InitializePlatformSupportModulesInManaged (6ms)
				SetLoadedEditorAssemblies (0ms)
				RefreshPlugins (63ms)
				BeforeProcessingInitializeOnLoad (1ms)
				ProcessInitializeOnLoadAttributes (89ms)
				ProcessInitializeOnLoadMethodAttributes (32ms)
				AfterProcessingInitializeOnLoad (0ms)
				EditorAssembliesLoaded (0ms)
			ExecutionOrderSort2 (0ms)
			AwakeInstancesAfterBackupRestoration (0ms)
Platform modules already initialized, skipping
Registering precompiled user dll's ...
Registered in 0.003218 seconds.
Begin MonoManager ReloadAssembly
Symbol file LoadedFromMemory doesn't match image C:\Users\Олег\Documents\GitHub\The-most-popular-game-in-the-world\Library\PackageCache\com.unity.visualscripting@1.8.0\Editor\VisualScripting.Core\Dependencies\YamlDotNet\Unity.VisualScripting.YamlDotNet.dll
Symbol file LoadedFromMemory doesn't match image C:\Users\Олег\Documents\GitHub\The-most-popular-game-in-the-world\Library\PackageCache\com.unity.visualscripting@1.8.0\Editor\VisualScripting.Core\Dependencies\DotNetZip\Unity.VisualScripting.IonicZip.dll
Native extension for WindowsStandalone target not found
Refreshing native plugins compatible for Editor in 0.46 ms, found 3 plugins.
Preloading 0 native plugins for Editor in 0.00 ms.
Mono: successfully reloaded assembly
- Completed reload, in  0.736 seconds
Domain Reload Profiling:
	ReloadAssembly (736ms)
		BeginReloadAssembly (86ms)
			ExecutionOrderSort (0ms)
			DisableScriptedObjects (4ms)
			BackupInstance (0ms)
			ReleaseScriptingObjects (0ms)
			CreateAndSetChildDomain (15ms)
		EndReloadAssembly (570ms)
			LoadAssemblies (62ms)
			RebuildTransferFunctionScriptingTraits (0ms)
			SetupTypeCache (209ms)
			ReleaseScriptCaches (0ms)
			RebuildScriptCaches (37ms)
			SetupLoadedEditorAssemblies (240ms)
				LogAssemblyErrors (0ms)
				InitializePlatformSupportModulesInManaged (4ms)
				SetLoadedEditorAssemblies (0ms)
				RefreshPlugins (1ms)
				BeforeProcessingInitializeOnLoad (62ms)
				ProcessInitializeOnLoadAttributes (155ms)
				ProcessInitializeOnLoadMethodAttributes (14ms)
				AfterProcessingInitializeOnLoad (4ms)
				EditorAssembliesLoaded (0ms)
			ExecutionOrderSort2 (0ms)
			AwakeInstancesAfterBackupRestoration (5ms)
Platform modules already initialized, skipping
========================================================================
Worker process is ready to serve import requests
Launched and connected shader compiler UnityShaderCompiler.exe after 0.04 seconds
Refreshing native plugins compatible for Editor in 0.82 ms, found 3 plugins.
Preloading 0 native plugins for Editor in 0.00 ms.
Unloading 3049 Unused Serialized files (Serialized files now loaded: 0)
Unloading 24 unused Assets / (113.5 KB). Loaded Objects now: 3511.
Memory consumption went from 108.8 MB to 108.6 MB.
Total: 3.809600 ms (FindLiveObjects: 0.289700 ms CreateObjectMapping: 0.091000 ms MarkObjects: 3.279800 ms  DeleteObjects: 0.148000 ms)

AssetImportParameters requested are different than current active one (requested -> active):
  custom:video-decoder-ogg-theora: a1e56fd34408186e4bbccfd4996cb3dc -> 
  custom:container-muxer-webm: aa71ff27fc2769a1b78a27578f13a17b -> 
  custom:container-demuxer-webm: 4f35f7cbe854078d1ac9338744f61a02 -> 
  custom:video-encoder-webm-vp8: eb34c28f22e8b96e1ab97ce403110664 -> 
  custom:audio-encoder-webm-vorbis: bf7c407c2cedff20999df2af8eb42d56 -> 
  custom:framework-win-MediaFoundation: 216162199b28c13a410421893ffa2e32 -> 
  custom:container-demuxer-ogg: 62fdf1f143b41e24485cea50d1cbac27 -> 
  custom:video-decoder-webm-vp8: 9c59270c3fd7afecdb556c50c9e8de78 -> 
  custom:audio-decoder-ogg-vorbis: bf7c407c2cedff20999df2af8eb42d56 -> 
========================================================================
Received Import Request.
  Time since last request: 20199.976095 seconds.
  path: Packages/com.unity.collab-proxy/Editor/PlasticSCM/Assets/Images/d_iconconflictedoverlay@2x.png
  artifactKey: Guid(a3ced8f7044b9de4787602a9e9b20ea7) Importer(815301076,1909f56bfc062723c751e8b465ee728b)
Start importing Packages/com.unity.collab-proxy/Editor/PlasticSCM/Assets/Images/d_iconconflictedoverlay@2x.png using Guid(a3ced8f7044b9de4787602a9e9b20ea7) Importer(815301076,1909f56bfc062723c751e8b465ee728b)  -> (artifact id: 'e638b845d72ba14a6ec53b028df9c7fd') in 0.113483 seconds 
========================================================================
Received Import Request.
  Time since last request: 0.090881 seconds.
  path: Packages/com.unity.collab-proxy/Editor/PlasticSCM/Assets/Images/d_iconoutofsyncoverlay.png
  artifactKey: Guid(dc633de6e6e7415448c7568418239a9d) Importer(815301076,1909f56bfc062723c751e8b465ee728b)
Start importing Packages/com.unity.collab-proxy/Editor/PlasticSCM/Assets/Images/d_iconoutofsyncoverlay.png using Guid(dc633de6e6e7415448c7568418239a9d) Importer(815301076,1909f56bfc062723c751e8b465ee728b)  -> (artifact id: 'ef10ef558ad4ff6fa084c48788bc5f86') in 0.017008 seconds 
========================================================================
Received Import Request.
  Time since last request: 0.000019 seconds.
  path: Packages/com.unity.collab-proxy/Editor/PlasticSCM/Assets/Images/d_iconplasticview.png
  artifactKey: Guid(519d97e745e55f041b609f3666cbc037) Importer(815301076,1909f56bfc062723c751e8b465ee728b)
Start importing Packages/com.unity.collab-proxy/Editor/PlasticSCM/Assets/Images/d_iconplasticview.png using Guid(519d97e745e55f041b609f3666cbc037) Importer(815301076,1909f56bfc062723c751e8b465ee728b)  -> (artifact id: 'bc80088a4ed4c7b9f8df76cc6b1641b5') in 0.015972 seconds 
========================================================================
Received Import Request.
  Time since last request: 0.000021 seconds.
  path: Packages/com.unity.collab-proxy/Editor/PlasticSCM/Assets/Images/d_iconplasticview@2x.png
  artifactKey: Guid(3168140d6f409d0448447f18568d9482) Importer(815301076,1909f56bfc062723c751e8b465ee728b)
Start importing Packages/com.unity.collab-proxy/Editor/PlasticSCM/Assets/Images/d_iconplasticview@2x.png using Guid(3168140d6f409d0448447f18568d9482) Importer(815301076,1909f56bfc062723c751e8b465ee728b)  -> (artifact id: 'b10c1de3362f3fa980cee98bc6d274b4') in 0.017732 seconds 
========================================================================
Received Import Request.
  Time since last request: 0.000021 seconds.
  path: Packages/com.unity.collab-proxy/Editor/PlasticSCM/Assets/Images/d_iconprivateoverlay@2x.png
  artifactKey: Guid(7f854f490da24e54f9e8383e446b5d81) Importer(815301076,1909f56bfc062723c751e8b465ee728b)
Start importing Packages/com.unity.collab-proxy/Editor/PlasticSCM/Assets/Images/d_iconprivateoverlay@2x.png using Guid(7f854f490da24e54f9e8383e446b5d81) Importer(815301076,1909f56bfc062723c751e8b465ee728b)  -> (artifact id: '758345069ab247f122bf26ef4cbaf15e') in 0.017639 seconds 
========================================================================
Received Import Request.
  Time since last request: 0.000026 seconds.
  path: Packages/com.unity.collab-proxy/Editor/PlasticSCM/Assets/Images/d_secondarytabclosehover@2x.png
  artifactKey: Guid(9aa4348290784b2468144a97eb15d8d7) Importer(815301076,1909f56bfc062723c751e8b465ee728b)
Start importing Packages/com.unity.collab-proxy/Editor/PlasticSCM/Assets/Images/d_secondarytabclosehover@2x.png using Guid(9aa4348290784b2468144a97eb15d8d7) Importer(815301076,1909f56bfc062723c751e8b465ee728b)  -> (artifact id: '9bb14067651d809e6d12fd25df16839b') in 0.017843 seconds 
========================================================================
Received Import Request.
  Time since last request: 0.000020 seconds.
  path: Packages/com.unity.collab-proxy/Editor/PlasticSCM/Assets/Images/d_step1.png
  artifactKey: Guid(38236a82ff44aaa4b972248479d5f970) Importer(815301076,1909f56bfc062723c751e8b465ee728b)
Start importing Packages/com.unity.collab-proxy/Editor/PlasticSCM/Assets/Images/d_step1.png using Guid(38236a82ff44aaa4b972248479d5f970) Importer(815301076,1909f56bfc062723c751e8b465ee728b)  -> (artifact id: 'c2acca4f6e0d23d545650bd3bd9a3cce') in 0.019352 seconds 
========================================================================
Received Import Request.
  Time since last request: 0.000017 seconds.
  path: Packages/com.unity.collab-proxy/Editor/PlasticSCM/Assets/Images/d_loading.png
  artifactKey: Guid(d58e94bfb1bac774dbb8ca9c2597ef2e) Importer(815301076,1909f56bfc062723c751e8b465ee728b)
Start importing Packages/com.unity.collab-proxy/Editor/PlasticSCM/Assets/Images/d_loading.png using Guid(d58e94bfb1bac774dbb8ca9c2597ef2e) Importer(815301076,1909f56bfc062723c751e8b465ee728b)  -> (artifact id: '8d806170a56d1e979fc084320439940c') in 0.016311 seconds 
========================================================================
Received Import Request.
  Time since last request: 0.000022 seconds.
  path: Packages/com.unity.collab-proxy/Editor/PlasticSCM/Assets/Images/d_secondarytabclosehover.png
  artifactKey: Guid(6a9d211bea1bc4a429d86cbb2d0b0a3e) Importer(815301076,1909f56bfc062723c751e8b465ee728b)
Start importing Packages/com.unity.collab-proxy/Editor/PlasticSCM/Assets/Images/d_secondarytabclosehover.png using Guid(6a9d211bea1bc4a429d86cbb2d0b0a3e) Importer(815301076,1909f56bfc062723c751e8b465ee728b)  -> (artifact id: 'ec780096b4da4ec7e56c3093e3849664') in 0.016865 seconds 
========================================================================
Received Import Request.
  Time since last request: 3.166720 seconds.
  path: Packages/com.unity.timeline/Editor/StyleSheets/Images/Icons/d_TrackAvatarButtonDisabled.png
  artifactKey: Guid(91746a504b59769439bb2749c314d231) Importer(815301076,1909f56bfc062723c751e8b465ee728b)
Start importing Packages/com.unity.timeline/Editor/StyleSheets/Images/Icons/d_TrackAvatarButtonDisabled.png using Guid(91746a504b59769439bb2749c314d231) Importer(815301076,1909f56bfc062723c751e8b465ee728b)  -> (artifact id: '9d29d1468119fb549fdccd88f82d2939') in 0.018497 seconds 
========================================================================
Received Import Request.
  Time since last request: 0.000018 seconds.
  path: Packages/com.unity.textmeshpro/Editor Resources/Textures/SectionHeader_Light.psd
  artifactKey: Guid(e3b0f810fdea84e40ab4ba20f256f7e8) Importer(815301076,1909f56bfc062723c751e8b465ee728b)
Start importing Packages/com.unity.textmeshpro/Editor Resources/Textures/SectionHeader_Light.psd using Guid(e3b0f810fdea84e40ab4ba20f256f7e8) Importer(815301076,1909f56bfc062723c751e8b465ee728b)  -> (artifact id: 'd9e5a1de1d5823271e81cc3679775429') in 0.019680 seconds 
========================================================================
Received Import Request.
  Time since last request: 0.000026 seconds.
  path: Packages/com.unity.collab-proxy/Editor/PlasticSCM/Assets/Images/iconrepository.png
  artifactKey: Guid(ed64f3a17f2ede646be21ed6edc9161a) Importer(815301076,1909f56bfc062723c751e8b465ee728b)
Start importing Packages/com.unity.collab-proxy/Editor/PlasticSCM/Assets/Images/iconrepository.png using Guid(ed64f3a17f2ede646be21ed6edc9161a) Importer(815301076,1909f56bfc062723c751e8b465ee728b)  -> (artifact id: 'e8c969481f428557753a1d2e2e61883b') in 0.020411 seconds 
========================================================================
Received Import Request.
  Time since last request: 0.000020 seconds.
  path: Packages/com.unity.textmeshpro/Editor Resources/Textures/SectionHeader_Dark.psd
  artifactKey: Guid(fb5730e24283d0c489e5c7d0bee023d9) Importer(815301076,1909f56bfc062723c751e8b465ee728b)
Start importing Packages/com.unity.textmeshpro/Editor Resources/Textures/SectionHeader_Dark.psd using Guid(fb5730e24283d0c489e5c7d0bee023d9) Importer(815301076,1909f56bfc062723c751e8b465ee728b)  -> (artifact id: 'cb19c7b2d4d719dac2c31770c7598a44') in 0.026434 seconds 
========================================================================
Received Import Request.
  Time since last request: 0.000020 seconds.
  path: Packages/com.unity.timeline/Editor/StyleSheets/Images/Icons/d_TrackRecordButtonDisabled.png
  artifactKey: Guid(9c6daec86666cbb4b9e558b839a103db) Importer(815301076,1909f56bfc062723c751e8b465ee728b)
Start importing Packages/com.unity.timeline/Editor/StyleSheets/Images/Icons/d_TrackRecordButtonDisabled.png using Guid(9c6daec86666cbb4b9e558b839a103db) Importer(815301076,1909f56bfc062723c751e8b465ee728b)  -> (artifact id: 'c6e5617abc497a53b2000315682bfe28') in 0.026009 seconds 
========================================================================
Received Import Request.
  Time since last request: 0.000033 seconds.
  path: Packages/com.unity.timeline/Editor/StyleSheets/Images/Icons/d_TrackMuteButtonDisabled.png
  artifactKey: Guid(6ab002208ec290544b44bc263dc58a95) Importer(815301076,1909f56bfc062723c751e8b465ee728b)
Start importing Packages/com.unity.timeline/Editor/StyleSheets/Images/Icons/d_TrackMuteButtonDisabled.png using Guid(6ab002208ec290544b44bc263dc58a95) Importer(815301076,1909f56bfc062723c751e8b465ee728b)  -> (artifact id: '14ba47dc3455a0ae5e64356fab102262') in 0.024615 seconds 
========================================================================
Received Import Request.
  Time since last request: 0.000048 seconds.
  path: Packages/com.unity.collab-proxy/Editor/PlasticSCM/Assets/Images/iconplasticnotifyincoming.png
  artifactKey: Guid(1e6c9635b80f973488d8335a081c905f) Importer(815301076,1909f56bfc062723c751e8b465ee728b)
Start importing Packages/com.unity.collab-proxy/Editor/PlasticSCM/Assets/Images/iconplasticnotifyincoming.png using Guid(1e6c9635b80f973488d8335a081c905f) Importer(815301076,1909f56bfc062723c751e8b465ee728b)  -> (artifact id: '15e9f597abdd6a4685c07b082308584c') in 0.029748 seconds 
========================================================================
Received Import Request.
  Time since last request: 0.000022 seconds.
  path: Packages/com.unity.timeline/Editor/StyleSheets/Images/Icons/d_TrackMarkerButtonDisabled.png
  artifactKey: Guid(b3644a971cca0bd4eb357cb9aca4dde1) Importer(815301076,1909f56bfc062723c751e8b465ee728b)
Start importing Packages/com.unity.timeline/Editor/StyleSheets/Images/Icons/d_TrackMarkerButtonDisabled.png using Guid(b3644a971cca0bd4eb357cb9aca4dde1) Importer(815301076,1909f56bfc062723c751e8b465ee728b)  -> (artifact id: '6ca4f0c77541369476a82968b918798c') in 0.022206 seconds 
========================================================================
Received Import Request.
  Time since last request: 0.000018 seconds.
  path: Packages/com.unity.collab-proxy/Editor/PlasticSCM/Assets/Images/iconplasticview.png
  artifactKey: Guid(dcb2ee37925b97e438ae244996d81a55) Importer(815301076,1909f56bfc062723c751e8b465ee728b)
Start importing Packages/com.unity.collab-proxy/Editor/PlasticSCM/Assets/Images/iconplasticview.png using Guid(dcb2ee37925b97e438ae244996d81a55) Importer(815301076,1909f56bfc062723c751e8b465ee728b)  -> (artifact id: '2809f6db2ba6011e61214393079372d2') in 0.029479 seconds 
========================================================================
Received Import Request.
  Time since last request: 0.000018 seconds.
  path: Packages/com.unity.collab-proxy/Editor/PlasticSCM/Assets/Images/iconplasticview@2x.png
  artifactKey: Guid(97a4e2b6ae08b1140a5ba9e22953e029) Importer(815301076,1909f56bfc062723c751e8b465ee728b)
Start importing Packages/com.unity.collab-proxy/Editor/PlasticSCM/Assets/Images/iconplasticview@2x.png using Guid(97a4e2b6ae08b1140a5ba9e22953e029) Importer(815301076,1909f56bfc062723c751e8b465ee728b)  -> (artifact id: '24c73af14433143211d86743295025f0') in 0.016534 seconds 
========================================================================
Received Import Request.
  Time since last request: 0.000018 seconds.
  path: Packages/com.unity.timeline/Editor/StyleSheets/Images/Icons/d_TrackCurvesButtonEnabled.png
  artifactKey: Guid(fbcdeb07ee516a64daa01ce462874280) Importer(815301076,1909f56bfc062723c751e8b465ee728b)
Start importing Packages/com.unity.timeline/Editor/StyleSheets/Images/Icons/d_TrackCurvesButtonEnabled.png using Guid(fbcdeb07ee516a64daa01ce462874280) Importer(815301076,1909f56bfc062723c751e8b465ee728b)  -> (artifact id: '944a48637b1217115b7e291e011b1fab') in 0.015316 seconds 
========================================================================
Received Import Request.
  Time since last request: 0.000022 seconds.
  path: Packages/com.unity.collab-proxy/Editor/PlasticSCM/Assets/Images/iconplasticnotifyconflict@2x.png
  artifactKey: Guid(6e0a54826ffc3ee46b0aa3e1c1575a69) Importer(815301076,1909f56bfc062723c751e8b465ee728b)
Start importing Packages/com.unity.collab-proxy/Editor/PlasticSCM/Assets/Images/iconplasticnotifyconflict@2x.png using Guid(6e0a54826ffc3ee46b0aa3e1c1575a69) Importer(815301076,1909f56bfc062723c751e8b465ee728b)  -> (artifact id: 'f6497fe22c59372548b5e9aeadaf72b3') in 0.017226 seconds 
========================================================================
Received Import Request.
  Time since last request: 22.243606 seconds.
  path: Packages/com.unity.collab-proxy/Editor/PlasticSCM/Assets/Images/iconprivateoverlay@2x.png
  artifactKey: Guid(40685941c1361aa4a957b61174bce3f6) Importer(815301076,1909f56bfc062723c751e8b465ee728b)
Start importing Packages/com.unity.collab-proxy/Editor/PlasticSCM/Assets/Images/iconprivateoverlay@2x.png using Guid(40685941c1361aa4a957b61174bce3f6) Importer(815301076,1909f56bfc062723c751e8b465ee728b)  -> (artifact id: '61321023510219212785807e838e0016') in 0.018868 seconds 
========================================================================
Received Import Request.
  Time since last request: 0.000028 seconds.
  path: Packages/com.unity.timeline/Editor/StyleSheets/Images/Icons/Timeline-Marker-Warning-Overlay.png
  artifactKey: Guid(945f4ecec6df62244b9ebcc363833642) Importer(815301076,1909f56bfc062723c751e8b465ee728b)
Start importing Packages/com.unity.timeline/Editor/StyleSheets/Images/Icons/Timeline-Marker-Warning-Overlay.png using Guid(945f4ecec6df62244b9ebcc363833642) Importer(815301076,1909f56bfc062723c751e8b465ee728b)  -> (artifact id: '365a569f37daede08f7259d6d7976871') in 0.018498 seconds 
========================================================================
Received Import Request.
  Time since last request: 0.000034 seconds.
  path: Packages/com.unity.collab-proxy/Editor/PlasticSCM/Assets/Images/step3.png
  artifactKey: Guid(69899ed144c8eea4baea48b858b37746) Importer(815301076,1909f56bfc062723c751e8b465ee728b)
Start importing Packages/com.unity.collab-proxy/Editor/PlasticSCM/Assets/Images/step3.png using Guid(69899ed144c8eea4baea48b858b37746) Importer(815301076,1909f56bfc062723c751e8b465ee728b)  -> (artifact id: '2a3767ee306fa3cb62ef5c60a4eda91f') in 0.025876 seconds 
========================================================================
Received Import Request.
  Time since last request: 0.000018 seconds.
  path: Packages/com.unity.collab-proxy/Editor/PlasticSCM/Assets/Images/ok.png
  artifactKey: Guid(3238dca1e9ea9fb4aa64b28298ba6dbd) Importer(815301076,1909f56bfc062723c751e8b465ee728b)
Start importing Packages/com.unity.collab-proxy/Editor/PlasticSCM/Assets/Images/ok.png using Guid(3238dca1e9ea9fb4aa64b28298ba6dbd) Importer(815301076,1909f56bfc062723c751e8b465ee728b)  -> (artifact id: 'fec81dfbd956bf517499efe2ecaf239a') in 0.025552 seconds 
========================================================================
Received Import Request.
  Time since last request: 0.000019 seconds.
  path: Packages/com.unity.collab-proxy/Editor/PlasticSCM/Assets/Images/step2@2x.png
  artifactKey: Guid(0029170d14ce6c04c9f45c22cdae5559) Importer(815301076,1909f56bfc062723c751e8b465ee728b)
Start importing Packages/com.unity.collab-proxy/Editor/PlasticSCM/Assets/Images/step2@2x.png using Guid(0029170d14ce6c04c9f45c22cdae5559) Importer(815301076,1909f56bfc062723c751e8b465ee728b)  -> (artifact id: '2fd6e9f48c5e945c2860c22e0dfb5934') in 0.028586 seconds 
========================================================================
Received Import Request.
  Time since last request: 0.000021 seconds.
  path: Packages/com.unity.timeline/Editor/StyleSheets/Images/DarkSkin/TimelineAutokey.png
  artifactKey: Guid(92b5e4310629b264dad0fb2cc196d818) Importer(815301076,1909f56bfc062723c751e8b465ee728b)
Start importing Packages/com.unity.timeline/Editor/StyleSheets/Images/DarkSkin/TimelineAutokey.png using Guid(92b5e4310629b264dad0fb2cc196d818) Importer(815301076,1909f56bfc062723c751e8b465ee728b)  -> (artifact id: 'f6588784b1df7b7ee230652f13e6fead') in 0.022233 seconds 
========================================================================
Received Import Request.
  Time since last request: 0.000021 seconds.
  path: Packages/com.unity.collab-proxy/Editor/PlasticSCM/Assets/Images/ignoredoverlay@2x.png
  artifactKey: Guid(999d04c0ea94ccc41b3d80788160695b) Importer(815301076,1909f56bfc062723c751e8b465ee728b)
Start importing Packages/com.unity.collab-proxy/Editor/PlasticSCM/Assets/Images/ignoredoverlay@2x.png using Guid(999d04c0ea94ccc41b3d80788160695b) Importer(815301076,1909f56bfc062723c751e8b465ee728b)  -> (artifact id: '38afd1a64eaa00de688a4303f65379df') in 0.020955 seconds 
========================================================================
Received Import Request.
  Time since last request: 16.055583 seconds.
  path: Packages/com.unity.timeline/Editor/StyleSheets/Images/LightSkin/TimelineAutokey@2x.png
  artifactKey: Guid(cf3fbf98d5c3f1941bd9c0256918a4c8) Importer(815301076,1909f56bfc062723c751e8b465ee728b)
Start importing Packages/com.unity.timeline/Editor/StyleSheets/Images/LightSkin/TimelineAutokey@2x.png using Guid(cf3fbf98d5c3f1941bd9c0256918a4c8) Importer(815301076,1909f56bfc062723c751e8b465ee728b)  -> (artifact id: 'e32de25eb274b6c82c4c83aafa866e8b') in 0.016588 seconds 
========================================================================
Received Import Request.
  Time since last request: 0.000022 seconds.
  path: Packages/com.unity.timeline/Editor/StyleSheets/Images/LightSkin/TimelineAutokey_active@2x.png
  artifactKey: Guid(f6717d61970edba4686c297677881a77) Importer(815301076,1909f56bfc062723c751e8b465ee728b)
Start importing Packages/com.unity.timeline/Editor/StyleSheets/Images/LightSkin/TimelineAutokey_active@2x.png using Guid(f6717d61970edba4686c297677881a77) Importer(815301076,1909f56bfc062723c751e8b465ee728b)  -> (artifact id: 'a9747663aba165f2ac50833cfb482aa7') in 0.016059 seconds 
========================================================================
Received Import Request.
  Time since last request: 0.000017 seconds.
  path: Packages/com.unity.timeline/Editor/StyleSheets/Images/Shared/TimelineConnector.png
  artifactKey: Guid(a04f1625bf500f64e97445265dfbcc93) Importer(815301076,1909f56bfc062723c751e8b465ee728b)
Start importing Packages/com.unity.timeline/Editor/StyleSheets/Images/Shared/TimelineConnector.png using Guid(a04f1625bf500f64e97445265dfbcc93) Importer(815301076,1909f56bfc062723c751e8b465ee728b)  -> (artifact id: '895fd746102f8cabdcc139b98747bc42') in 0.017792 seconds 
========================================================================
Received Import Request.
  Time since last request: 0.000016 seconds.
  path: Packages/com.unity.timeline/Editor/StyleSheets/Images/Icons/TimelineClipFG.png
  artifactKey: Guid(33b1871a2d09cfa459a93f4e8feb5c41) Importer(815301076,1909f56bfc062723c751e8b465ee728b)
Start importing Packages/com.unity.timeline/Editor/StyleSheets/Images/Icons/TimelineClipFG.png using Guid(33b1871a2d09cfa459a93f4e8feb5c41) Importer(815301076,1909f56bfc062723c751e8b465ee728b)  -> (artifact id: 'e965e64a2746852fbc3dc372895efc79') in 0.013707 seconds 
========================================================================
Received Import Request.
  Time since last request: 172.464908 seconds.
  path: Assets/bac_gms.fbx
  artifactKey: Guid(a71257ae8740c5743994573094f36b1b) Importer(815301076,1909f56bfc062723c751e8b465ee728b)
Start importing Assets/bac_gms.fbx using Guid(a71257ae8740c5743994573094f36b1b) Importer(815301076,1909f56bfc062723c751e8b465ee728b)  -> (artifact id: '3b21a3df5fc444a9a64031216c092c9c') in 0.132706 seconds 
========================================================================
Received Import Request.
  Time since last request: 4.088236 seconds.
  path: Assets/bac_gms.fbx
  artifactKey: Guid(a71257ae8740c5743994573094f36b1b) Importer(815301076,1909f56bfc062723c751e8b465ee728b)
Start importing Assets/bac_gms.fbx using Guid(a71257ae8740c5743994573094f36b1b) Importer(815301076,1909f56bfc062723c751e8b465ee728b)  -> (artifact id: '288335fe2ff632eec6cc97a6d17926b4') in 0.112686 seconds 
========================================================================
Received Import Request.
  Time since last request: 1.277103 seconds.
  path: Assets/bac_gms.fbx
  artifactKey: Guid(a71257ae8740c5743994573094f36b1b) Importer(815301076,1909f56bfc062723c751e8b465ee728b)
Start importing Assets/bac_gms.fbx using Guid(a71257ae8740c5743994573094f36b1b) Importer(815301076,1909f56bfc062723c751e8b465ee728b)  -> (artifact id: 'a0998b9977c0abc5bbe9f10e7cbbb60d') in 0.123630 seconds 
========================================================================
Received Import Request.
  Time since last request: 111.255831 seconds.
  path: Assets/textures/bac_color.png
  artifactKey: Guid(5db19e8b20431c7468e0b518cf2213f4) Importer(815301076,1909f56bfc062723c751e8b465ee728b)
Start importing Assets/textures/bac_color.png using Guid(5db19e8b20431c7468e0b518cf2213f4) Importer(815301076,1909f56bfc062723c751e8b465ee728b)  -> (artifact id: 'f77b169a6fe6831cce62477c670416ac') in 0.015600 seconds 
========================================================================
Received Import Request.
  Time since last request: 0.000031 seconds.
  path: Assets/textures/bac_transp.png
  artifactKey: Guid(5574acd9b892c034ca0de08cf5867d6d) Importer(815301076,1909f56bfc062723c751e8b465ee728b)
Start importing Assets/textures/bac_transp.png using Guid(5574acd9b892c034ca0de08cf5867d6d) Importer(815301076,1909f56bfc062723c751e8b465ee728b)  -> (artifact id: '5c4ac01757dbdb9a469be5a182f3f343') in 0.006475 seconds 
========================================================================
Received Import Request.
  Time since last request: 0.000023 seconds.
  path: Assets/textures/bac_rough.png
  artifactKey: Guid(807c8edcd112f4443a443779f2e8499a) Importer(815301076,1909f56bfc062723c751e8b465ee728b)
Start importing Assets/textures/bac_rough.png using Guid(807c8edcd112f4443a443779f2e8499a) Importer(815301076,1909f56bfc062723c751e8b465ee728b)  -> (artifact id: '3e74addad211bd9209785832ba744080') in 0.011194 seconds 
========================================================================
Received Import Request.
  Time since last request: 44.570572 seconds.
  path: Assets/telega.fbx
  artifactKey: Guid(a71257ae8740c5743994573094f36b1b) Importer(815301076,1909f56bfc062723c751e8b465ee728b)
Start importing Assets/telega.fbx using Guid(a71257ae8740c5743994573094f36b1b) Importer(815301076,1909f56bfc062723c751e8b465ee728b)  -> (artifact id: 'c3bdd9a90026538225288bc8a091215a') in 0.087891 seconds 
========================================================================
Received Import Request.
  Time since last request: 6.453585 seconds.
  path: Assets/Telega.fbx
  artifactKey: Guid(a71257ae8740c5743994573094f36b1b) Importer(815301076,1909f56bfc062723c751e8b465ee728b)
Start importing Assets/Telega.fbx using Guid(a71257ae8740c5743994573094f36b1b) Importer(815301076,1909f56bfc062723c751e8b465ee728b)  -> (artifact id: '993907d34c7a9171406b1e14d6f909ce') in 0.062506 seconds 
========================================================================
Received Import Request.
  Time since last request: 84.454796 seconds.
  path: Assets/Vitrine-export-fbx-all.fbx
  artifactKey: Guid(97eed18c64e81e14398c42a25217f4f8) Importer(815301076,1909f56bfc062723c751e8b465ee728b)
Start importing Assets/Vitrine-export-fbx-all.fbx using Guid(97eed18c64e81e14398c42a25217f4f8) Importer(815301076,1909f56bfc062723c751e8b465ee728b)  -> (artifact id: 'b6dd9f9b9b0c7df89f1d6d690ff42132') in 0.204890 seconds 
========================================================================
Received Import Request.
  Time since last request: 30.715116 seconds.
  path: Assets/textures 1
  artifactKey: Guid(19f57af7f0361a34abbcf6302b30f420) Importer(815301076,1909f56bfc062723c751e8b465ee728b)
Start importing Assets/textures 1 using Guid(19f57af7f0361a34abbcf6302b30f420) Importer(815301076,1909f56bfc062723c751e8b465ee728b)  -> (artifact id: '496c97b8191e640730a8a9db55811bcf') in 0.008541 seconds 
========================================================================
Received Import Request.
  Time since last request: 0.053627 seconds.
  path: Assets/textures 1/blue_steal_color.jpg
  artifactKey: Guid(836f667a9cbd7964996860b2655e7a73) Importer(815301076,1909f56bfc062723c751e8b465ee728b)
Start importing Assets/textures 1/blue_steal_color.jpg using Guid(836f667a9cbd7964996860b2655e7a73) Importer(815301076,1909f56bfc062723c751e8b465ee728b)  -> (artifact id: '52c6b05f1e3ee1870fc9f7c809fc8b13') in 0.019289 seconds 
========================================================================
Received Import Request.
  Time since last request: 0.000024 seconds.
  path: Assets/textures 1/tall_color.jpg
  artifactKey: Guid(57a22ee47d5f3aa4b921e048e4d89fd1) Importer(815301076,1909f56bfc062723c751e8b465ee728b)
Start importing Assets/textures 1/tall_color.jpg using Guid(57a22ee47d5f3aa4b921e048e4d89fd1) Importer(815301076,1909f56bfc062723c751e8b465ee728b)  -> (artifact id: 'b1377fc2d5b9ab60b35cd0b2ddb71c38') in 0.011801 seconds 
========================================================================
Received Import Request.
  Time since last request: 0.000026 seconds.
  path: Assets/textures 1/porteg_norm.jpg
  artifactKey: Guid(2c66e934fae49804e8b211ddf5bbe9c4) Importer(815301076,1909f56bfc062723c751e8b465ee728b)
Start importing Assets/textures 1/porteg_norm.jpg using Guid(2c66e934fae49804e8b211ddf5bbe9c4) Importer(815301076,1909f56bfc062723c751e8b465ee728b)  -> (artifact id: '9ca84d8d0454d41d3922bd1b475c5740') in 0.011681 seconds 
========================================================================
Received Import Request.
  Time since last request: 0.000031 seconds.
  path: Assets/textures 1/glass_rev.jpg
  artifactKey: Guid(54cc21c06c42d2b45b86ed4e558355f5) Importer(815301076,1909f56bfc062723c751e8b465ee728b)
Start importing Assets/textures 1/glass_rev.jpg using Guid(54cc21c06c42d2b45b86ed4e558355f5) Importer(815301076,1909f56bfc062723c751e8b465ee728b)  -> (artifact id: '26ad0f48b9c55f41c5848a94fae90057') in 0.012803 seconds 
========================================================================
Received Import Request.
  Time since last request: 0.000028 seconds.
  path: Assets/textures 1/glass_gloss.jpg
  artifactKey: Guid(a9ae7ed47e816a84dac8139fc2aeb73f) Importer(815301076,1909f56bfc062723c751e8b465ee728b)
Start importing Assets/textures 1/glass_gloss.jpg using Guid(a9ae7ed47e816a84dac8139fc2aeb73f) Importer(815301076,1909f56bfc062723c751e8b465ee728b)  -> (artifact id: 'ab6ba43905704bf4d7709cd61999966b') in 0.012438 seconds 
========================================================================
Received Import Request.
  Time since last request: 0.000037 seconds.
  path: Assets/textures 1/tall_gloss2.jpg
  artifactKey: Guid(1db017d0a78f21f498cf3d6b8336828a) Importer(815301076,1909f56bfc062723c751e8b465ee728b)
Start importing Assets/textures 1/tall_gloss2.jpg using Guid(1db017d0a78f21f498cf3d6b8336828a) Importer(815301076,1909f56bfc062723c751e8b465ee728b)  -> (artifact id: '55a3a984d6be421c0efe0a6806d4119e') in 0.013235 seconds 
========================================================================
Received Import Request.
  Time since last request: 0.000036 seconds.
  path: Assets/textures 1/internal_ground_ao_texture.jpeg
  artifactKey: Guid(5fd0091470a06804aa345f242a313a22) Importer(815301076,1909f56bfc062723c751e8b465ee728b)
Start importing Assets/textures 1/internal_ground_ao_texture.jpeg using Guid(5fd0091470a06804aa345f242a313a22) Importer(815301076,1909f56bfc062723c751e8b465ee728b)  -> (artifact id: '7ba7f352b66886a455b0b19af33039e1') in 0.011910 seconds 
========================================================================
Received Import Request.
  Time since last request: 0.000043 seconds.
  path: Assets/textures 1/misc_norm.jpg
  artifactKey: Guid(6647d8642a8c8b849987a627912c5391) Importer(815301076,1909f56bfc062723c751e8b465ee728b)
Start importing Assets/textures 1/misc_norm.jpg using Guid(6647d8642a8c8b849987a627912c5391) Importer(815301076,1909f56bfc062723c751e8b465ee728b)  -> (artifact id: '7c652266dafdf303cc1068999db425e6') in 0.013775 seconds 
========================================================================
Received Import Request.
  Time since last request: 0.000045 seconds.
  path: Assets/textures 1/glass_norm.jpg
  artifactKey: Guid(674521c0a585cb24b8a8fac3f7f704da) Importer(815301076,1909f56bfc062723c751e8b465ee728b)
Start importing Assets/textures 1/glass_norm.jpg using Guid(674521c0a585cb24b8a8fac3f7f704da) Importer(815301076,1909f56bfc062723c751e8b465ee728b)  -> (artifact id: '752239fe240cc5a49990f88c840f1ee7') in 0.015016 seconds 
========================================================================
Received Import Request.
  Time since last request: 0.000029 seconds.
  path: Assets/textures 1/tall_oa.jpg
  artifactKey: Guid(98c0e4b3b0b2a2b49afbe3dfcfdc60c3) Importer(815301076,1909f56bfc062723c751e8b465ee728b)
Start importing Assets/textures 1/tall_oa.jpg using Guid(98c0e4b3b0b2a2b49afbe3dfcfdc60c3) Importer(815301076,1909f56bfc062723c751e8b465ee728b)  -> (artifact id: 'db753c309dcfbf698fe4893b848dfed0') in 0.013799 seconds 
========================================================================
Received Import Request.
  Time since last request: 0.000030 seconds.
  path: Assets/textures 1/blue_steal_oa.jpg
  artifactKey: Guid(325473129266c3246910063876622f9c) Importer(815301076,1909f56bfc062723c751e8b465ee728b)
Start importing Assets/textures 1/blue_steal_oa.jpg using Guid(325473129266c3246910063876622f9c) Importer(815301076,1909f56bfc062723c751e8b465ee728b)  -> (artifact id: '4efb0f9461941c68eafc8ba10af2c5ca') in 0.013095 seconds 
========================================================================
Received Import Request.
  Time since last request: 42.549583 seconds.
  path: Assets/textures/blue_steal_color.jpg
  artifactKey: Guid(ad1e0d50eece62045a8cb3cb01a7d0ad) Importer(815301076,1909f56bfc062723c751e8b465ee728b)
Start importing Assets/textures/blue_steal_color.jpg using Guid(ad1e0d50eece62045a8cb3cb01a7d0ad) Importer(815301076,1909f56bfc062723c751e8b465ee728b)  -> (artifact id: '7d06488f5c4b57b03562fd698f30131f') in 0.012128 seconds 
========================================================================
Received Import Request.
  Time since last request: 0.000024 seconds.
  path: Assets/textures/tall_gloss2.jpg
  artifactKey: Guid(540e2ab717eb3934ab830c6454f4a777) Importer(815301076,1909f56bfc062723c751e8b465ee728b)
Start importing Assets/textures/tall_gloss2.jpg using Guid(540e2ab717eb3934ab830c6454f4a777) Importer(815301076,1909f56bfc062723c751e8b465ee728b)  -> (artifact id: 'ab0ae3b3e013e99bd145658b39ff87a4') in 0.008366 seconds 
========================================================================
Received Import Request.
  Time since last request: 0.000029 seconds.
  path: Assets/textures/glass_spec.jpg
  artifactKey: Guid(136715878a9907d41ae8d2bb65482bfc) Importer(815301076,1909f56bfc062723c751e8b465ee728b)
Start importing Assets/textures/glass_spec.jpg using Guid(136715878a9907d41ae8d2bb65482bfc) Importer(815301076,1909f56bfc062723c751e8b465ee728b)  -> (artifact id: '62f9b79554f33ca0382b4d96c51b9016') in 0.007823 seconds 
========================================================================
Received Import Request.
  Time since last request: 0.000038 seconds.
  path: Assets/textures/misc_color.jpg
  artifactKey: Guid(cd7f7a8a26a97504293953445502bca9) Importer(815301076,1909f56bfc062723c751e8b465ee728b)
Start importing Assets/textures/misc_color.jpg using Guid(cd7f7a8a26a97504293953445502bca9) Importer(815301076,1909f56bfc062723c751e8b465ee728b)  -> (artifact id: 'b24422c3a1f154295e252e26a85894c9') in 0.007283 seconds 
========================================================================
Received Import Request.
  Time since last request: 0.000036 seconds.
  path: Assets/textures/blue_steal_oa.jpg
  artifactKey: Guid(7813c5b243043f544b6eb5327e4c9b9c) Importer(815301076,1909f56bfc062723c751e8b465ee728b)
Start importing Assets/textures/blue_steal_oa.jpg using Guid(7813c5b243043f544b6eb5327e4c9b9c) Importer(815301076,1909f56bfc062723c751e8b465ee728b)  -> (artifact id: '2439b7afe1eff8f5eef1a1c73b335578') in 0.006817 seconds 
========================================================================
Received Import Request.
  Time since last request: 0.000034 seconds.
  path: Assets/textures/tall_oa.jpg
  artifactKey: Guid(5f7a5b0661531784484ba2600b493fe1) Importer(815301076,1909f56bfc062723c751e8b465ee728b)
Start importing Assets/textures/tall_oa.jpg using Guid(5f7a5b0661531784484ba2600b493fe1) Importer(815301076,1909f56bfc062723c751e8b465ee728b)  -> (artifact id: 'd2c2b401d636ea93347507e41f3056ce') in 0.007369 seconds 
========================================================================
Received Import Request.
  Time since last request: 0.000047 seconds.
  path: Assets/textures/misc_gloss.jpg
  artifactKey: Guid(53cd221ed45b48746be0238e40dc94a9) Importer(815301076,1909f56bfc062723c751e8b465ee728b)
Start importing Assets/textures/misc_gloss.jpg using Guid(53cd221ed45b48746be0238e40dc94a9) Importer(815301076,1909f56bfc062723c751e8b465ee728b)  -> (artifact id: '08a982920d5a1cfd184bccb345219d75') in 0.008219 seconds 
========================================================================
Received Import Request.
  Time since last request: 0.000029 seconds.
  path: Assets/textures/glass_norm.jpg
  artifactKey: Guid(2b46c0f204e6405429c25b03c1dad9f5) Importer(815301076,1909f56bfc062723c751e8b465ee728b)
Start importing Assets/textures/glass_norm.jpg using Guid(2b46c0f204e6405429c25b03c1dad9f5) Importer(815301076,1909f56bfc062723c751e8b465ee728b)  -> (artifact id: '858e160637076e86314097a2c3fd5292') in 0.012489 seconds 
========================================================================
Received Import Request.
  Time since last request: 40.162595 seconds.
  path: Assets/Wooden_table_and_chair/FBX/Materials/Materials/table_chair_01.mat
  artifactKey: Guid(5034b15a46d4a1440965bf035322053b) Importer(815301076,1909f56bfc062723c751e8b465ee728b)
Start importing Assets/Wooden_table_and_chair/FBX/Materials/Materials/table_chair_01.mat using Guid(5034b15a46d4a1440965bf035322053b) Importer(815301076,1909f56bfc062723c751e8b465ee728b)  -> (artifact id: '446371a65dff2dde51adaacbc1383e26') in 0.018798 seconds 
========================================================================
Received Import Request.
  Time since last request: 0.000025 seconds.
  path: Assets/Materials/Дерево.mat
  artifactKey: Guid(46f93c39c7a8a1f4db83ad7375bcfd45) Importer(815301076,1909f56bfc062723c751e8b465ee728b)
Start importing Assets/Materials/Дерево.mat using Guid(46f93c39c7a8a1f4db83ad7375bcfd45) Importer(815301076,1909f56bfc062723c751e8b465ee728b)  -> (artifact id: '95b17d90c94d8b67d51d685e02e2a5d5') in 0.023825 seconds 
Editor requested this worker to shutdown with reason: Scaling down because of idle timeout
AssetImportWorker is now disconnected from the server
Process exiting
Exiting without the bug reporter. Application will terminate with return code 0