Using pre-set license
Built from '2021.3/staging' branch; Version is '2021.3.22f1 (b6c551784ba3) revision 11978065'; Using compiler version '192829333'; Build Type 'Release'
OS: 'Windows 10  (10.0.19045) 64bit CoreSingleLanguage' Language: 'ru' Physical Memory: 16085 MB
BatchMode: 1, IsHumanControllingUs: 0, StartBugReporterOnCrash: 0, Is64bit: 1, IsPro: 1

COMMAND LINE ARGUMENTS:
C:\Unity\Unity\Hub\Editor\2021.3.22f1\Editor\Unity.exe
-adb2
-batchMode
-noUpm
-name
AssetImportWorker9
-projectPath
C:/Users/Олег/Documents/GitHub/The-most-popular-game-in-the-world
-logFile
Logs/AssetImportWorker9.log
-srvPort
55051
Successfully changed project path to: C:/Users/Олег/Documents/GitHub/The-most-popular-game-in-the-world
C:/Users/Олег/Documents/GitHub/The-most-popular-game-in-the-world
[UnityMemory] Configuration Parameters - Can be set up in boot.config
    "memorysetup-bucket-allocator-granularity=16"
    "memorysetup-bucket-allocator-bucket-count=8"
    "memorysetup-bucket-allocator-block-size=33554432"
    "memorysetup-bucket-allocator-block-count=8"
    "memorysetup-main-allocator-block-size=16777216"
    "memorysetup-thread-allocator-block-size=16777216"
    "memorysetup-gfx-main-allocator-block-size=16777216"
    "memorysetup-gfx-thread-allocator-block-size=16777216"
    "memorysetup-cache-allocator-block-size=4194304"
    "memorysetup-typetree-allocator-block-size=2097152"
    "memorysetup-profiler-bucket-allocator-granularity=16"
    "memorysetup-profiler-bucket-allocator-bucket-count=8"
    "memorysetup-profiler-bucket-allocator-block-size=33554432"
    "memorysetup-profiler-bucket-allocator-block-count=8"
    "memorysetup-profiler-allocator-block-size=16777216"
    "memorysetup-profiler-editor-allocator-block-size=1048576"
    "memorysetup-temp-allocator-size-main=16777216"
    "memorysetup-job-temp-allocator-block-size=2097152"
    "memorysetup-job-temp-allocator-block-size-background=1048576"
    "memorysetup-job-temp-allocator-reduction-small-platforms=262144"
    "memorysetup-temp-allocator-size-background-worker=32768"
    "memorysetup-temp-allocator-size-job-worker=262144"
    "memorysetup-temp-allocator-size-preload-manager=33554432"
    "memorysetup-temp-allocator-size-nav-mesh-worker=65536"
    "memorysetup-temp-allocator-size-audio-worker=65536"
    "memorysetup-temp-allocator-size-cloud-worker=32768"
    "memorysetup-temp-allocator-size-gi-baking-worker=262144"
    "memorysetup-temp-allocator-size-gfx=262144"
Player connection [18096] Host "[IP] 192.168.1.102 [Port] 0 [Flags] 2 [Guid] 3892058773 [EditorId] 3892058773 [Version] 1048832 [Id] WindowsEditor(7,DESKTOP-VSA61HJ) [Debug] 1 [PackageName] WindowsEditor [ProjectName] Editor" joined multi-casting on [225.0.0.222:54997]...

Player connection [18096] Host "[IP] 192.168.1.102 [Port] 0 [Flags] 2 [Guid] 3892058773 [EditorId] 3892058773 [Version] 1048832 [Id] WindowsEditor(7,DESKTOP-VSA61HJ) [Debug] 1 [PackageName] WindowsEditor [ProjectName] Editor" joined alternative multi-casting on [225.0.0.222:34997]...

Refreshing native plugins compatible for Editor in 61.53 ms, found 3 plugins.
Preloading 0 native plugins for Editor in 0.00 ms.
Initialize engine version: 2021.3.22f1 (b6c551784ba3)
[Subsystems] Discovering subsystems at path C:/Unity/Unity/Hub/Editor/2021.3.22f1/Editor/Data/Resources/UnitySubsystems
[Subsystems] Discovering subsystems at path C:/Users/Олег/Documents/GitHub/The-most-popular-game-in-the-world/Assets
GfxDevice: creating device client; threaded=0; jobified=0
Direct3D:
    Version:  Direct3D 11.0 [level 11.1]
    Renderer: NVIDIA GeForce GTX 1650 (ID=0x1f9d)
    Vendor:   NVIDIA
    VRAM:     3962 MB
    Driver:   30.0.15.1165
Initialize mono
Mono path[0] = 'C:/Unity/Unity/Hub/Editor/2021.3.22f1/Editor/Data/Managed'
Mono path[1] = 'C:/Unity/Unity/Hub/Editor/2021.3.22f1/Editor/Data/MonoBleedingEdge/lib/mono/unityjit-win32'
Mono config path = 'C:/Unity/Unity/Hub/Editor/2021.3.22f1/Editor/Data/MonoBleedingEdge/etc'
Using monoOptions --debugger-agent=transport=dt_socket,embedding=1,server=y,suspend=n,address=127.0.0.1:56180
Begin MonoManager ReloadAssembly
Registering precompiled unity dll's ...
Register platform support module: C:/Unity/Unity/Hub/Editor/2021.3.22f1/Editor/Data/PlaybackEngines/WindowsStandaloneSupport/UnityEditor.WindowsStandalone.Extensions.dll
Registered in 0.003878 seconds.
Native extension for WindowsStandalone target not found
Refreshing native plugins compatible for Editor in 60.05 ms, found 3 plugins.
Preloading 0 native plugins for Editor in 0.00 ms.
Mono: successfully reloaded assembly
- Completed reload, in  0.450 seconds
Domain Reload Profiling:
	ReloadAssembly (451ms)
		BeginReloadAssembly (59ms)
			ExecutionOrderSort (0ms)
			DisableScriptedObjects (0ms)
			BackupInstance (0ms)
			ReleaseScriptingObjects (0ms)
			CreateAndSetChildDomain (1ms)
		EndReloadAssembly (321ms)
			LoadAssemblies (58ms)
			RebuildTransferFunctionScriptingTraits (0ms)
			SetupTypeCache (78ms)
			ReleaseScriptCaches (0ms)
			RebuildScriptCaches (20ms)
			SetupLoadedEditorAssemblies (186ms)
				LogAssemblyErrors (0ms)
				InitializePlatformSupportModulesInManaged (5ms)
				SetLoadedEditorAssemblies (0ms)
				RefreshPlugins (60ms)
				BeforeProcessingInitializeOnLoad (1ms)
				ProcessInitializeOnLoadAttributes (87ms)
				ProcessInitializeOnLoadMethodAttributes (32ms)
				AfterProcessingInitializeOnLoad (0ms)
				EditorAssembliesLoaded (0ms)
			ExecutionOrderSort2 (0ms)
			AwakeInstancesAfterBackupRestoration (0ms)
Platform modules already initialized, skipping
Registering precompiled user dll's ...
Registered in 0.003048 seconds.
Begin MonoManager ReloadAssembly
Symbol file LoadedFromMemory doesn't match image C:\Users\Олег\Documents\GitHub\The-most-popular-game-in-the-world\Library\PackageCache\com.unity.visualscripting@1.8.0\Editor\VisualScripting.Core\Dependencies\YamlDotNet\Unity.VisualScripting.YamlDotNet.dll
Symbol file LoadedFromMemory doesn't match image C:\Users\Олег\Documents\GitHub\The-most-popular-game-in-the-world\Library\PackageCache\com.unity.visualscripting@1.8.0\Editor\VisualScripting.Core\Dependencies\DotNetZip\Unity.VisualScripting.IonicZip.dll
Native extension for WindowsStandalone target not found
Refreshing native plugins compatible for Editor in 0.46 ms, found 3 plugins.
Preloading 0 native plugins for Editor in 0.00 ms.
Mono: successfully reloaded assembly
- Completed reload, in  0.721 seconds
Domain Reload Profiling:
	ReloadAssembly (722ms)
		BeginReloadAssembly (89ms)
			ExecutionOrderSort (0ms)
			DisableScriptedObjects (5ms)
			BackupInstance (0ms)
			ReleaseScriptingObjects (0ms)
			CreateAndSetChildDomain (16ms)
		EndReloadAssembly (552ms)
			LoadAssemblies (61ms)
			RebuildTransferFunctionScriptingTraits (0ms)
			SetupTypeCache (188ms)
			ReleaseScriptCaches (0ms)
			RebuildScriptCaches (37ms)
			SetupLoadedEditorAssemblies (242ms)
				LogAssemblyErrors (0ms)
				InitializePlatformSupportModulesInManaged (4ms)
				SetLoadedEditorAssemblies (0ms)
				RefreshPlugins (1ms)
				BeforeProcessingInitializeOnLoad (62ms)
				ProcessInitializeOnLoadAttributes (156ms)
				ProcessInitializeOnLoadMethodAttributes (14ms)
				AfterProcessingInitializeOnLoad (5ms)
				EditorAssembliesLoaded (0ms)
			ExecutionOrderSort2 (0ms)
			AwakeInstancesAfterBackupRestoration (5ms)
Platform modules already initialized, skipping
========================================================================
Worker process is ready to serve import requests
Launched and connected shader compiler UnityShaderCompiler.exe after 0.03 seconds
Refreshing native plugins compatible for Editor in 0.81 ms, found 3 plugins.
Preloading 0 native plugins for Editor in 0.00 ms.
Unloading 3049 Unused Serialized files (Serialized files now loaded: 0)
Unloading 24 unused Assets / (113.5 KB). Loaded Objects now: 3511.
Memory consumption went from 108.8 MB to 108.7 MB.
Total: 3.776500 ms (FindLiveObjects: 0.248700 ms CreateObjectMapping: 0.086500 ms MarkObjects: 3.316200 ms  DeleteObjects: 0.124000 ms)

AssetImportParameters requested are different than current active one (requested -> active):
  custom:video-decoder-ogg-theora: a1e56fd34408186e4bbccfd4996cb3dc -> 
  custom:container-muxer-webm: aa71ff27fc2769a1b78a27578f13a17b -> 
  custom:container-demuxer-webm: 4f35f7cbe854078d1ac9338744f61a02 -> 
  custom:video-encoder-webm-vp8: eb34c28f22e8b96e1ab97ce403110664 -> 
  custom:audio-encoder-webm-vorbis: bf7c407c2cedff20999df2af8eb42d56 -> 
  custom:framework-win-MediaFoundation: 216162199b28c13a410421893ffa2e32 -> 
  custom:container-demuxer-ogg: 62fdf1f143b41e24485cea50d1cbac27 -> 
  custom:video-decoder-webm-vp8: 9c59270c3fd7afecdb556c50c9e8de78 -> 
  custom:audio-decoder-ogg-vorbis: bf7c407c2cedff20999df2af8eb42d56 -> 
========================================================================
Received Import Request.
  Time since last request: 20698.548423 seconds.
  path: Assets/textures 1/blue_steal_gloss.jpg
  artifactKey: Guid(b2d0b01988becff4db024ef3672d88c7) Importer(815301076,1909f56bfc062723c751e8b465ee728b)
Start importing Assets/textures 1/blue_steal_gloss.jpg using Guid(b2d0b01988becff4db024ef3672d88c7) Importer(815301076,1909f56bfc062723c751e8b465ee728b)  -> (artifact id: '1d23bbbbae17b59806656860c2d79ec8') in 0.076534 seconds 
========================================================================
Received Import Request.
  Time since last request: 0.000039 seconds.
  path: Assets/textures 1/blue_steal_norm.jpg
  artifactKey: Guid(84afe3a744b42b148a633f412fc0a8f0) Importer(815301076,1909f56bfc062723c751e8b465ee728b)
Start importing Assets/textures 1/blue_steal_norm.jpg using Guid(84afe3a744b42b148a633f412fc0a8f0) Importer(815301076,1909f56bfc062723c751e8b465ee728b)  -> (artifact id: 'fb522b7dc7521a2233ef05cddd887cca') in 0.012402 seconds 
========================================================================
Received Import Request.
  Time since last request: 0.000039 seconds.
  path: Assets/textures 1/tall_norm.jpg
  artifactKey: Guid(08d0057a2df1ae442b17739c523709c9) Importer(815301076,1909f56bfc062723c751e8b465ee728b)
Start importing Assets/textures 1/tall_norm.jpg using Guid(08d0057a2df1ae442b17739c523709c9) Importer(815301076,1909f56bfc062723c751e8b465ee728b)  -> (artifact id: '1099782acd2da714e68d3e34788f9e3f') in 0.011202 seconds 
========================================================================
Received Import Request.
  Time since last request: 0.000027 seconds.
  path: Assets/textures 1/misc_reflect.jpg
  artifactKey: Guid(7e9a51b72db18d541bc9cf50781645de) Importer(815301076,1909f56bfc062723c751e8b465ee728b)
Start importing Assets/textures 1/misc_reflect.jpg using Guid(7e9a51b72db18d541bc9cf50781645de) Importer(815301076,1909f56bfc062723c751e8b465ee728b)  -> (artifact id: '7d274de5ff326c288fdaa33d67ecf92c') in 0.012228 seconds 
========================================================================
Received Import Request.
  Time since last request: 0.000031 seconds.
  path: Assets/textures 1/misc_color.jpg
  artifactKey: Guid(aa8d17d552cfe1047a17abd61bf0263b) Importer(815301076,1909f56bfc062723c751e8b465ee728b)
Start importing Assets/textures 1/misc_color.jpg using Guid(aa8d17d552cfe1047a17abd61bf0263b) Importer(815301076,1909f56bfc062723c751e8b465ee728b)  -> (artifact id: '285cd7aa3d329d73656118bce27d52ae') in 0.014672 seconds 
========================================================================
Received Import Request.
  Time since last request: 0.000030 seconds.
  path: Assets/textures 1/misc_gloss.jpg
  artifactKey: Guid(6649dced1e350af4f977604807fb981f) Importer(815301076,1909f56bfc062723c751e8b465ee728b)
Start importing Assets/textures 1/misc_gloss.jpg using Guid(6649dced1e350af4f977604807fb981f) Importer(815301076,1909f56bfc062723c751e8b465ee728b)  -> (artifact id: '0247a4450827aa84c090a45f9fa2bd6f') in 0.013780 seconds 
========================================================================
Received Import Request.
  Time since last request: 0.000031 seconds.
  path: Assets/textures 1/glass_spec.jpg
  artifactKey: Guid(b2193fc19032a5646aff1b121b2558a5) Importer(815301076,1909f56bfc062723c751e8b465ee728b)
Start importing Assets/textures 1/glass_spec.jpg using Guid(b2193fc19032a5646aff1b121b2558a5) Importer(815301076,1909f56bfc062723c751e8b465ee728b)  -> (artifact id: 'c15b9d450b24e1a6a4af94e82066687a') in 0.012272 seconds 
========================================================================
Received Import Request.
  Time since last request: 42.561339 seconds.
  path: Assets/textures/blue_steal_norm.jpg
  artifactKey: Guid(d03d6622f66595742b57a39d35210160) Importer(815301076,1909f56bfc062723c751e8b465ee728b)
Start importing Assets/textures/blue_steal_norm.jpg using Guid(d03d6622f66595742b57a39d35210160) Importer(815301076,1909f56bfc062723c751e8b465ee728b)  -> (artifact id: '3ec68543c19ea5404c8e7341976fa0a2') in 0.009660 seconds 
========================================================================
Received Import Request.
  Time since last request: 0.000028 seconds.
  path: Assets/textures/misc_norm.jpg
  artifactKey: Guid(dce800fd9d6c7144a8ae613d1ddcb1f1) Importer(815301076,1909f56bfc062723c751e8b465ee728b)
Start importing Assets/textures/misc_norm.jpg using Guid(dce800fd9d6c7144a8ae613d1ddcb1f1) Importer(815301076,1909f56bfc062723c751e8b465ee728b)  -> (artifact id: 'd62d80d18c17718220793d35a948104d') in 0.013581 seconds 
========================================================================
Received Import Request.
  Time since last request: 0.000029 seconds.
  path: Assets/textures/porteg_norm.jpg
  artifactKey: Guid(c68e0f0aa204ab34c8b26998fc670ecf) Importer(815301076,1909f56bfc062723c751e8b465ee728b)
Start importing Assets/textures/porteg_norm.jpg using Guid(c68e0f0aa204ab34c8b26998fc670ecf) Importer(815301076,1909f56bfc062723c751e8b465ee728b)  -> (artifact id: 'b165b333928de4459e9e977a98ac2370') in 0.007332 seconds 
========================================================================
Received Import Request.
  Time since last request: 0.000021 seconds.
  path: Assets/textures/glass_rev.jpg
  artifactKey: Guid(ec259137aab5561408b8ae09d71fc796) Importer(815301076,1909f56bfc062723c751e8b465ee728b)
Start importing Assets/textures/glass_rev.jpg using Guid(ec259137aab5561408b8ae09d71fc796) Importer(815301076,1909f56bfc062723c751e8b465ee728b)  -> (artifact id: '6c0d2dbcdbc10dd7e8860d726e3c12ed') in 0.008285 seconds 
========================================================================
Received Import Request.
  Time since last request: 0.000027 seconds.
  path: Assets/textures/glass_gloss.jpg
  artifactKey: Guid(333a2966885443948bada0a8cb0599bb) Importer(815301076,1909f56bfc062723c751e8b465ee728b)
Start importing Assets/textures/glass_gloss.jpg using Guid(333a2966885443948bada0a8cb0599bb) Importer(815301076,1909f56bfc062723c751e8b465ee728b)  -> (artifact id: '32198cc01785183bd2b48667e251cdfc') in 0.008546 seconds 
========================================================================
Received Import Request.
  Time since last request: 0.000027 seconds.
  path: Assets/textures/misc_reflect.jpg
  artifactKey: Guid(fbaf2309a93a9b44ea9508bfdc0c566f) Importer(815301076,1909f56bfc062723c751e8b465ee728b)
Start importing Assets/textures/misc_reflect.jpg using Guid(fbaf2309a93a9b44ea9508bfdc0c566f) Importer(815301076,1909f56bfc062723c751e8b465ee728b)  -> (artifact id: 'b2426e9a472de70ad7a538054404b1b9') in 0.007616 seconds 
========================================================================
Received Import Request.
  Time since last request: 0.000031 seconds.
  path: Assets/textures/tall_norm.jpg
  artifactKey: Guid(06f8d4ed5f646974b8fcf26abe5e422f) Importer(815301076,1909f56bfc062723c751e8b465ee728b)
Start importing Assets/textures/tall_norm.jpg using Guid(06f8d4ed5f646974b8fcf26abe5e422f) Importer(815301076,1909f56bfc062723c751e8b465ee728b)  -> (artifact id: 'b001efdd55a709a2778f426c57a21a19') in 0.012487 seconds 
========================================================================
Received Import Request.
  Time since last request: 0.000032 seconds.
  path: Assets/textures/tall_color.jpg
  artifactKey: Guid(a6e2b9d3add2c524ba61d433ed246b1c) Importer(815301076,1909f56bfc062723c751e8b465ee728b)
Start importing Assets/textures/tall_color.jpg using Guid(a6e2b9d3add2c524ba61d433ed246b1c) Importer(815301076,1909f56bfc062723c751e8b465ee728b)  -> (artifact id: 'e92e5cf23b1e46465ec3da9d493c1337') in 0.007423 seconds 
========================================================================
Received Import Request.
  Time since last request: 40.163624 seconds.
  path: Assets/Materials/Дверь.mat
  artifactKey: Guid(cf3240f5a5124f743bf08f1258433034) Importer(815301076,1909f56bfc062723c751e8b465ee728b)
Start importing Assets/Materials/Дверь.mat using Guid(cf3240f5a5124f743bf08f1258433034) Importer(815301076,1909f56bfc062723c751e8b465ee728b)  -> (artifact id: '6fa36b818e6b392f799f47bd2cbe4189') in 0.080102 seconds 
========================================================================
Received Import Request.
  Time since last request: 69.184610 seconds.
  path: Assets/Furniture_FREE/Meshes/closet_002.fbx
  artifactKey: Guid(f057f2866f4b8964799fed1871693e10) Importer(815301076,1909f56bfc062723c751e8b465ee728b)
Start importing Assets/Furniture_FREE/Meshes/closet_002.fbx using Guid(f057f2866f4b8964799fed1871693e10) Importer(815301076,1909f56bfc062723c751e8b465ee728b)  -> (artifact id: '2410daa10f53709be5ef422a030c04c7') in 0.062756 seconds 
========================================================================
Received Import Request.
  Time since last request: 0.000022 seconds.
  path: Assets/Furniture_FREE/Meshes/clothes_001.fbx
  artifactKey: Guid(e0e5aa5f70455564bad4ce315b3b3d83) Importer(815301076,1909f56bfc062723c751e8b465ee728b)
Start importing Assets/Furniture_FREE/Meshes/clothes_001.fbx using Guid(e0e5aa5f70455564bad4ce315b3b3d83) Importer(815301076,1909f56bfc062723c751e8b465ee728b)  -> (artifact id: 'd3f1e898b87a5f13a16736f825363a81') in 0.019890 seconds 
========================================================================
Received Import Request.
  Time since last request: 0.000025 seconds.
  path: Assets/Furniture_FREE/Meshes/drink_001.fbx
  artifactKey: Guid(f6c4b28893fd9e34f952e0407c497a3b) Importer(815301076,1909f56bfc062723c751e8b465ee728b)
Start importing Assets/Furniture_FREE/Meshes/drink_001.fbx using Guid(f6c4b28893fd9e34f952e0407c497a3b) Importer(815301076,1909f56bfc062723c751e8b465ee728b)  -> (artifact id: 'd83bc76adc51178d6fa9108adf6864bb') in 0.032122 seconds 
========================================================================
Received Import Request.
  Time since last request: 0.000038 seconds.
  path: Assets/Furniture_FREE/Meshes/dresser_001.fbx
  artifactKey: Guid(fc22d9e1f78546b4b96b9ba402f0464e) Importer(815301076,1909f56bfc062723c751e8b465ee728b)
Start importing Assets/Furniture_FREE/Meshes/dresser_001.fbx using Guid(fc22d9e1f78546b4b96b9ba402f0464e) Importer(815301076,1909f56bfc062723c751e8b465ee728b)  -> (artifact id: 'd52755da8be2a68564c97f2574847e3e') in 0.028209 seconds 
========================================================================
Received Import Request.
  Time since last request: 0.000023 seconds.
  path: Assets/Furniture_FREE/Meshes/dish_001.fbx
  artifactKey: Guid(c35be5ac0e6fada40bc4de937c91e58e) Importer(815301076,1909f56bfc062723c751e8b465ee728b)
Start importing Assets/Furniture_FREE/Meshes/dish_001.fbx using Guid(c35be5ac0e6fada40bc4de937c91e58e) Importer(815301076,1909f56bfc062723c751e8b465ee728b)  -> (artifact id: '2cc3d3f3b320613a46c554f956f0eed0') in 0.027492 seconds 
========================================================================
Received Import Request.
  Time since last request: 0.000035 seconds.
  path: Assets/Furniture_FREE/Meshes/door_frame_001.fbx
  artifactKey: Guid(fa80f29fe098e7349bad09b60a204cb8) Importer(815301076,1909f56bfc062723c751e8b465ee728b)
Start importing Assets/Furniture_FREE/Meshes/door_frame_001.fbx using Guid(fa80f29fe098e7349bad09b60a204cb8) Importer(815301076,1909f56bfc062723c751e8b465ee728b)  -> (artifact id: 'fb6d0c5b60ca41e72a589885f289ca02') in 0.024901 seconds 
========================================================================
Received Import Request.
  Time since last request: 0.000021 seconds.
  path: Assets/Furniture_FREE/Meshes/coffee_table_001.fbx
  artifactKey: Guid(ac89d7fea237f1645ad740a0eddafeea) Importer(815301076,1909f56bfc062723c751e8b465ee728b)
Start importing Assets/Furniture_FREE/Meshes/coffee_table_001.fbx using Guid(ac89d7fea237f1645ad740a0eddafeea) Importer(815301076,1909f56bfc062723c751e8b465ee728b)  -> (artifact id: '11aad1851c2089184da025851b9afbe6') in 0.032707 seconds 
========================================================================
Received Import Request.
  Time since last request: 0.000023 seconds.
  path: Assets/Furniture_FREE/Meshes/drink_002.fbx
  artifactKey: Guid(bd5082c0615524b4fac183d53d9768f7) Importer(815301076,1909f56bfc062723c751e8b465ee728b)
Start importing Assets/Furniture_FREE/Meshes/drink_002.fbx using Guid(bd5082c0615524b4fac183d53d9768f7) Importer(815301076,1909f56bfc062723c751e8b465ee728b)  -> (artifact id: 'a25ccab29b172d97ffcff8cb085719b4') in 0.026523 seconds 
========================================================================
Received Import Request.
  Time since last request: 0.000029 seconds.
  path: Assets/Furniture_FREE/Meshes/musical_instrument_001.fbx
  artifactKey: Guid(1d07df417cf9ab04bbc8f6071741f043) Importer(815301076,1909f56bfc062723c751e8b465ee728b)
Start importing Assets/Furniture_FREE/Meshes/musical_instrument_001.fbx using Guid(1d07df417cf9ab04bbc8f6071741f043) Importer(815301076,1909f56bfc062723c751e8b465ee728b)  -> (artifact id: '6b67848becb3ec1bba8fe4a18da1ebc2') in 0.050080 seconds 
========================================================================
Received Import Request.
  Time since last request: 0.000027 seconds.
  path: Assets/Furniture_FREE/Meshes/kitchen_table_001.fbx
  artifactKey: Guid(e4a219c91f34ce74ab295a64b6a63f61) Importer(815301076,1909f56bfc062723c751e8b465ee728b)
Start importing Assets/Furniture_FREE/Meshes/kitchen_table_001.fbx using Guid(e4a219c91f34ce74ab295a64b6a63f61) Importer(815301076,1909f56bfc062723c751e8b465ee728b)  -> (artifact id: 'db9bc71dcb347437b42c757d8ea8edce') in 0.013965 seconds 
========================================================================
Received Import Request.
  Time since last request: 0.000021 seconds.
  path: Assets/Furniture_FREE/Meshes/dumbbell_001.fbx
  artifactKey: Guid(724d1b533860f6b40869157a6b678ef3) Importer(815301076,1909f56bfc062723c751e8b465ee728b)
Start importing Assets/Furniture_FREE/Meshes/dumbbell_001.fbx using Guid(724d1b533860f6b40869157a6b678ef3) Importer(815301076,1909f56bfc062723c751e8b465ee728b)  -> (artifact id: '0466983c48f494b4fe4ab92752a57060') in 0.014529 seconds 
========================================================================
Received Import Request.
  Time since last request: 0.000020 seconds.
  path: Assets/Furniture_FREE/Meshes/lounge_chair_001.fbx
  artifactKey: Guid(c6c4229ba17e2e44a8c650fa2627f71c) Importer(815301076,1909f56bfc062723c751e8b465ee728b)
Start importing Assets/Furniture_FREE/Meshes/lounge_chair_001.fbx using Guid(c6c4229ba17e2e44a8c650fa2627f71c) Importer(815301076,1909f56bfc062723c751e8b465ee728b)  -> (artifact id: 'ba3f2f9cc2f6ba21095be5b2f633bcfd') in 0.015140 seconds 
========================================================================
Received Import Request.
  Time since last request: 0.000028 seconds.
  path: Assets/Furniture_FREE/Meshes/kitchen_chair_001.fbx
  artifactKey: Guid(ced7d5d843f03774e8c82dc8a229be4c) Importer(815301076,1909f56bfc062723c751e8b465ee728b)
Start importing Assets/Furniture_FREE/Meshes/kitchen_chair_001.fbx using Guid(ced7d5d843f03774e8c82dc8a229be4c) Importer(815301076,1909f56bfc062723c751e8b465ee728b)  -> (artifact id: 'a5225016d714a5bb17340443df30979a') in 0.016301 seconds 
Editor requested this worker to shutdown with reason: Scaling down because of idle timeout
AssetImportWorker is now disconnected from the server
Process exiting
Exiting without the bug reporter. Application will terminate with return code 0