Using pre-set license
Built from '2021.3/staging' branch; Version is '2021.3.22f1 (b6c551784ba3) revision 11978065'; Using compiler version '192829333'; Build Type 'Release'
OS: 'Windows 10  (10.0.19045) 64bit CoreSingleLanguage' Language: 'ru' Physical Memory: 16085 MB
BatchMode: 1, IsHumanControllingUs: 0, StartBugReporterOnCrash: 0, Is64bit: 1, IsPro: 1

COMMAND LINE ARGUMENTS:
C:\Unity\Unity\Hub\Editor\2021.3.22f1\Editor\Unity.exe
-adb2
-batchMode
-noUpm
-name
AssetImportWorker0
-projectPath
C:/Users/Олег/Documents/GitHub/The-most-popular-game-in-the-world
-logFile
Logs/AssetImportWorker0.log
-srvPort
55051
Successfully changed project path to: C:/Users/Олег/Documents/GitHub/The-most-popular-game-in-the-world
C:/Users/Олег/Documents/GitHub/The-most-popular-game-in-the-world
[UnityMemory] Configuration Parameters - Can be set up in boot.config
    "memorysetup-bucket-allocator-granularity=16"
    "memorysetup-bucket-allocator-bucket-count=8"
    "memorysetup-bucket-allocator-block-size=33554432"
    "memorysetup-bucket-allocator-block-count=8"
    "memorysetup-main-allocator-block-size=16777216"
    "memorysetup-thread-allocator-block-size=16777216"
    "memorysetup-gfx-main-allocator-block-size=16777216"
    "memorysetup-gfx-thread-allocator-block-size=16777216"
    "memorysetup-cache-allocator-block-size=4194304"
    "memorysetup-typetree-allocator-block-size=2097152"
    "memorysetup-profiler-bucket-allocator-granularity=16"
    "memorysetup-profiler-bucket-allocator-bucket-count=8"
    "memorysetup-profiler-bucket-allocator-block-size=33554432"
    "memorysetup-profiler-bucket-allocator-block-count=8"
    "memorysetup-profiler-allocator-block-size=16777216"
    "memorysetup-profiler-editor-allocator-block-size=1048576"
    "memorysetup-temp-allocator-size-main=16777216"
    "memorysetup-job-temp-allocator-block-size=2097152"
    "memorysetup-job-temp-allocator-block-size-background=1048576"
    "memorysetup-job-temp-allocator-reduction-small-platforms=262144"
    "memorysetup-temp-allocator-size-background-worker=32768"
    "memorysetup-temp-allocator-size-job-worker=262144"
    "memorysetup-temp-allocator-size-preload-manager=33554432"
    "memorysetup-temp-allocator-size-nav-mesh-worker=65536"
    "memorysetup-temp-allocator-size-audio-worker=65536"
    "memorysetup-temp-allocator-size-cloud-worker=32768"
    "memorysetup-temp-allocator-size-gi-baking-worker=262144"
    "memorysetup-temp-allocator-size-gfx=262144"
Player connection [1040] Host "[IP] 192.168.1.102 [Port] 0 [Flags] 2 [Guid] 2550874832 [EditorId] 2550874832 [Version] 1048832 [Id] WindowsEditor(7,DESKTOP-VSA61HJ) [Debug] 1 [PackageName] WindowsEditor [ProjectName] Editor" joined multi-casting on [225.0.0.222:54997]...

Player connection [1040] Host "[IP] 192.168.1.102 [Port] 0 [Flags] 2 [Guid] 2550874832 [EditorId] 2550874832 [Version] 1048832 [Id] WindowsEditor(7,DESKTOP-VSA61HJ) [Debug] 1 [PackageName] WindowsEditor [ProjectName] Editor" joined alternative multi-casting on [225.0.0.222:34997]...

Refreshing native plugins compatible for Editor in 68.10 ms, found 3 plugins.
Preloading 0 native plugins for Editor in 0.00 ms.
Initialize engine version: 2021.3.22f1 (b6c551784ba3)
[Subsystems] Discovering subsystems at path C:/Unity/Unity/Hub/Editor/2021.3.22f1/Editor/Data/Resources/UnitySubsystems
[Subsystems] Discovering subsystems at path C:/Users/Олег/Documents/GitHub/The-most-popular-game-in-the-world/Assets
GfxDevice: creating device client; threaded=0; jobified=0
Direct3D:
    Version:  Direct3D 11.0 [level 11.1]
    Renderer: NVIDIA GeForce GTX 1650 (ID=0x1f9d)
    Vendor:   NVIDIA
    VRAM:     3962 MB
    Driver:   30.0.15.1165
Initialize mono
Mono path[0] = 'C:/Unity/Unity/Hub/Editor/2021.3.22f1/Editor/Data/Managed'
Mono path[1] = 'C:/Unity/Unity/Hub/Editor/2021.3.22f1/Editor/Data/MonoBleedingEdge/lib/mono/unityjit-win32'
Mono config path = 'C:/Unity/Unity/Hub/Editor/2021.3.22f1/Editor/Data/MonoBleedingEdge/etc'
Using monoOptions --debugger-agent=transport=dt_socket,embedding=1,server=y,suspend=n,address=127.0.0.1:56548
Begin MonoManager ReloadAssembly
Registering precompiled unity dll's ...
Register platform support module: C:/Unity/Unity/Hub/Editor/2021.3.22f1/Editor/Data/PlaybackEngines/WindowsStandaloneSupport/UnityEditor.WindowsStandalone.Extensions.dll
Registered in 0.004349 seconds.
Native extension for WindowsStandalone target not found
Refreshing native plugins compatible for Editor in 62.85 ms, found 3 plugins.
Preloading 0 native plugins for Editor in 0.00 ms.
Mono: successfully reloaded assembly
- Completed reload, in  0.482 seconds
Domain Reload Profiling:
	ReloadAssembly (482ms)
		BeginReloadAssembly (64ms)
			ExecutionOrderSort (0ms)
			DisableScriptedObjects (0ms)
			BackupInstance (0ms)
			ReleaseScriptingObjects (0ms)
			CreateAndSetChildDomain (1ms)
		EndReloadAssembly (340ms)
			LoadAssemblies (62ms)
			RebuildTransferFunctionScriptingTraits (0ms)
			SetupTypeCache (80ms)
			ReleaseScriptCaches (0ms)
			RebuildScriptCaches (23ms)
			SetupLoadedEditorAssemblies (198ms)
				LogAssemblyErrors (0ms)
				InitializePlatformSupportModulesInManaged (6ms)
				SetLoadedEditorAssemblies (0ms)
				RefreshPlugins (63ms)
				BeforeProcessingInitializeOnLoad (1ms)
				ProcessInitializeOnLoadAttributes (94ms)
				ProcessInitializeOnLoadMethodAttributes (34ms)
				AfterProcessingInitializeOnLoad (0ms)
				EditorAssembliesLoaded (0ms)
			ExecutionOrderSort2 (0ms)
			AwakeInstancesAfterBackupRestoration (0ms)
Platform modules already initialized, skipping
Registering precompiled user dll's ...
Registered in 0.003107 seconds.
Begin MonoManager ReloadAssembly
Symbol file LoadedFromMemory doesn't match image C:\Users\Олег\Documents\GitHub\The-most-popular-game-in-the-world\Library\PackageCache\com.unity.visualscripting@1.8.0\Editor\VisualScripting.Core\Dependencies\YamlDotNet\Unity.VisualScripting.YamlDotNet.dll
Symbol file LoadedFromMemory doesn't match image C:\Users\Олег\Documents\GitHub\The-most-popular-game-in-the-world\Library\PackageCache\com.unity.visualscripting@1.8.0\Editor\VisualScripting.Core\Dependencies\DotNetZip\Unity.VisualScripting.IonicZip.dll
Native extension for WindowsStandalone target not found
Refreshing native plugins compatible for Editor in 0.46 ms, found 3 plugins.
Preloading 0 native plugins for Editor in 0.00 ms.
Mono: successfully reloaded assembly
- Completed reload, in  0.734 seconds
Domain Reload Profiling:
	ReloadAssembly (734ms)
		BeginReloadAssembly (86ms)
			ExecutionOrderSort (0ms)
			DisableScriptedObjects (4ms)
			BackupInstance (0ms)
			ReleaseScriptingObjects (0ms)
			CreateAndSetChildDomain (17ms)
		EndReloadAssembly (568ms)
			LoadAssemblies (59ms)
			RebuildTransferFunctionScriptingTraits (0ms)
			SetupTypeCache (197ms)
			ReleaseScriptCaches (0ms)
			RebuildScriptCaches (38ms)
			SetupLoadedEditorAssemblies (251ms)
				LogAssemblyErrors (0ms)
				InitializePlatformSupportModulesInManaged (4ms)
				SetLoadedEditorAssemblies (0ms)
				RefreshPlugins (1ms)
				BeforeProcessingInitializeOnLoad (67ms)
				ProcessInitializeOnLoadAttributes (160ms)
				ProcessInitializeOnLoadMethodAttributes (14ms)
				AfterProcessingInitializeOnLoad (5ms)
				EditorAssembliesLoaded (0ms)
			ExecutionOrderSort2 (0ms)
			AwakeInstancesAfterBackupRestoration (5ms)
Platform modules already initialized, skipping
========================================================================
Worker process is ready to serve import requests
Launched and connected shader compiler UnityShaderCompiler.exe after 0.03 seconds
Refreshing native plugins compatible for Editor in 0.67 ms, found 3 plugins.
Preloading 0 native plugins for Editor in 0.00 ms.
Unloading 3049 Unused Serialized files (Serialized files now loaded: 0)
Unloading 24 unused Assets / (113.4 KB). Loaded Objects now: 3509.
Memory consumption went from 107.6 MB to 107.5 MB.
Total: 3.157400 ms (FindLiveObjects: 0.320100 ms CreateObjectMapping: 0.172900 ms MarkObjects: 2.545200 ms  DeleteObjects: 0.118100 ms)

AssetImportParameters requested are different than current active one (requested -> active):
  custom:video-decoder-ogg-theora: a1e56fd34408186e4bbccfd4996cb3dc -> 
  custom:container-muxer-webm: aa71ff27fc2769a1b78a27578f13a17b -> 
  custom:container-demuxer-webm: 4f35f7cbe854078d1ac9338744f61a02 -> 
  custom:video-encoder-webm-vp8: eb34c28f22e8b96e1ab97ce403110664 -> 
  custom:audio-encoder-webm-vorbis: bf7c407c2cedff20999df2af8eb42d56 -> 
  custom:framework-win-MediaFoundation: 216162199b28c13a410421893ffa2e32 -> 
  custom:container-demuxer-ogg: 62fdf1f143b41e24485cea50d1cbac27 -> 
  custom:video-decoder-webm-vp8: 9c59270c3fd7afecdb556c50c9e8de78 -> 
  custom:audio-decoder-ogg-vorbis: bf7c407c2cedff20999df2af8eb42d56 -> 
========================================================================
Received Import Request.
  Time since last request: 13053.593972 seconds.
  path: Assets/grass.mat
  artifactKey: Guid(57940654440b1fe4da627530c2ff803b) Importer(815301076,1909f56bfc062723c751e8b465ee728b)
Start importing Assets/grass.mat using Guid(57940654440b1fe4da627530c2ff803b) Importer(815301076,1909f56bfc062723c751e8b465ee728b)  -> (artifact id: 'd0a067cc5ece73d49967dff0b90c3c54') in 0.130108 seconds 
========================================================================
Received Import Request.
  Time since last request: 504.223786 seconds.
  path: Assets/Brown.mat
  artifactKey: Guid(24bbfb0daec30aa43a40ce09da408efe) Importer(815301076,1909f56bfc062723c751e8b465ee728b)
Start importing Assets/Brown.mat using Guid(24bbfb0daec30aa43a40ce09da408efe) Importer(815301076,1909f56bfc062723c751e8b465ee728b)  -> (artifact id: 'b8bd22664d5e8a0f82047fbc9e01a4cb') in 0.014976 seconds 
========================================================================
Received Import Request.
  Time since last request: 201.578367 seconds.
  path: Assets/Дерево.jpg
  artifactKey: Guid(65fc660249a8d224d8b394cdd99283ca) Importer(815301076,1909f56bfc062723c751e8b465ee728b)
Start importing Assets/Дерево.jpg using Guid(65fc660249a8d224d8b394cdd99283ca) Importer(815301076,1909f56bfc062723c751e8b465ee728b)  -> (artifact id: '1526b90faba1898cab57beda233b3e7e') in 0.051972 seconds 
========================================================================
Received Import Request.
  Time since last request: 85.510567 seconds.
  path: Assets/Дверь.jpg
  artifactKey: Guid(90d830573eb3bed499259cccea18c39e) Importer(815301076,1909f56bfc062723c751e8b465ee728b)
Start importing Assets/Дверь.jpg using Guid(90d830573eb3bed499259cccea18c39e) Importer(815301076,1909f56bfc062723c751e8b465ee728b)  -> (artifact id: '4fb92822297612eb75cf7d519fa57537') in 0.016404 seconds 
========================================================================
Received Import Request.
  Time since last request: 545.419353 seconds.
  path: Assets/Окно.webp
  artifactKey: Guid(6b0406bca57af9e44924e6ebbb6b3d9e) Importer(815301076,1909f56bfc062723c751e8b465ee728b)
Start importing Assets/Окно.webp using Guid(6b0406bca57af9e44924e6ebbb6b3d9e) Importer(815301076,1909f56bfc062723c751e8b465ee728b)  -> (artifact id: '0df95c237a78470d46b8fc0bd7e8902c') in 0.010292 seconds 
========================================================================
Received Import Request.
  Time since last request: 36.352475 seconds.
  path: Assets/окн.avif
  artifactKey: Guid(94e51f04c8b02994b8a07058b6d77275) Importer(815301076,1909f56bfc062723c751e8b465ee728b)
Start importing Assets/окн.avif using Guid(94e51f04c8b02994b8a07058b6d77275) Importer(815301076,1909f56bfc062723c751e8b465ee728b)  -> (artifact id: 'c1a44653a2980768b1754272bafecd21') in 0.008967 seconds 
========================================================================
Received Import Request.
  Time since last request: 25.094804 seconds.
  path: Assets/Window.jpg
  artifactKey: Guid(fe8a934860b42b54fa00cbf85f45f124) Importer(815301076,1909f56bfc062723c751e8b465ee728b)
Start importing Assets/Window.jpg using Guid(fe8a934860b42b54fa00cbf85f45f124) Importer(815301076,1909f56bfc062723c751e8b465ee728b)  -> (artifact id: '559f8c5f8620c58c67ef5c52a8c5c3a3') in 0.015237 seconds 
========================================================================
Received Import Request.
  Time since last request: 880.244010 seconds.
  path: Assets/Brown.mat
  artifactKey: Guid(24bbfb0daec30aa43a40ce09da408efe) Importer(815301076,1909f56bfc062723c751e8b465ee728b)
Start importing Assets/Brown.mat using Guid(24bbfb0daec30aa43a40ce09da408efe) Importer(815301076,1909f56bfc062723c751e8b465ee728b)  -> (artifact id: '241a94acbf7705ce553722b7e3abb925') in 0.013052 seconds 
========================================================================
Received Import Request.
  Time since last request: 20.636559 seconds.
  path: Assets/Wooden_table_and_chair
  artifactKey: Guid(4ce3a2bbcea56664dbc5dab4c1a4f259) Importer(815301076,1909f56bfc062723c751e8b465ee728b)
Start importing Assets/Wooden_table_and_chair using Guid(4ce3a2bbcea56664dbc5dab4c1a4f259) Importer(815301076,1909f56bfc062723c751e8b465ee728b)  -> (artifact id: 'eab1fab59ac5af5890a7960445cf0140') in 0.006923 seconds 
========================================================================
Received Import Request.
  Time since last request: 0.725575 seconds.
  path: Assets/Wooden_table_and_chair/FBX
  artifactKey: Guid(e17e3ae1ec0a29545ba296e0f7d48014) Importer(815301076,1909f56bfc062723c751e8b465ee728b)
Start importing Assets/Wooden_table_and_chair/FBX using Guid(e17e3ae1ec0a29545ba296e0f7d48014) Importer(815301076,1909f56bfc062723c751e8b465ee728b)  -> (artifact id: '134ab017d1c2a784a2614db0fbf43583') in 0.006578 seconds 
========================================================================
Received Import Request.
  Time since last request: 0.047468 seconds.
  path: Assets/Wooden_table_and_chair/FBX/table_and_chair.FBX
  artifactKey: Guid(648250201fabe574b8591ee45cddcf4a) Importer(815301076,1909f56bfc062723c751e8b465ee728b)
Start importing Assets/Wooden_table_and_chair/FBX/table_and_chair.FBX using Guid(648250201fabe574b8591ee45cddcf4a) Importer(815301076,1909f56bfc062723c751e8b465ee728b)  -> (artifact id: 'a9bcf755ece31fba2453094687700172') in 0.155793 seconds 
========================================================================
Received Import Request.
  Time since last request: 5.647227 seconds.
  path: Assets/Wooden_table_and_chair/FBX/Materials
  artifactKey: Guid(08d0acdcb0154104c89600814fa97036) Importer(815301076,1909f56bfc062723c751e8b465ee728b)
Start importing Assets/Wooden_table_and_chair/FBX/Materials using Guid(08d0acdcb0154104c89600814fa97036) Importer(815301076,1909f56bfc062723c751e8b465ee728b)  -> (artifact id: '8503c1fd71a587ee8691371f15da234f') in 0.006655 seconds 
========================================================================
Received Import Request.
  Time since last request: 0.061334 seconds.
  path: Assets/Wooden_table_and_chair/FBX/Materials/table_chair_01.mat
  artifactKey: Guid(658d0a6601bdfc54e9bffb7089fcbe11) Importer(815301076,1909f56bfc062723c751e8b465ee728b)
Start importing Assets/Wooden_table_and_chair/FBX/Materials/table_chair_01.mat using Guid(658d0a6601bdfc54e9bffb7089fcbe11) Importer(815301076,1909f56bfc062723c751e8b465ee728b)  -> (artifact id: '360912e293af1c9e260a739c2772a199') in 0.016188 seconds 
========================================================================
Received Import Request.
  Time since last request: 0.000021 seconds.
  path: Assets/Wooden_table_and_chair/FBX/Materials/table_chair_01_norms.tga
  artifactKey: Guid(63d1a0496dfc6704fade73b805f83072) Importer(815301076,1909f56bfc062723c751e8b465ee728b)
Start importing Assets/Wooden_table_and_chair/FBX/Materials/table_chair_01_norms.tga using Guid(63d1a0496dfc6704fade73b805f83072) Importer(815301076,1909f56bfc062723c751e8b465ee728b)  -> (artifact id: 'ac527c1217a791f62ffa783cbe73c38b') in 0.019803 seconds 
========================================================================
Received Import Request.
  Time since last request: 12.317981 seconds.
  path: Assets/PlayerControls
  artifactKey: Guid(6c9bf79cbdbced9478a027b0b043121d) Importer(815301076,1909f56bfc062723c751e8b465ee728b)
Start importing Assets/PlayerControls using Guid(6c9bf79cbdbced9478a027b0b043121d) Importer(815301076,1909f56bfc062723c751e8b465ee728b)  -> (artifact id: 'b2ed41060843736a0a114ad9a06337ad') in 0.006653 seconds 
========================================================================
Received Import Request.
  Time since last request: 586.726480 seconds.
  path: Assets/Furniture_FREE
  artifactKey: Guid(4a3046b7cd7395d4dae68ca554186a2e) Importer(815301076,1909f56bfc062723c751e8b465ee728b)
Start importing Assets/Furniture_FREE using Guid(4a3046b7cd7395d4dae68ca554186a2e) Importer(815301076,1909f56bfc062723c751e8b465ee728b)  -> (artifact id: '1ad20bb492b53da8d75a3c65514a2539') in 0.010278 seconds 
========================================================================
Received Import Request.
  Time since last request: 5.176961 seconds.
  path: Assets/Furniture_FREE/Materials
  artifactKey: Guid(8150b3421c3c2804e9ce09c5c77ff631) Importer(815301076,1909f56bfc062723c751e8b465ee728b)
Start importing Assets/Furniture_FREE/Materials using Guid(8150b3421c3c2804e9ce09c5c77ff631) Importer(815301076,1909f56bfc062723c751e8b465ee728b)  -> (artifact id: 'b92cfa844e34d6bc3d9858059fba279d') in 0.002144 seconds 
========================================================================
Received Import Request.
  Time since last request: 0.049646 seconds.
  path: Assets/Furniture_FREE/Materials/Material.mat
  artifactKey: Guid(a88ec864e1a9c704f901b331887e870c) Importer(815301076,1909f56bfc062723c751e8b465ee728b)
Start importing Assets/Furniture_FREE/Materials/Material.mat using Guid(a88ec864e1a9c704f901b331887e870c) Importer(815301076,1909f56bfc062723c751e8b465ee728b)  -> (artifact id: '20b920ae86425ece01c54167bf7c4792') in 0.013392 seconds 
========================================================================
Received Import Request.
  Time since last request: 4.343532 seconds.
  path: Assets/Furniture_FREE/Prefabs
  artifactKey: Guid(fc573549ba0374d4b965ffdece19e96d) Importer(815301076,1909f56bfc062723c751e8b465ee728b)
Start importing Assets/Furniture_FREE/Prefabs using Guid(fc573549ba0374d4b965ffdece19e96d) Importer(815301076,1909f56bfc062723c751e8b465ee728b)  -> (artifact id: 'e7639f73e1135acb179af9ae73392488') in 0.006966 seconds 
========================================================================
Received Import Request.
  Time since last request: 0.052092 seconds.
  path: Assets/Furniture_FREE/Prefabs/air_hockey_001.prefab
  artifactKey: Guid(d5076481aac507e4a8a37c3b0eea7727) Importer(815301076,1909f56bfc062723c751e8b465ee728b)
Start importing Assets/Furniture_FREE/Prefabs/air_hockey_001.prefab using Guid(d5076481aac507e4a8a37c3b0eea7727) Importer(815301076,1909f56bfc062723c751e8b465ee728b)  -> (artifact id: '4566fea83f24472e51f0843eca31de91') in 0.018528 seconds 
========================================================================
Received Import Request.
  Time since last request: 0.000024 seconds.
  path: Assets/Furniture_FREE/Prefabs/box_001.prefab
  artifactKey: Guid(23e60ffe52c59f64ab40ec6e6ce36781) Importer(815301076,1909f56bfc062723c751e8b465ee728b)
Start importing Assets/Furniture_FREE/Prefabs/box_001.prefab using Guid(23e60ffe52c59f64ab40ec6e6ce36781) Importer(815301076,1909f56bfc062723c751e8b465ee728b)  -> (artifact id: '214f8045d81f936745e15b0c63f81a8f') in 0.022647 seconds 
========================================================================
Received Import Request.
  Time since last request: 0.000046 seconds.
  path: Assets/Furniture_FREE/Prefabs/kitchen_chair_001.prefab
  artifactKey: Guid(528a0e588f6fa5447928329240509219) Importer(815301076,1909f56bfc062723c751e8b465ee728b)
Start importing Assets/Furniture_FREE/Prefabs/kitchen_chair_001.prefab using Guid(528a0e588f6fa5447928329240509219) Importer(815301076,1909f56bfc062723c751e8b465ee728b)  -> (artifact id: '72c12a25b37c26075ddaa36283eebbb7') in 0.013175 seconds 
========================================================================
Received Import Request.
  Time since last request: 0.000033 seconds.
  path: Assets/Furniture_FREE/Prefabs/microwave_oven_001.prefab
  artifactKey: Guid(9212441ed0520ab47817284a41f94845) Importer(815301076,1909f56bfc062723c751e8b465ee728b)
Start importing Assets/Furniture_FREE/Prefabs/microwave_oven_001.prefab using Guid(9212441ed0520ab47817284a41f94845) Importer(815301076,1909f56bfc062723c751e8b465ee728b)  -> (artifact id: 'eda05334c3be6e260d679abade081f68') in 0.015262 seconds 
========================================================================
Received Import Request.
  Time since last request: 0.000025 seconds.
  path: Assets/Furniture_FREE/Prefabs/lamp_002.prefab
  artifactKey: Guid(d586cdda16abbf74e84b1e76b588d8bf) Importer(815301076,1909f56bfc062723c751e8b465ee728b)
Start importing Assets/Furniture_FREE/Prefabs/lamp_002.prefab using Guid(d586cdda16abbf74e84b1e76b588d8bf) Importer(815301076,1909f56bfc062723c751e8b465ee728b)  -> (artifact id: 'e8c0278ff3b4a0ae5db12fd74252b4ef') in 0.017210 seconds 
========================================================================
Received Import Request.
  Time since last request: 0.000023 seconds.
  path: Assets/Furniture_FREE/Prefabs/clothes_002.prefab
  artifactKey: Guid(c935566373de4944689c3ab2d7f16480) Importer(815301076,1909f56bfc062723c751e8b465ee728b)
Start importing Assets/Furniture_FREE/Prefabs/clothes_002.prefab using Guid(c935566373de4944689c3ab2d7f16480) Importer(815301076,1909f56bfc062723c751e8b465ee728b)  -> (artifact id: 'bc54aa2af4161fb0878b95f6948d08d7') in 0.015864 seconds 
========================================================================
Received Import Request.
  Time since last request: 0.000025 seconds.
  path: Assets/Furniture_FREE/Prefabs/dish_002.prefab
  artifactKey: Guid(4dd304aacd53d3c4589956b0fca9a8df) Importer(815301076,1909f56bfc062723c751e8b465ee728b)
Start importing Assets/Furniture_FREE/Prefabs/dish_002.prefab using Guid(4dd304aacd53d3c4589956b0fca9a8df) Importer(815301076,1909f56bfc062723c751e8b465ee728b)  -> (artifact id: 'd47ea4cac4214027e8c83468ed833d4a') in 0.015296 seconds 
========================================================================
Received Import Request.
  Time since last request: 0.000028 seconds.
  path: Assets/Furniture_FREE/Prefabs/scratching_post_001.prefab
  artifactKey: Guid(d74f3a8534dcedd46838d03042f5cf27) Importer(815301076,1909f56bfc062723c751e8b465ee728b)
Start importing Assets/Furniture_FREE/Prefabs/scratching_post_001.prefab using Guid(d74f3a8534dcedd46838d03042f5cf27) Importer(815301076,1909f56bfc062723c751e8b465ee728b)  -> (artifact id: 'dd7281da1770a3fd94c3c2cf4b7dc389') in 0.028597 seconds 
========================================================================
Received Import Request.
  Time since last request: 0.000031 seconds.
  path: Assets/Furniture_FREE/Prefabs/toy_001.prefab
  artifactKey: Guid(eeaad410de59e8c408e89f8f1260dece) Importer(815301076,1909f56bfc062723c751e8b465ee728b)
Start importing Assets/Furniture_FREE/Prefabs/toy_001.prefab using Guid(eeaad410de59e8c408e89f8f1260dece) Importer(815301076,1909f56bfc062723c751e8b465ee728b)  -> (artifact id: '17be86a2fa222f35c9441e038000bb7f') in 0.017817 seconds 
========================================================================
Received Import Request.
  Time since last request: 0.000025 seconds.
  path: Assets/Furniture_FREE/Prefabs/lamp_001.prefab
  artifactKey: Guid(a47bc71942f460a47ab5fdebb4abd678) Importer(815301076,1909f56bfc062723c751e8b465ee728b)
Start importing Assets/Furniture_FREE/Prefabs/lamp_001.prefab using Guid(a47bc71942f460a47ab5fdebb4abd678) Importer(815301076,1909f56bfc062723c751e8b465ee728b)  -> (artifact id: '3b024fd1cf1514d8d7a3a9b8f7bc5435') in 0.018041 seconds 
========================================================================
Received Import Request.
  Time since last request: 0.000021 seconds.
  path: Assets/Furniture_FREE/Prefabs/training_item_001.prefab
  artifactKey: Guid(ab145dca38e163c4f83421188439db38) Importer(815301076,1909f56bfc062723c751e8b465ee728b)
Start importing Assets/Furniture_FREE/Prefabs/training_item_001.prefab using Guid(ab145dca38e163c4f83421188439db38) Importer(815301076,1909f56bfc062723c751e8b465ee728b)  -> (artifact id: '655379a36fc8a0fbfb7b19d7ac57bf96') in 0.012175 seconds 
========================================================================
Received Import Request.
  Time since last request: 0.000027 seconds.
  path: Assets/Furniture_FREE/Prefabs/camera_001.prefab
  artifactKey: Guid(74ecb4ff10fc70546aa59fc2118a8502) Importer(815301076,1909f56bfc062723c751e8b465ee728b)
Start importing Assets/Furniture_FREE/Prefabs/camera_001.prefab using Guid(74ecb4ff10fc70546aa59fc2118a8502) Importer(815301076,1909f56bfc062723c751e8b465ee728b)  -> (artifact id: 'd7a83552b8bad66accfbef21ebe1b0cf') in 0.013268 seconds 
========================================================================
Received Import Request.
  Time since last request: 0.000026 seconds.
  path: Assets/Furniture_FREE/Prefabs/dish_001.prefab
  artifactKey: Guid(04d7a2c18c48996478ccd0fa2f0627f0) Importer(815301076,1909f56bfc062723c751e8b465ee728b)
Start importing Assets/Furniture_FREE/Prefabs/dish_001.prefab using Guid(04d7a2c18c48996478ccd0fa2f0627f0) Importer(815301076,1909f56bfc062723c751e8b465ee728b)  -> (artifact id: 'bb08786356b1a93f6ccb016f2889b34b') in 0.011794 seconds 
========================================================================
Received Import Request.
  Time since last request: 0.000018 seconds.
  path: Assets/Furniture_FREE/Prefabs/sofa_001.prefab
  artifactKey: Guid(c12cbdd8c7f58cc4e82747b66b152ca9) Importer(815301076,1909f56bfc062723c751e8b465ee728b)
Start importing Assets/Furniture_FREE/Prefabs/sofa_001.prefab using Guid(c12cbdd8c7f58cc4e82747b66b152ca9) Importer(815301076,1909f56bfc062723c751e8b465ee728b)  -> (artifact id: 'cc19caefe9ccb5cb394fd2dc5ea5e783') in 0.013622 seconds 
========================================================================
Received Import Request.
  Time since last request: 0.000019 seconds.
  path: Assets/Furniture_FREE/Prefabs/training_item_002.prefab
  artifactKey: Guid(25301affd8ec4504c9565ad48413f7f0) Importer(815301076,1909f56bfc062723c751e8b465ee728b)
Start importing Assets/Furniture_FREE/Prefabs/training_item_002.prefab using Guid(25301affd8ec4504c9565ad48413f7f0) Importer(815301076,1909f56bfc062723c751e8b465ee728b)  -> (artifact id: 'd76be4a61c7a54195643875582701b80') in 0.012973 seconds 
========================================================================
Received Import Request.
  Time since last request: 0.000027 seconds.
  path: Assets/Furniture_FREE/Prefabs/washing_machine_001.prefab
  artifactKey: Guid(2343b3a108edf9a49b06659f0928a030) Importer(815301076,1909f56bfc062723c751e8b465ee728b)
Start importing Assets/Furniture_FREE/Prefabs/washing_machine_001.prefab using Guid(2343b3a108edf9a49b06659f0928a030) Importer(815301076,1909f56bfc062723c751e8b465ee728b)  -> (artifact id: 'ec6931d6c312c57a79083ebc805fc7c2') in 0.012853 seconds 
========================================================================
Received Import Request.
  Time since last request: 0.000022 seconds.
  path: Assets/Furniture_FREE/Prefabs/ketchup_001.prefab
  artifactKey: Guid(5895ab0d93729844eb987d6034e2908c) Importer(815301076,1909f56bfc062723c751e8b465ee728b)
Start importing Assets/Furniture_FREE/Prefabs/ketchup_001.prefab using Guid(5895ab0d93729844eb987d6034e2908c) Importer(815301076,1909f56bfc062723c751e8b465ee728b)  -> (artifact id: '0bcba2e672b6d5127641b2c027b87ec3') in 0.013275 seconds 
========================================================================
Received Import Request.
  Time since last request: 0.000025 seconds.
  path: Assets/Furniture_FREE/Prefabs/dresser_001.prefab
  artifactKey: Guid(2ba5ac2de7ff0764e8874d18fcb4484c) Importer(815301076,1909f56bfc062723c751e8b465ee728b)
Start importing Assets/Furniture_FREE/Prefabs/dresser_001.prefab using Guid(2ba5ac2de7ff0764e8874d18fcb4484c) Importer(815301076,1909f56bfc062723c751e8b465ee728b)  -> (artifact id: '090d7b829ff08b47434e1e353bddbde6') in 0.013166 seconds 
========================================================================
Received Import Request.
  Time since last request: 0.000024 seconds.
  path: Assets/Furniture_FREE/Prefabs/door_001.prefab
  artifactKey: Guid(29da025a34eaa5d4eabe6fac544b245d) Importer(815301076,1909f56bfc062723c751e8b465ee728b)
Start importing Assets/Furniture_FREE/Prefabs/door_001.prefab using Guid(29da025a34eaa5d4eabe6fac544b245d) Importer(815301076,1909f56bfc062723c751e8b465ee728b)  -> (artifact id: '34bc9db9f1d9e4b8e031e5e3b35e59c5') in 0.012667 seconds 
========================================================================
Received Import Request.
  Time since last request: 0.000026 seconds.
  path: Assets/Furniture_FREE/Prefabs/closet_001.prefab
  artifactKey: Guid(f55d7df03694fd244a9b29dcc29c2175) Importer(815301076,1909f56bfc062723c751e8b465ee728b)
Start importing Assets/Furniture_FREE/Prefabs/closet_001.prefab using Guid(f55d7df03694fd244a9b29dcc29c2175) Importer(815301076,1909f56bfc062723c751e8b465ee728b)  -> (artifact id: 'f1c0709eecdce90da9cdf2168dffebef') in 0.012112 seconds 
========================================================================
Received Import Request.
  Time since last request: 0.000029 seconds.
  path: Assets/Furniture_FREE/Prefabs/musical_instrument_001.prefab
  artifactKey: Guid(ff8bf27806498b14db60a3c20a21eec2) Importer(815301076,1909f56bfc062723c751e8b465ee728b)
Start importing Assets/Furniture_FREE/Prefabs/musical_instrument_001.prefab using Guid(ff8bf27806498b14db60a3c20a21eec2) Importer(815301076,1909f56bfc062723c751e8b465ee728b)  -> (artifact id: '45ecbd833fe7b858879b9c47354a4cda') in 0.013143 seconds 
========================================================================
Received Import Request.
  Time since last request: 0.000040 seconds.
  path: Assets/Furniture_FREE/Prefabs/dumbbell_002.prefab
  artifactKey: Guid(1279e726d2b09334ca77abe228aa5a47) Importer(815301076,1909f56bfc062723c751e8b465ee728b)
Start importing Assets/Furniture_FREE/Prefabs/dumbbell_002.prefab using Guid(1279e726d2b09334ca77abe228aa5a47) Importer(815301076,1909f56bfc062723c751e8b465ee728b)  -> (artifact id: '91d09c4ca7c58fc467610711bcb8cf97') in 0.011850 seconds 
========================================================================
Received Prepare
Registering precompiled user dll's ...
Registered in 0.003108 seconds.
Begin MonoManager ReloadAssembly
Symbol file LoadedFromMemory doesn't match image C:\Users\Олег\Documents\GitHub\The-most-popular-game-in-the-world\Library\PackageCache\com.unity.visualscripting@1.8.0\Editor\VisualScripting.Core\Dependencies\YamlDotNet\Unity.VisualScripting.YamlDotNet.dll
Symbol file LoadedFromMemory doesn't match image C:\Users\Олег\Documents\GitHub\The-most-popular-game-in-the-world\Library\PackageCache\com.unity.visualscripting@1.8.0\Editor\VisualScripting.Core\Dependencies\DotNetZip\Unity.VisualScripting.IonicZip.dll
Native extension for WindowsStandalone target not found
Refreshing native plugins compatible for Editor in 0.65 ms, found 3 plugins.
Preloading 0 native plugins for Editor in 0.00 ms.
Mono: successfully reloaded assembly
- Completed reload, in  0.915 seconds
Domain Reload Profiling:
	ReloadAssembly (915ms)
		BeginReloadAssembly (121ms)
			ExecutionOrderSort (0ms)
			DisableScriptedObjects (3ms)
			BackupInstance (0ms)
			ReleaseScriptingObjects (0ms)
			CreateAndSetChildDomain (35ms)
		EndReloadAssembly (708ms)
			LoadAssemblies (72ms)
			RebuildTransferFunctionScriptingTraits (0ms)
			SetupTypeCache (263ms)
			ReleaseScriptCaches (2ms)
			RebuildScriptCaches (41ms)
			SetupLoadedEditorAssemblies (285ms)
				LogAssemblyErrors (0ms)
				InitializePlatformSupportModulesInManaged (5ms)
				SetLoadedEditorAssemblies (0ms)
				RefreshPlugins (1ms)
				BeforeProcessingInitializeOnLoad (61ms)
				ProcessInitializeOnLoadAttributes (192ms)
				ProcessInitializeOnLoadMethodAttributes (19ms)
				AfterProcessingInitializeOnLoad (6ms)
				EditorAssembliesLoaded (0ms)
			ExecutionOrderSort2 (0ms)
			AwakeInstancesAfterBackupRestoration (6ms)
Platform modules already initialized, skipping
Refreshing native plugins compatible for Editor in 3.37 ms, found 3 plugins.
Preloading 0 native plugins for Editor in 0.00 ms.
Unloading 3044 Unused Serialized files (Serialized files now loaded: 0)
Unloading 18 unused Assets / (80.8 KB). Loaded Objects now: 3564.
Memory consumption went from 113.4 MB to 113.4 MB.
Total: 7.171500 ms (FindLiveObjects: 0.362900 ms CreateObjectMapping: 0.257300 ms MarkObjects: 6.407300 ms  DeleteObjects: 0.141900 ms)

AssetImportParameters requested are different than current active one (requested -> active):
  custom:video-decoder-ogg-theora: a1e56fd34408186e4bbccfd4996cb3dc -> 
  custom:container-muxer-webm: aa71ff27fc2769a1b78a27578f13a17b -> 
  custom:container-demuxer-webm: 4f35f7cbe854078d1ac9338744f61a02 -> 
  custom:video-encoder-webm-vp8: eb34c28f22e8b96e1ab97ce403110664 -> 
  custom:audio-encoder-webm-vorbis: bf7c407c2cedff20999df2af8eb42d56 -> 
  custom:framework-win-MediaFoundation: 216162199b28c13a410421893ffa2e32 -> 
  custom:container-demuxer-ogg: 62fdf1f143b41e24485cea50d1cbac27 -> 
  custom:video-decoder-webm-vp8: 9c59270c3fd7afecdb556c50c9e8de78 -> 
  custom:audio-decoder-ogg-vorbis: bf7c407c2cedff20999df2af8eb42d56 -> 
========================================================================
Received Prepare
Registering precompiled user dll's ...
Registered in 0.004000 seconds.
Begin MonoManager ReloadAssembly
Symbol file LoadedFromMemory doesn't match image C:\Users\Олег\Documents\GitHub\The-most-popular-game-in-the-world\Library\PackageCache\com.unity.visualscripting@1.8.0\Editor\VisualScripting.Core\Dependencies\YamlDotNet\Unity.VisualScripting.YamlDotNet.dll
Symbol file LoadedFromMemory doesn't match image C:\Users\Олег\Documents\GitHub\The-most-popular-game-in-the-world\Library\PackageCache\com.unity.visualscripting@1.8.0\Editor\VisualScripting.Core\Dependencies\DotNetZip\Unity.VisualScripting.IonicZip.dll
Native extension for WindowsStandalone target not found
Refreshing native plugins compatible for Editor in 0.63 ms, found 3 plugins.
Preloading 0 native plugins for Editor in 0.00 ms.
Mono: successfully reloaded assembly
- Completed reload, in  0.915 seconds
Domain Reload Profiling:
	ReloadAssembly (915ms)
		BeginReloadAssembly (114ms)
			ExecutionOrderSort (0ms)
			DisableScriptedObjects (4ms)
			BackupInstance (0ms)
			ReleaseScriptingObjects (0ms)
			CreateAndSetChildDomain (29ms)
		EndReloadAssembly (714ms)
			LoadAssemblies (72ms)
			RebuildTransferFunctionScriptingTraits (0ms)
			SetupTypeCache (246ms)
			ReleaseScriptCaches (2ms)
			RebuildScriptCaches (41ms)
			SetupLoadedEditorAssemblies (310ms)
				LogAssemblyErrors (0ms)
				InitializePlatformSupportModulesInManaged (6ms)
				SetLoadedEditorAssemblies (0ms)
				RefreshPlugins (1ms)
				BeforeProcessingInitializeOnLoad (59ms)
				ProcessInitializeOnLoadAttributes (220ms)
				ProcessInitializeOnLoadMethodAttributes (18ms)
				AfterProcessingInitializeOnLoad (5ms)
				EditorAssembliesLoaded (0ms)
			ExecutionOrderSort2 (0ms)
			AwakeInstancesAfterBackupRestoration (6ms)
Platform modules already initialized, skipping
Refreshing native plugins compatible for Editor in 2.92 ms, found 3 plugins.
Preloading 0 native plugins for Editor in 0.00 ms.
Unloading 3044 Unused Serialized files (Serialized files now loaded: 0)
Unloading 17 unused Assets / (80.2 KB). Loaded Objects now: 3567.
Memory consumption went from 113.5 MB to 113.4 MB.
Total: 3.674900 ms (FindLiveObjects: 0.268700 ms CreateObjectMapping: 0.136500 ms MarkObjects: 3.137300 ms  DeleteObjects: 0.130900 ms)

AssetImportParameters requested are different than current active one (requested -> active):
  custom:video-decoder-ogg-theora: a1e56fd34408186e4bbccfd4996cb3dc -> 
  custom:container-muxer-webm: aa71ff27fc2769a1b78a27578f13a17b -> 
  custom:container-demuxer-webm: 4f35f7cbe854078d1ac9338744f61a02 -> 
  custom:video-encoder-webm-vp8: eb34c28f22e8b96e1ab97ce403110664 -> 
  custom:audio-encoder-webm-vorbis: bf7c407c2cedff20999df2af8eb42d56 -> 
  custom:framework-win-MediaFoundation: 216162199b28c13a410421893ffa2e32 -> 
  custom:container-demuxer-ogg: 62fdf1f143b41e24485cea50d1cbac27 -> 
  custom:video-decoder-webm-vp8: 9c59270c3fd7afecdb556c50c9e8de78 -> 
  custom:audio-decoder-ogg-vorbis: bf7c407c2cedff20999df2af8eb42d56 -> 
========================================================================
Received Prepare
Registering precompiled user dll's ...
Registered in 0.002907 seconds.
Begin MonoManager ReloadAssembly
Symbol file LoadedFromMemory doesn't match image C:\Users\Олег\Documents\GitHub\The-most-popular-game-in-the-world\Library\PackageCache\com.unity.visualscripting@1.8.0\Editor\VisualScripting.Core\Dependencies\YamlDotNet\Unity.VisualScripting.YamlDotNet.dll
Symbol file LoadedFromMemory doesn't match image C:\Users\Олег\Documents\GitHub\The-most-popular-game-in-the-world\Library\PackageCache\com.unity.visualscripting@1.8.0\Editor\VisualScripting.Core\Dependencies\DotNetZip\Unity.VisualScripting.IonicZip.dll
Native extension for WindowsStandalone target not found
Refreshing native plugins compatible for Editor in 0.57 ms, found 3 plugins.
Preloading 0 native plugins for Editor in 0.00 ms.
Mono: successfully reloaded assembly
- Completed reload, in  0.893 seconds
Domain Reload Profiling:
	ReloadAssembly (894ms)
		BeginReloadAssembly (112ms)
			ExecutionOrderSort (0ms)
			DisableScriptedObjects (4ms)
			BackupInstance (0ms)
			ReleaseScriptingObjects (0ms)
			CreateAndSetChildDomain (27ms)
		EndReloadAssembly (692ms)
			LoadAssemblies (74ms)
			RebuildTransferFunctionScriptingTraits (0ms)
			SetupTypeCache (260ms)
			ReleaseScriptCaches (2ms)
			RebuildScriptCaches (40ms)
			SetupLoadedEditorAssemblies (277ms)
				LogAssemblyErrors (0ms)
				InitializePlatformSupportModulesInManaged (5ms)
				SetLoadedEditorAssemblies (0ms)
				RefreshPlugins (1ms)
				BeforeProcessingInitializeOnLoad (62ms)
				ProcessInitializeOnLoadAttributes (183ms)
				ProcessInitializeOnLoadMethodAttributes (19ms)
				AfterProcessingInitializeOnLoad (6ms)
				EditorAssembliesLoaded (0ms)
			ExecutionOrderSort2 (0ms)
			AwakeInstancesAfterBackupRestoration (6ms)
Platform modules already initialized, skipping
Refreshing native plugins compatible for Editor in 3.02 ms, found 3 plugins.
Preloading 0 native plugins for Editor in 0.00 ms.
Unloading 3044 Unused Serialized files (Serialized files now loaded: 0)
Unloading 17 unused Assets / (80.2 KB). Loaded Objects now: 3570.
Memory consumption went from 113.5 MB to 113.4 MB.
Total: 4.389000 ms (FindLiveObjects: 0.442300 ms CreateObjectMapping: 0.187500 ms MarkObjects: 3.575400 ms  DeleteObjects: 0.182100 ms)

AssetImportParameters requested are different than current active one (requested -> active):
  custom:video-decoder-ogg-theora: a1e56fd34408186e4bbccfd4996cb3dc -> 
  custom:container-muxer-webm: aa71ff27fc2769a1b78a27578f13a17b -> 
  custom:container-demuxer-webm: 4f35f7cbe854078d1ac9338744f61a02 -> 
  custom:video-encoder-webm-vp8: eb34c28f22e8b96e1ab97ce403110664 -> 
  custom:audio-encoder-webm-vorbis: bf7c407c2cedff20999df2af8eb42d56 -> 
  custom:framework-win-MediaFoundation: 216162199b28c13a410421893ffa2e32 -> 
  custom:container-demuxer-ogg: 62fdf1f143b41e24485cea50d1cbac27 -> 
  custom:video-decoder-webm-vp8: 9c59270c3fd7afecdb556c50c9e8de78 -> 
  custom:audio-decoder-ogg-vorbis: bf7c407c2cedff20999df2af8eb42d56 -> 
========================================================================
Received Prepare
Registering precompiled user dll's ...
Registered in 0.003043 seconds.
Begin MonoManager ReloadAssembly
Symbol file LoadedFromMemory doesn't match image C:\Users\Олег\Documents\GitHub\The-most-popular-game-in-the-world\Library\PackageCache\com.unity.visualscripting@1.8.0\Editor\VisualScripting.Core\Dependencies\YamlDotNet\Unity.VisualScripting.YamlDotNet.dll
Symbol file LoadedFromMemory doesn't match image C:\Users\Олег\Documents\GitHub\The-most-popular-game-in-the-world\Library\PackageCache\com.unity.visualscripting@1.8.0\Editor\VisualScripting.Core\Dependencies\DotNetZip\Unity.VisualScripting.IonicZip.dll
Native extension for WindowsStandalone target not found
Refreshing native plugins compatible for Editor in 0.53 ms, found 3 plugins.
Preloading 0 native plugins for Editor in 0.00 ms.
Mono: successfully reloaded assembly
- Completed reload, in  0.789 seconds
Domain Reload Profiling:
	ReloadAssembly (790ms)
		BeginReloadAssembly (109ms)
			ExecutionOrderSort (0ms)
			DisableScriptedObjects (4ms)
			BackupInstance (0ms)
			ReleaseScriptingObjects (0ms)
			CreateAndSetChildDomain (29ms)
		EndReloadAssembly (604ms)
			LoadAssemblies (63ms)
			RebuildTransferFunctionScriptingTraits (0ms)
			SetupTypeCache (204ms)
			ReleaseScriptCaches (1ms)
			RebuildScriptCaches (33ms)
			SetupLoadedEditorAssemblies (264ms)
				LogAssemblyErrors (0ms)
				InitializePlatformSupportModulesInManaged (6ms)
				SetLoadedEditorAssemblies (0ms)
				RefreshPlugins (1ms)
				BeforeProcessingInitializeOnLoad (56ms)
				ProcessInitializeOnLoadAttributes (176ms)
				ProcessInitializeOnLoadMethodAttributes (19ms)
				AfterProcessingInitializeOnLoad (7ms)
				EditorAssembliesLoaded (0ms)
			ExecutionOrderSort2 (0ms)
			AwakeInstancesAfterBackupRestoration (5ms)
Platform modules already initialized, skipping
Refreshing native plugins compatible for Editor in 2.52 ms, found 3 plugins.
Preloading 0 native plugins for Editor in 0.00 ms.
Unloading 3044 Unused Serialized files (Serialized files now loaded: 0)
Unloading 17 unused Assets / (80.3 KB). Loaded Objects now: 3573.
Memory consumption went from 113.5 MB to 113.4 MB.
Total: 4.147000 ms (FindLiveObjects: 0.332500 ms CreateObjectMapping: 0.236400 ms MarkObjects: 3.406500 ms  DeleteObjects: 0.169700 ms)

AssetImportParameters requested are different than current active one (requested -> active):
  custom:video-decoder-ogg-theora: a1e56fd34408186e4bbccfd4996cb3dc -> 
  custom:container-muxer-webm: aa71ff27fc2769a1b78a27578f13a17b -> 
  custom:container-demuxer-webm: 4f35f7cbe854078d1ac9338744f61a02 -> 
  custom:video-encoder-webm-vp8: eb34c28f22e8b96e1ab97ce403110664 -> 
  custom:audio-encoder-webm-vorbis: bf7c407c2cedff20999df2af8eb42d56 -> 
  custom:framework-win-MediaFoundation: 216162199b28c13a410421893ffa2e32 -> 
  custom:container-demuxer-ogg: 62fdf1f143b41e24485cea50d1cbac27 -> 
  custom:video-decoder-webm-vp8: 9c59270c3fd7afecdb556c50c9e8de78 -> 
  custom:audio-decoder-ogg-vorbis: bf7c407c2cedff20999df2af8eb42d56 -> 
========================================================================
Received Import Request.
  Time since last request: 698.041295 seconds.
  path: Assets/LowPolyMetalRack/Materials/Wood.mat
  artifactKey: Guid(611c78498eea40c4d8d913e50f7f94d7) Importer(815301076,1909f56bfc062723c751e8b465ee728b)
Start importing Assets/LowPolyMetalRack/Materials/Wood.mat using Guid(611c78498eea40c4d8d913e50f7f94d7) Importer(815301076,1909f56bfc062723c751e8b465ee728b)  -> (artifact id: '593cbb14650bb1382c547d67b34123c5') in 0.068144 seconds 
========================================================================
Received Import Request.
  Time since last request: 5.584307 seconds.
  path: Assets/LowPolyMetalRack/Meshes/MetalRack_Pillar_Half.fbx
  artifactKey: Guid(8ff830e15454a4f47b196376ae0f4bd3) Importer(815301076,1909f56bfc062723c751e8b465ee728b)
Start importing Assets/LowPolyMetalRack/Meshes/MetalRack_Pillar_Half.fbx using Guid(8ff830e15454a4f47b196376ae0f4bd3) Importer(815301076,1909f56bfc062723c751e8b465ee728b)  -> (artifact id: '6ad527ae27da809f95a2234c85eea2de') in 0.036644 seconds 
========================================================================
Received Import Request.
  Time since last request: 0.000024 seconds.
  path: Assets/LowPolyMetalRack/Meshes/MetalRack_Shelf_Wire_Half.fbx
  artifactKey: Guid(62c48e6d144f9ea49beeb1e5e4c1bd22) Importer(815301076,1909f56bfc062723c751e8b465ee728b)
Start importing Assets/LowPolyMetalRack/Meshes/MetalRack_Shelf_Wire_Half.fbx using Guid(62c48e6d144f9ea49beeb1e5e4c1bd22) Importer(815301076,1909f56bfc062723c751e8b465ee728b)  -> (artifact id: '1edfb651563166081c056d2cd72f5522') in 0.014699 seconds 
========================================================================
Received Import Request.
  Time since last request: 0.000025 seconds.
  path: Assets/LowPolyMetalRack/Meshes/MetalRack_Shelf_Board_Half.fbx
  artifactKey: Guid(3be14c5f00d0926489fa74f0e879af67) Importer(815301076,1909f56bfc062723c751e8b465ee728b)
Start importing Assets/LowPolyMetalRack/Meshes/MetalRack_Shelf_Board_Half.fbx using Guid(3be14c5f00d0926489fa74f0e879af67) Importer(815301076,1909f56bfc062723c751e8b465ee728b)  -> (artifact id: '586eda5c764cf52775a5db5a2b2b7927') in 0.017281 seconds 
========================================================================
Received Import Request.
  Time since last request: 0.000032 seconds.
  path: Assets/LowPolyMetalRack/Meshes/MetalRack_Sidebar_Half.fbx
  artifactKey: Guid(10ffac9c4a485f24683c75156ba68084) Importer(815301076,1909f56bfc062723c751e8b465ee728b)
Start importing Assets/LowPolyMetalRack/Meshes/MetalRack_Sidebar_Half.fbx using Guid(10ffac9c4a485f24683c75156ba68084) Importer(815301076,1909f56bfc062723c751e8b465ee728b)  -> (artifact id: 'ab234a1886b85f08c74cd3122b4ab6ac') in 0.014824 seconds 
========================================================================
Received Import Request.
  Time since last request: 4.403623 seconds.
  path: Assets/LowPolyMetalRack/Prefabs/BoardShelf B.prefab
  artifactKey: Guid(c9afdd67ad4cdcd4e959f33a8aaba450) Importer(815301076,1909f56bfc062723c751e8b465ee728b)
Start importing Assets/LowPolyMetalRack/Prefabs/BoardShelf B.prefab using Guid(c9afdd67ad4cdcd4e959f33a8aaba450) Importer(815301076,1909f56bfc062723c751e8b465ee728b)  -> (artifact id: 'fcbea1512e58909331b5f22d8f51c62e') in 0.017608 seconds 
========================================================================
Received Import Request.
  Time since last request: 0.000020 seconds.
  path: Assets/LowPolyMetalRack/Prefabs/MetalRack_Shelf_Board.prefab
  artifactKey: Guid(a43ed23400e84184da4519fc0c41ae9f) Importer(815301076,1909f56bfc062723c751e8b465ee728b)
Start importing Assets/LowPolyMetalRack/Prefabs/MetalRack_Shelf_Board.prefab using Guid(a43ed23400e84184da4519fc0c41ae9f) Importer(815301076,1909f56bfc062723c751e8b465ee728b)  -> (artifact id: 'c12b4e01708ff2d15edbd3fdd2f17f47') in 0.012892 seconds 
========================================================================
Received Import Request.
  Time since last request: 0.000018 seconds.
  path: Assets/LowPolyMetalRack/Prefabs/MetalRack_Pillar_Half.prefab
  artifactKey: Guid(448480d381d0acc4bb33c2b37e0c1190) Importer(815301076,1909f56bfc062723c751e8b465ee728b)
Start importing Assets/LowPolyMetalRack/Prefabs/MetalRack_Pillar_Half.prefab using Guid(448480d381d0acc4bb33c2b37e0c1190) Importer(815301076,1909f56bfc062723c751e8b465ee728b)  -> (artifact id: '6346d5fbeeb3ae7d5b079fe3306de9ae') in 0.012307 seconds 
========================================================================
Received Import Request.
  Time since last request: 0.000026 seconds.
  path: Assets/LowPolyMetalRack/Prefabs/MetalRack_Shelf_Board_Half.prefab
  artifactKey: Guid(7c5ea4eb1941980429abac9d717329c7) Importer(815301076,1909f56bfc062723c751e8b465ee728b)
Start importing Assets/LowPolyMetalRack/Prefabs/MetalRack_Shelf_Board_Half.prefab using Guid(7c5ea4eb1941980429abac9d717329c7) Importer(815301076,1909f56bfc062723c751e8b465ee728b)  -> (artifact id: 'bbb79d09ed48c324f4fe832d2899b0ff') in 0.018155 seconds 
========================================================================
Received Import Request.
  Time since last request: 0.000025 seconds.
  path: Assets/LowPolyMetalRack/Prefabs/BoardShelf D.prefab
  artifactKey: Guid(ef27fec05dc353e47afc629dbf165b17) Importer(815301076,1909f56bfc062723c751e8b465ee728b)
Start importing Assets/LowPolyMetalRack/Prefabs/BoardShelf D.prefab using Guid(ef27fec05dc353e47afc629dbf165b17) Importer(815301076,1909f56bfc062723c751e8b465ee728b)  -> (artifact id: '0256f3e9052dbee9c08331db4b08c990') in 0.015568 seconds 
========================================================================
Received Import Request.
  Time since last request: 0.000033 seconds.
  path: Assets/LowPolyMetalRack/Prefabs/MetalRack_Shelf_Wire.prefab
  artifactKey: Guid(9c6784651c8d1964eb6ca5f37c68d7e4) Importer(815301076,1909f56bfc062723c751e8b465ee728b)
Start importing Assets/LowPolyMetalRack/Prefabs/MetalRack_Shelf_Wire.prefab using Guid(9c6784651c8d1964eb6ca5f37c68d7e4) Importer(815301076,1909f56bfc062723c751e8b465ee728b)  -> (artifact id: '8bc621a878e9ead3565657eefcb9168d') in 0.037093 seconds 
========================================================================
Received Import Request.
  Time since last request: 0.000027 seconds.
  path: Assets/LowPolyMetalRack/Prefabs/MetalRack_Pillar.prefab
  artifactKey: Guid(5f2ae6346e69da14fa8d0f6307dc3f4a) Importer(815301076,1909f56bfc062723c751e8b465ee728b)
Start importing Assets/LowPolyMetalRack/Prefabs/MetalRack_Pillar.prefab using Guid(5f2ae6346e69da14fa8d0f6307dc3f4a) Importer(815301076,1909f56bfc062723c751e8b465ee728b)  -> (artifact id: '195e4ae33192d8e2ee094ba3e2ac99b2') in 0.016150 seconds 
Editor requested this worker to shutdown with reason: Scaling down because of idle timeout
AssetImportWorker is now disconnected from the server
Process exiting
Exiting without the bug reporter. Application will terminate with return code 0