Using pre-set license
Built from '2021.3/staging' branch; Version is '2021.3.22f1 (b6c551784ba3) revision 11978065'; Using compiler version '192829333'; Build Type 'Release'
OS: 'Windows 10  (10.0.19045) 64bit Professional' Language: 'ru' Physical Memory: 7966 MB
BatchMode: 1, IsHumanControllingUs: 0, StartBugReporterOnCrash: 0, Is64bit: 1, IsPro: 1

COMMAND LINE ARGUMENTS:
C:\Users\Evikx\Desktop\Unity\2021.3.22f1\Editor\Unity.exe
-adb2
-batchMode
-noUpm
-name
AssetImportWorker1
-projectPath
C:/Users/Evikx/Desktop/уроки/ВП/The-most-popular-game-in-the-world
-logFile
Logs/AssetImportWorker1.log
-srvPort
51392
Successfully changed project path to: C:/Users/Evikx/Desktop/уроки/ВП/The-most-popular-game-in-the-world
C:/Users/Evikx/Desktop/уроки/ВП/The-most-popular-game-in-the-world
[UnityMemory] Configuration Parameters - Can be set up in boot.config
    "memorysetup-bucket-allocator-granularity=16"
    "memorysetup-bucket-allocator-bucket-count=8"
    "memorysetup-bucket-allocator-block-size=33554432"
    "memorysetup-bucket-allocator-block-count=8"
    "memorysetup-main-allocator-block-size=16777216"
    "memorysetup-thread-allocator-block-size=16777216"
    "memorysetup-gfx-main-allocator-block-size=16777216"
    "memorysetup-gfx-thread-allocator-block-size=16777216"
    "memorysetup-cache-allocator-block-size=4194304"
    "memorysetup-typetree-allocator-block-size=2097152"
    "memorysetup-profiler-bucket-allocator-granularity=16"
    "memorysetup-profiler-bucket-allocator-bucket-count=8"
    "memorysetup-profiler-bucket-allocator-block-size=33554432"
    "memorysetup-profiler-bucket-allocator-block-count=8"
    "memorysetup-profiler-allocator-block-size=16777216"
    "memorysetup-profiler-editor-allocator-block-size=1048576"
    "memorysetup-temp-allocator-size-main=16777216"
    "memorysetup-job-temp-allocator-block-size=2097152"
    "memorysetup-job-temp-allocator-block-size-background=1048576"
    "memorysetup-job-temp-allocator-reduction-small-platforms=262144"
    "memorysetup-temp-allocator-size-background-worker=32768"
    "memorysetup-temp-allocator-size-job-worker=262144"
    "memorysetup-temp-allocator-size-preload-manager=33554432"
    "memorysetup-temp-allocator-size-nav-mesh-worker=65536"
    "memorysetup-temp-allocator-size-audio-worker=65536"
    "memorysetup-temp-allocator-size-cloud-worker=32768"
    "memorysetup-temp-allocator-size-gi-baking-worker=262144"
    "memorysetup-temp-allocator-size-gfx=262144"
Player connection [25064] Host "[IP] 192.168.56.1 [Port] 0 [Flags] 2 [Guid] 2519719895 [EditorId] 2519719895 [Version] 1048832 [Id] WindowsEditor(7,DESKTOP-RI0HR87) [Debug] 1 [PackageName] WindowsEditor [ProjectName] Editor" joined multi-casting on [225.0.0.222:54997]...

Player connection [25064] Host "[IP] 192.168.56.1 [Port] 0 [Flags] 2 [Guid] 2519719895 [EditorId] 2519719895 [Version] 1048832 [Id] WindowsEditor(7,DESKTOP-RI0HR87) [Debug] 1 [PackageName] WindowsEditor [ProjectName] Editor" joined alternative multi-casting on [225.0.0.222:34997]...

Refreshing native plugins compatible for Editor in 144.21 ms, found 3 plugins.
Preloading 0 native plugins for Editor in 0.00 ms.
Initialize engine version: 2021.3.22f1 (b6c551784ba3)
[Subsystems] Discovering subsystems at path C:/Users/Evikx/Desktop/Unity/2021.3.22f1/Editor/Data/Resources/UnitySubsystems
[Subsystems] Discovering subsystems at path C:/Users/Evikx/Desktop/уроки/ВП/The-most-popular-game-in-the-world/Assets
GfxDevice: creating device client; threaded=0; jobified=0
Direct3D:
    Version:  Direct3D 11.0 [level 11.1]
    Renderer: Intel(R) UHD Graphics (ID=0x8a56)
    Vendor:   Intel
    VRAM:     3983 MB
    Driver:   27.20.100.8783
Initialize mono
Mono path[0] = 'C:/Users/Evikx/Desktop/Unity/2021.3.22f1/Editor/Data/Managed'
Mono path[1] = 'C:/Users/Evikx/Desktop/Unity/2021.3.22f1/Editor/Data/MonoBleedingEdge/lib/mono/unityjit-win32'
Mono config path = 'C:/Users/Evikx/Desktop/Unity/2021.3.22f1/Editor/Data/MonoBleedingEdge/etc'
Using monoOptions --debugger-agent=transport=dt_socket,embedding=1,server=y,suspend=n,address=127.0.0.1:56236
Begin MonoManager ReloadAssembly
Registering precompiled unity dll's ...
Register platform support module: C:/Users/Evikx/Desktop/Unity/2021.3.22f1/Editor/Data/PlaybackEngines/WindowsStandaloneSupport/UnityEditor.WindowsStandalone.Extensions.dll
Registered in 0.015345 seconds.
Native extension for WindowsStandalone target not found
Refreshing native plugins compatible for Editor in 174.57 ms, found 3 plugins.
Preloading 0 native plugins for Editor in 0.00 ms.
Mono: successfully reloaded assembly
- Completed reload, in  1.394 seconds
Domain Reload Profiling:
	ReloadAssembly (1396ms)
		BeginReloadAssembly (263ms)
			ExecutionOrderSort (0ms)
			DisableScriptedObjects (0ms)
			BackupInstance (0ms)
			ReleaseScriptingObjects (0ms)
			CreateAndSetChildDomain (1ms)
		EndReloadAssembly (928ms)
			LoadAssemblies (257ms)
			RebuildTransferFunctionScriptingTraits (2ms)
			SetupTypeCache (218ms)
			ReleaseScriptCaches (0ms)
			RebuildScriptCaches (58ms)
			SetupLoadedEditorAssemblies (530ms)
				LogAssemblyErrors (0ms)
				InitializePlatformSupportModulesInManaged (14ms)
				SetLoadedEditorAssemblies (0ms)
				RefreshPlugins (176ms)
				BeforeProcessingInitializeOnLoad (5ms)
				ProcessInitializeOnLoadAttributes (245ms)
				ProcessInitializeOnLoadMethodAttributes (89ms)
				AfterProcessingInitializeOnLoad (0ms)
				EditorAssembliesLoaded (1ms)
			ExecutionOrderSort2 (0ms)
			AwakeInstancesAfterBackupRestoration (0ms)
Platform modules already initialized, skipping
Registering precompiled user dll's ...
Registered in 0.027584 seconds.
Begin MonoManager ReloadAssembly
Symbol file LoadedFromMemory doesn't match image C:\Users\Evikx\Desktop\уроки\ВП\The-most-popular-game-in-the-world\Library\PackageCache\com.unity.visualscripting@1.8.0\Editor\VisualScripting.Core\Dependencies\YamlDotNet\Unity.VisualScripting.YamlDotNet.dll
Symbol file LoadedFromMemory doesn't match image C:\Users\Evikx\Desktop\уроки\ВП\The-most-popular-game-in-the-world\Library\PackageCache\com.unity.visualscripting@1.8.0\Editor\VisualScripting.Core\Dependencies\DotNetZip\Unity.VisualScripting.IonicZip.dll
Native extension for WindowsStandalone target not found
Refreshing native plugins compatible for Editor in 0.87 ms, found 3 plugins.
Preloading 0 native plugins for Editor in 0.00 ms.
Mono: successfully reloaded assembly
- Completed reload, in  2.537 seconds
Domain Reload Profiling:
	ReloadAssembly (2541ms)
		BeginReloadAssembly (274ms)
			ExecutionOrderSort (0ms)
			DisableScriptedObjects (17ms)
			BackupInstance (0ms)
			ReleaseScriptingObjects (0ms)
			CreateAndSetChildDomain (39ms)
		EndReloadAssembly (2011ms)
			LoadAssemblies (273ms)
			RebuildTransferFunctionScriptingTraits (0ms)
			SetupTypeCache (620ms)
			ReleaseScriptCaches (1ms)
			RebuildScriptCaches (89ms)
			SetupLoadedEditorAssemblies (972ms)
				LogAssemblyErrors (0ms)
				InitializePlatformSupportModulesInManaged (10ms)
				SetLoadedEditorAssemblies (1ms)
				RefreshPlugins (1ms)
				BeforeProcessingInitializeOnLoad (167ms)
				ProcessInitializeOnLoadAttributes (727ms)
				ProcessInitializeOnLoadMethodAttributes (42ms)
				AfterProcessingInitializeOnLoad (24ms)
				EditorAssembliesLoaded (0ms)
			ExecutionOrderSort2 (0ms)
			AwakeInstancesAfterBackupRestoration (20ms)
Platform modules already initialized, skipping
========================================================================
Worker process is ready to serve import requests
Launched and connected shader compiler UnityShaderCompiler.exe after 0.17 seconds
Refreshing native plugins compatible for Editor in 0.70 ms, found 3 plugins.
Preloading 0 native plugins for Editor in 0.00 ms.
Unloading 3049 Unused Serialized files (Serialized files now loaded: 0)
Unloading 24 unused Assets / (113.6 KB). Loaded Objects now: 3514.
Memory consumption went from 109.3 MB to 109.1 MB.
Total: 12.526800 ms (FindLiveObjects: 0.438100 ms CreateObjectMapping: 0.238600 ms MarkObjects: 11.420500 ms  DeleteObjects: 0.427000 ms)

AssetImportParameters requested are different than current active one (requested -> active):
  custom:video-decoder-ogg-theora: a1e56fd34408186e4bbccfd4996cb3dc -> 
  custom:container-muxer-webm: aa71ff27fc2769a1b78a27578f13a17b -> 
  custom:container-demuxer-webm: 4f35f7cbe854078d1ac9338744f61a02 -> 
  custom:video-encoder-webm-vp8: eb34c28f22e8b96e1ab97ce403110664 -> 
  custom:audio-encoder-webm-vorbis: bf7c407c2cedff20999df2af8eb42d56 -> 
  custom:framework-win-MediaFoundation: 216162199b28c13a410421893ffa2e32 -> 
  custom:container-demuxer-ogg: 62fdf1f143b41e24485cea50d1cbac27 -> 
  custom:video-decoder-webm-vp8: 9c59270c3fd7afecdb556c50c9e8de78 -> 
  custom:audio-decoder-ogg-vorbis: bf7c407c2cedff20999df2af8eb42d56 -> 
========================================================================
Received Import Request.
  Time since last request: 1064194.408957 seconds.
  path: Assets/grass.mat
  artifactKey: Guid(57940654440b1fe4da627530c2ff803b) Importer(815301076,1909f56bfc062723c751e8b465ee728b)
Start importing Assets/grass.mat using Guid(57940654440b1fe4da627530c2ff803b) Importer(815301076,1909f56bfc062723c751e8b465ee728b)  -> (artifact id: '4d16eea92b4914910d5bca00e7d30bf1') in 0.520338 seconds 
========================================================================
Received Import Request.
  Time since last request: 18.327957 seconds.
  path: Assets/Furniture_FREE/Meshes/bathroom_item_001.fbx
  artifactKey: Guid(a9473316bc1ba3740a1ec3a91ce57660) Importer(815301076,1909f56bfc062723c751e8b465ee728b)
Start importing Assets/Furniture_FREE/Meshes/bathroom_item_001.fbx using Guid(a9473316bc1ba3740a1ec3a91ce57660) Importer(815301076,1909f56bfc062723c751e8b465ee728b)  -> (artifact id: '587ec78c3705ed469da3d83e8c670b73') in 0.138077 seconds 
========================================================================
Received Import Request.
  Time since last request: 0.000054 seconds.
  path: Assets/Furniture_FREE/Meshes/closet_001.fbx
  artifactKey: Guid(a814d16888f34d740b4c85da09a39d0f) Importer(815301076,1909f56bfc062723c751e8b465ee728b)
Start importing Assets/Furniture_FREE/Meshes/closet_001.fbx using Guid(a814d16888f34d740b4c85da09a39d0f) Importer(815301076,1909f56bfc062723c751e8b465ee728b)  -> (artifact id: '8c7d718965c0564ca2e9ac37b3bc2107') in 0.050636 seconds 
========================================================================
Received Import Request.
  Time since last request: 0.000111 seconds.
  path: Assets/Furniture_FREE/Meshes/coffee_machine_001.fbx
  artifactKey: Guid(60e0949bdc5724f41a429907b90f25a8) Importer(815301076,1909f56bfc062723c751e8b465ee728b)
Start importing Assets/Furniture_FREE/Meshes/coffee_machine_001.fbx using Guid(60e0949bdc5724f41a429907b90f25a8) Importer(815301076,1909f56bfc062723c751e8b465ee728b)  -> (artifact id: 'a3897e7ce7a47fe1cda1fb68f2e7c55c') in 0.042032 seconds 
========================================================================
Received Import Request.
  Time since last request: 0.000037 seconds.
  path: Assets/Furniture_FREE/Meshes/office_table_001.fbx
  artifactKey: Guid(e8bcc2af6da4ffa4ba221825387cee57) Importer(815301076,1909f56bfc062723c751e8b465ee728b)
Start importing Assets/Furniture_FREE/Meshes/office_table_001.fbx using Guid(e8bcc2af6da4ffa4ba221825387cee57) Importer(815301076,1909f56bfc062723c751e8b465ee728b)  -> (artifact id: '58e4988e007bca87590ba6fae2a1f855') in 0.059915 seconds 
========================================================================
Received Import Request.
  Time since last request: 0.000041 seconds.
  path: Assets/Furniture_FREE/Meshes/dish_002.fbx
  artifactKey: Guid(9155746b8dbe508448f226cc595153ba) Importer(815301076,1909f56bfc062723c751e8b465ee728b)
Start importing Assets/Furniture_FREE/Meshes/dish_002.fbx using Guid(9155746b8dbe508448f226cc595153ba) Importer(815301076,1909f56bfc062723c751e8b465ee728b)  -> (artifact id: 'fa20f1d5f4efa0947548472d1f3bbcb4') in 0.052700 seconds 
========================================================================
Received Import Request.
  Time since last request: 0.000126 seconds.
  path: Assets/Furniture_FREE/Meshes/microwave_oven_001.fbx
  artifactKey: Guid(5124ac1f4f4e17247b2f3a45584b21d1) Importer(815301076,1909f56bfc062723c751e8b465ee728b)
Start importing Assets/Furniture_FREE/Meshes/microwave_oven_001.fbx using Guid(5124ac1f4f4e17247b2f3a45584b21d1) Importer(815301076,1909f56bfc062723c751e8b465ee728b)  -> (artifact id: '1e990f79918605d665206bedda7caa32') in 0.038574 seconds 
========================================================================
Received Import Request.
  Time since last request: 0.000065 seconds.
  path: Assets/Furniture_FREE/Meshes/kitchen_sink_001.fbx
  artifactKey: Guid(627220fed965f4544a5a91566c9995d7) Importer(815301076,1909f56bfc062723c751e8b465ee728b)
Start importing Assets/Furniture_FREE/Meshes/kitchen_sink_001.fbx using Guid(627220fed965f4544a5a91566c9995d7) Importer(815301076,1909f56bfc062723c751e8b465ee728b)  -> (artifact id: '543c705bf39ac0197418ec039992a1f4') in 0.035306 seconds 
========================================================================
Received Import Request.
  Time since last request: 0.000076 seconds.
  path: Assets/Furniture_FREE/Meshes/clothes_002.fbx
  artifactKey: Guid(f09f041d0102cc1448425092c1886ac0) Importer(815301076,1909f56bfc062723c751e8b465ee728b)
Start importing Assets/Furniture_FREE/Meshes/clothes_002.fbx using Guid(f09f041d0102cc1448425092c1886ac0) Importer(815301076,1909f56bfc062723c751e8b465ee728b)  -> (artifact id: 'b1e7395c7f28753faa1c5fea57188f4c') in 0.042838 seconds 
========================================================================
Received Import Request.
  Time since last request: 0.000050 seconds.
  path: Assets/Furniture_FREE/Meshes/ketchup_001.fbx
  artifactKey: Guid(d01061434e86e964abeac90d826f3a6d) Importer(815301076,1909f56bfc062723c751e8b465ee728b)
Start importing Assets/Furniture_FREE/Meshes/ketchup_001.fbx using Guid(d01061434e86e964abeac90d826f3a6d) Importer(815301076,1909f56bfc062723c751e8b465ee728b)  -> (artifact id: '4650f99bb95c25d712444683b3507980') in 0.042955 seconds 
========================================================================
Received Import Request.
  Time since last request: 0.000056 seconds.
  path: Assets/Furniture_FREE/Meshes/drink_001.fbx
  artifactKey: Guid(f6c4b28893fd9e34f952e0407c497a3b) Importer(815301076,1909f56bfc062723c751e8b465ee728b)
Start importing Assets/Furniture_FREE/Meshes/drink_001.fbx using Guid(f6c4b28893fd9e34f952e0407c497a3b) Importer(815301076,1909f56bfc062723c751e8b465ee728b)  -> (artifact id: '59bf823b10988c0dc57cfea919db7a13') in 0.065435 seconds 
========================================================================
Received Import Request.
  Time since last request: 0.000194 seconds.
  path: Assets/Furniture_FREE/Meshes/door_001.fbx
  artifactKey: Guid(d0c8bff756eb229499f2b3a6290a5588) Importer(815301076,1909f56bfc062723c751e8b465ee728b)
Start importing Assets/Furniture_FREE/Meshes/door_001.fbx using Guid(d0c8bff756eb229499f2b3a6290a5588) Importer(815301076,1909f56bfc062723c751e8b465ee728b)  -> (artifact id: '7f91693ecfcff149bf19cab1ed1e92fc') in 0.048079 seconds 
========================================================================
Received Import Request.
  Time since last request: 0.000068 seconds.
  path: Assets/Furniture_FREE/Meshes/closet_002.fbx
  artifactKey: Guid(f057f2866f4b8964799fed1871693e10) Importer(815301076,1909f56bfc062723c751e8b465ee728b)
Start importing Assets/Furniture_FREE/Meshes/closet_002.fbx using Guid(f057f2866f4b8964799fed1871693e10) Importer(815301076,1909f56bfc062723c751e8b465ee728b)  -> (artifact id: 'eda38d018660c460883b68e5796e9ef8') in 0.048538 seconds 
========================================================================
Received Import Request.
  Time since last request: 0.000045 seconds.
  path: Assets/Furniture_FREE/Meshes/door_frame_001.fbx
  artifactKey: Guid(fa80f29fe098e7349bad09b60a204cb8) Importer(815301076,1909f56bfc062723c751e8b465ee728b)
Start importing Assets/Furniture_FREE/Meshes/door_frame_001.fbx using Guid(fa80f29fe098e7349bad09b60a204cb8) Importer(815301076,1909f56bfc062723c751e8b465ee728b)  -> (artifact id: 'f416e969c0a6f5aecc744906785d077a') in 0.044794 seconds 
========================================================================
Received Import Request.
  Time since last request: 0.000042 seconds.
  path: Assets/Furniture_FREE/Meshes/coffee_table_001.fbx
  artifactKey: Guid(ac89d7fea237f1645ad740a0eddafeea) Importer(815301076,1909f56bfc062723c751e8b465ee728b)
Start importing Assets/Furniture_FREE/Meshes/coffee_table_001.fbx using Guid(ac89d7fea237f1645ad740a0eddafeea) Importer(815301076,1909f56bfc062723c751e8b465ee728b)  -> (artifact id: '34e8ffad577d2f8bcdb62201eaf53317') in 0.061701 seconds 
========================================================================
Received Import Request.
  Time since last request: 0.000300 seconds.
  path: Assets/Furniture_FREE/Meshes/training_item_001.fbx
  artifactKey: Guid(229c147ca36ed9747a2bdb66dfe23a78) Importer(815301076,1909f56bfc062723c751e8b465ee728b)
Start importing Assets/Furniture_FREE/Meshes/training_item_001.fbx using Guid(229c147ca36ed9747a2bdb66dfe23a78) Importer(815301076,1909f56bfc062723c751e8b465ee728b)  -> (artifact id: 'e59535b9ce868ad3f60bbff26f37befc') in 0.046362 seconds 
========================================================================
Received Import Request.
  Time since last request: 0.000051 seconds.
  path: Assets/Furniture_FREE/Meshes/washing_machine_001.fbx
  artifactKey: Guid(b253decc65a576b4eb2f9744a89128ef) Importer(815301076,1909f56bfc062723c751e8b465ee728b)
Start importing Assets/Furniture_FREE/Meshes/washing_machine_001.fbx using Guid(b253decc65a576b4eb2f9744a89128ef) Importer(815301076,1909f56bfc062723c751e8b465ee728b)  -> (artifact id: 'cd3f40ffa8f370b2d228c837e763f785') in 0.085225 seconds 
========================================================================
Received Import Request.
  Time since last request: 0.000109 seconds.
  path: Assets/Furniture_FREE/Meshes/dumbbell_001.fbx
  artifactKey: Guid(724d1b533860f6b40869157a6b678ef3) Importer(815301076,1909f56bfc062723c751e8b465ee728b)
Start importing Assets/Furniture_FREE/Meshes/dumbbell_001.fbx using Guid(724d1b533860f6b40869157a6b678ef3) Importer(815301076,1909f56bfc062723c751e8b465ee728b)  -> (artifact id: '3d98c120ca1dfd357dde2c62fbfa82c5') in 0.056772 seconds 
========================================================================
Received Import Request.
  Time since last request: 0.000057 seconds.
  path: Assets/Furniture_FREE/Meshes/bed_001.fbx
  artifactKey: Guid(17df8d0daf7aec14698bf6d73359a747) Importer(815301076,1909f56bfc062723c751e8b465ee728b)
Start importing Assets/Furniture_FREE/Meshes/bed_001.fbx using Guid(17df8d0daf7aec14698bf6d73359a747) Importer(815301076,1909f56bfc062723c751e8b465ee728b)  -> (artifact id: '021e13d65386712173942aa356a11b1c') in 0.058370 seconds 
========================================================================
Received Import Request.
  Time since last request: 0.000108 seconds.
  path: Assets/Furniture_FREE/Meshes/kitchen_chair_001.fbx
  artifactKey: Guid(ced7d5d843f03774e8c82dc8a229be4c) Importer(815301076,1909f56bfc062723c751e8b465ee728b)
Start importing Assets/Furniture_FREE/Meshes/kitchen_chair_001.fbx using Guid(ced7d5d843f03774e8c82dc8a229be4c) Importer(815301076,1909f56bfc062723c751e8b465ee728b)  -> (artifact id: '78e6432a7519cdb1b115063d579f6913') in 0.243548 seconds 
Editor requested this worker to shutdown with reason: Scaling down because of idle timeout
AssetImportWorker is now disconnected from the server
Process exiting
Exiting without the bug reporter. Application will terminate with return code 0