Using pre-set license
Built from '2021.3/staging' branch; Version is '2021.3.22f1 (b6c551784ba3) revision 11978065'; Using compiler version '192829333'; Build Type 'Release'
OS: 'Windows 10  (10.0.19045) 64bit CoreSingleLanguage' Language: 'ru' Physical Memory: 16085 MB
BatchMode: 1, IsHumanControllingUs: 0, StartBugReporterOnCrash: 0, Is64bit: 1, IsPro: 1

COMMAND LINE ARGUMENTS:
C:\Unity\Unity\Hub\Editor\2021.3.22f1\Editor\Unity.exe
-adb2
-batchMode
-noUpm
-name
AssetImportWorker3
-projectPath
C:/Users/Олег/Documents/GitHub/The-most-popular-game-in-the-world
-logFile
Logs/AssetImportWorker3.log
-srvPort
55051
Successfully changed project path to: C:/Users/Олег/Documents/GitHub/The-most-popular-game-in-the-world
C:/Users/Олег/Documents/GitHub/The-most-popular-game-in-the-world
[UnityMemory] Configuration Parameters - Can be set up in boot.config
    "memorysetup-bucket-allocator-granularity=16"
    "memorysetup-bucket-allocator-bucket-count=8"
    "memorysetup-bucket-allocator-block-size=33554432"
    "memorysetup-bucket-allocator-block-count=8"
    "memorysetup-main-allocator-block-size=16777216"
    "memorysetup-thread-allocator-block-size=16777216"
    "memorysetup-gfx-main-allocator-block-size=16777216"
    "memorysetup-gfx-thread-allocator-block-size=16777216"
    "memorysetup-cache-allocator-block-size=4194304"
    "memorysetup-typetree-allocator-block-size=2097152"
    "memorysetup-profiler-bucket-allocator-granularity=16"
    "memorysetup-profiler-bucket-allocator-bucket-count=8"
    "memorysetup-profiler-bucket-allocator-block-size=33554432"
    "memorysetup-profiler-bucket-allocator-block-count=8"
    "memorysetup-profiler-allocator-block-size=16777216"
    "memorysetup-profiler-editor-allocator-block-size=1048576"
    "memorysetup-temp-allocator-size-main=16777216"
    "memorysetup-job-temp-allocator-block-size=2097152"
    "memorysetup-job-temp-allocator-block-size-background=1048576"
    "memorysetup-job-temp-allocator-reduction-small-platforms=262144"
    "memorysetup-temp-allocator-size-background-worker=32768"
    "memorysetup-temp-allocator-size-job-worker=262144"
    "memorysetup-temp-allocator-size-preload-manager=33554432"
    "memorysetup-temp-allocator-size-nav-mesh-worker=65536"
    "memorysetup-temp-allocator-size-audio-worker=65536"
    "memorysetup-temp-allocator-size-cloud-worker=32768"
    "memorysetup-temp-allocator-size-gi-baking-worker=262144"
    "memorysetup-temp-allocator-size-gfx=262144"
Player connection [15568] Host "[IP] 192.168.1.102 [Port] 0 [Flags] 2 [Guid] 4067966245 [EditorId] 4067966245 [Version] 1048832 [Id] WindowsEditor(7,DESKTOP-VSA61HJ) [Debug] 1 [PackageName] WindowsEditor [ProjectName] Editor" joined multi-casting on [225.0.0.222:54997]...

Player connection [15568] Host "[IP] 192.168.1.102 [Port] 0 [Flags] 2 [Guid] 4067966245 [EditorId] 4067966245 [Version] 1048832 [Id] WindowsEditor(7,DESKTOP-VSA61HJ) [Debug] 1 [PackageName] WindowsEditor [ProjectName] Editor" joined alternative multi-casting on [225.0.0.222:34997]...

Refreshing native plugins compatible for Editor in 65.04 ms, found 3 plugins.
Preloading 0 native plugins for Editor in 0.00 ms.
Initialize engine version: 2021.3.22f1 (b6c551784ba3)
[Subsystems] Discovering subsystems at path C:/Unity/Unity/Hub/Editor/2021.3.22f1/Editor/Data/Resources/UnitySubsystems
[Subsystems] Discovering subsystems at path C:/Users/Олег/Documents/GitHub/The-most-popular-game-in-the-world/Assets
GfxDevice: creating device client; threaded=0; jobified=0
Direct3D:
    Version:  Direct3D 11.0 [level 11.1]
    Renderer: NVIDIA GeForce GTX 1650 (ID=0x1f9d)
    Vendor:   NVIDIA
    VRAM:     3962 MB
    Driver:   30.0.15.1165
Initialize mono
Mono path[0] = 'C:/Unity/Unity/Hub/Editor/2021.3.22f1/Editor/Data/Managed'
Mono path[1] = 'C:/Unity/Unity/Hub/Editor/2021.3.22f1/Editor/Data/MonoBleedingEdge/lib/mono/unityjit-win32'
Mono config path = 'C:/Unity/Unity/Hub/Editor/2021.3.22f1/Editor/Data/MonoBleedingEdge/etc'
Using monoOptions --debugger-agent=transport=dt_socket,embedding=1,server=y,suspend=n,address=127.0.0.1:56612
Begin MonoManager ReloadAssembly
Registering precompiled unity dll's ...
Register platform support module: C:/Unity/Unity/Hub/Editor/2021.3.22f1/Editor/Data/PlaybackEngines/WindowsStandaloneSupport/UnityEditor.WindowsStandalone.Extensions.dll
Registered in 0.003940 seconds.
Native extension for WindowsStandalone target not found
Refreshing native plugins compatible for Editor in 62.79 ms, found 3 plugins.
Preloading 0 native plugins for Editor in 0.00 ms.
Mono: successfully reloaded assembly
- Completed reload, in  0.466 seconds
Domain Reload Profiling:
	ReloadAssembly (466ms)
		BeginReloadAssembly (60ms)
			ExecutionOrderSort (0ms)
			DisableScriptedObjects (0ms)
			BackupInstance (0ms)
			ReleaseScriptingObjects (0ms)
			CreateAndSetChildDomain (1ms)
		EndReloadAssembly (335ms)
			LoadAssemblies (58ms)
			RebuildTransferFunctionScriptingTraits (0ms)
			SetupTypeCache (77ms)
			ReleaseScriptCaches (0ms)
			RebuildScriptCaches (21ms)
			SetupLoadedEditorAssemblies (199ms)
				LogAssemblyErrors (0ms)
				InitializePlatformSupportModulesInManaged (6ms)
				SetLoadedEditorAssemblies (0ms)
				RefreshPlugins (63ms)
				BeforeProcessingInitializeOnLoad (1ms)
				ProcessInitializeOnLoadAttributes (95ms)
				ProcessInitializeOnLoadMethodAttributes (34ms)
				AfterProcessingInitializeOnLoad (0ms)
				EditorAssembliesLoaded (0ms)
			ExecutionOrderSort2 (0ms)
			AwakeInstancesAfterBackupRestoration (0ms)
Platform modules already initialized, skipping
Registering precompiled user dll's ...
Registered in 0.003150 seconds.
Begin MonoManager ReloadAssembly
Symbol file LoadedFromMemory doesn't match image C:\Users\Олег\Documents\GitHub\The-most-popular-game-in-the-world\Library\PackageCache\com.unity.visualscripting@1.8.0\Editor\VisualScripting.Core\Dependencies\YamlDotNet\Unity.VisualScripting.YamlDotNet.dll
Symbol file LoadedFromMemory doesn't match image C:\Users\Олег\Documents\GitHub\The-most-popular-game-in-the-world\Library\PackageCache\com.unity.visualscripting@1.8.0\Editor\VisualScripting.Core\Dependencies\DotNetZip\Unity.VisualScripting.IonicZip.dll
Native extension for WindowsStandalone target not found
Refreshing native plugins compatible for Editor in 0.47 ms, found 3 plugins.
Preloading 0 native plugins for Editor in 0.00 ms.
Mono: successfully reloaded assembly
- Completed reload, in  0.749 seconds
Domain Reload Profiling:
	ReloadAssembly (749ms)
		BeginReloadAssembly (87ms)
			ExecutionOrderSort (0ms)
			DisableScriptedObjects (4ms)
			BackupInstance (0ms)
			ReleaseScriptingObjects (0ms)
			CreateAndSetChildDomain (16ms)
		EndReloadAssembly (584ms)
			LoadAssemblies (61ms)
			RebuildTransferFunctionScriptingTraits (0ms)
			SetupTypeCache (201ms)
			ReleaseScriptCaches (0ms)
			RebuildScriptCaches (38ms)
			SetupLoadedEditorAssemblies (260ms)
				LogAssemblyErrors (0ms)
				InitializePlatformSupportModulesInManaged (4ms)
				SetLoadedEditorAssemblies (0ms)
				RefreshPlugins (1ms)
				BeforeProcessingInitializeOnLoad (67ms)
				ProcessInitializeOnLoadAttributes (167ms)
				ProcessInitializeOnLoadMethodAttributes (15ms)
				AfterProcessingInitializeOnLoad (5ms)
				EditorAssembliesLoaded (0ms)
			ExecutionOrderSort2 (0ms)
			AwakeInstancesAfterBackupRestoration (5ms)
Platform modules already initialized, skipping
========================================================================
Worker process is ready to serve import requests
Launched and connected shader compiler UnityShaderCompiler.exe after 0.03 seconds
Refreshing native plugins compatible for Editor in 0.57 ms, found 3 plugins.
Preloading 0 native plugins for Editor in 0.00 ms.
Unloading 3049 Unused Serialized files (Serialized files now loaded: 0)
Unloading 24 unused Assets / (113.6 KB). Loaded Objects now: 3511.
Memory consumption went from 108.7 MB to 108.6 MB.
Total: 3.059000 ms (FindLiveObjects: 0.301600 ms CreateObjectMapping: 0.196400 ms MarkObjects: 2.458100 ms  DeleteObjects: 0.101800 ms)

AssetImportParameters requested are different than current active one (requested -> active):
  custom:video-decoder-ogg-theora: a1e56fd34408186e4bbccfd4996cb3dc -> 
  custom:container-muxer-webm: aa71ff27fc2769a1b78a27578f13a17b -> 
  custom:container-demuxer-webm: 4f35f7cbe854078d1ac9338744f61a02 -> 
  custom:video-encoder-webm-vp8: eb34c28f22e8b96e1ab97ce403110664 -> 
  custom:audio-encoder-webm-vorbis: bf7c407c2cedff20999df2af8eb42d56 -> 
  custom:framework-win-MediaFoundation: 216162199b28c13a410421893ffa2e32 -> 
  custom:container-demuxer-ogg: 62fdf1f143b41e24485cea50d1cbac27 -> 
  custom:video-decoder-webm-vp8: 9c59270c3fd7afecdb556c50c9e8de78 -> 
  custom:audio-decoder-ogg-vorbis: bf7c407c2cedff20999df2af8eb42d56 -> 
========================================================================
Received Import Request.
  Time since last request: 16677.010536 seconds.
  path: Assets/LowPolyMetalRack/Prefabs/BoardShelf C.prefab
  artifactKey: Guid(215fceb8eccbc54409e145f16c2b0f8c) Importer(815301076,1909f56bfc062723c751e8b465ee728b)
Start importing Assets/LowPolyMetalRack/Prefabs/BoardShelf C.prefab using Guid(215fceb8eccbc54409e145f16c2b0f8c) Importer(815301076,1909f56bfc062723c751e8b465ee728b)  -> (artifact id: '438423e0aa8f936d56bec509b910a5bb') in 0.152824 seconds 
========================================================================
Received Import Request.
  Time since last request: 0.000028 seconds.
  path: Assets/LowPolyMetalRack/Prefabs/WireShelf A.prefab
  artifactKey: Guid(e0df056cb971262478a1794140c50c44) Importer(815301076,1909f56bfc062723c751e8b465ee728b)
Start importing Assets/LowPolyMetalRack/Prefabs/WireShelf A.prefab using Guid(e0df056cb971262478a1794140c50c44) Importer(815301076,1909f56bfc062723c751e8b465ee728b)  -> (artifact id: 'fe7afbbe77a4ad678c26d19fbc603597') in 0.021687 seconds 
========================================================================
Received Import Request.
  Time since last request: 1658.859937 seconds.
  path: Assets/model/textures/1001_metallic.jpg
  artifactKey: Guid(1b768f2f53e0bc34f8a4d771b69c6f22) Importer(815301076,1909f56bfc062723c751e8b465ee728b)
Start importing Assets/model/textures/1001_metallic.jpg using Guid(1b768f2f53e0bc34f8a4d771b69c6f22) Importer(815301076,1909f56bfc062723c751e8b465ee728b)  -> (artifact id: '1d7745f3da2d452477f3b209946a8f70') in 0.028647 seconds 
========================================================================
Received Import Request.
  Time since last request: 0.000031 seconds.
  path: Assets/model/textures/1001_normal.png
  artifactKey: Guid(f71dba602ed16e94bb20f3786decf873) Importer(815301076,1909f56bfc062723c751e8b465ee728b)
Start importing Assets/model/textures/1001_normal.png using Guid(f71dba602ed16e94bb20f3786decf873) Importer(815301076,1909f56bfc062723c751e8b465ee728b)  -> (artifact id: '0760dd91b0669110fa4656385d88ef07') in 0.018111 seconds 
========================================================================
Received Import Request.
  Time since last request: 29.878352 seconds.
  path: Assets/textures/1001_normal.png
  artifactKey: Guid(df1acddbf54bbcb4ba3f4f7489c87cee) Importer(815301076,1909f56bfc062723c751e8b465ee728b)
Start importing Assets/textures/1001_normal.png using Guid(df1acddbf54bbcb4ba3f4f7489c87cee) Importer(815301076,1909f56bfc062723c751e8b465ee728b)  -> (artifact id: '50a542e02f5ee1df1e4cff6a2cb3117d') in 0.011409 seconds 
========================================================================
Received Import Request.
  Time since last request: 0.000023 seconds.
  path: Assets/textures/1001_opacity.jpeg
  artifactKey: Guid(e8db8e4909ee29a4884c35b5484df3fb) Importer(815301076,1909f56bfc062723c751e8b465ee728b)
Start importing Assets/textures/1001_opacity.jpeg using Guid(e8db8e4909ee29a4884c35b5484df3fb) Importer(815301076,1909f56bfc062723c751e8b465ee728b)  -> (artifact id: 'c9d746dc03c55da97a642871b6ec7604') in 0.007932 seconds 
========================================================================
Received Import Request.
  Time since last request: 826.493054 seconds.
  path: Assets/textures/SoftDrinksFridge_LPEX_lambert1_AO.png
  artifactKey: Guid(f55ea7af5953875448671145d41a4e31) Importer(815301076,1909f56bfc062723c751e8b465ee728b)
Start importing Assets/textures/SoftDrinksFridge_LPEX_lambert1_AO.png using Guid(f55ea7af5953875448671145d41a4e31) Importer(815301076,1909f56bfc062723c751e8b465ee728b)  -> (artifact id: '2e1a32bdde71dfc2b140765c61f30b21') in 0.024577 seconds 
========================================================================
Received Import Request.
  Time since last request: 0.000034 seconds.
  path: Assets/textures/UniversalSquare_lambert1_BaseColor.png
  artifactKey: Guid(d63acd4e370e03d4ead204852aff0391) Importer(815301076,1909f56bfc062723c751e8b465ee728b)
Start importing Assets/textures/UniversalSquare_lambert1_BaseColor.png using Guid(d63acd4e370e03d4ead204852aff0391) Importer(815301076,1909f56bfc062723c751e8b465ee728b)  -> (artifact id: '36d3a18ec2a90d51c749e9fbaf29aa49') in 0.020317 seconds 
========================================================================
Received Import Request.
  Time since last request: 0.000041 seconds.
  path: Assets/textures/UniversalSquare_lambert1_Opacity.png
  artifactKey: Guid(675be034d01469f459879dc309e77c14) Importer(815301076,1909f56bfc062723c751e8b465ee728b)
Start importing Assets/textures/UniversalSquare_lambert1_Opacity.png using Guid(675be034d01469f459879dc309e77c14) Importer(815301076,1909f56bfc062723c751e8b465ee728b)  -> (artifact id: '8d5933656d18ba265c23aa5e90b42c2b') in 0.015571 seconds 
========================================================================
Received Import Request.
  Time since last request: 0.000027 seconds.
  path: Assets/textures/SoftDrinksFridge_LPEX_lambert2_BaseColor.png
  artifactKey: Guid(03152c9e2cf00f84b9202df6ef0b3eeb) Importer(815301076,1909f56bfc062723c751e8b465ee728b)
Start importing Assets/textures/SoftDrinksFridge_LPEX_lambert2_BaseColor.png using Guid(03152c9e2cf00f84b9202df6ef0b3eeb) Importer(815301076,1909f56bfc062723c751e8b465ee728b)  -> (artifact id: 'c345b21c010dc3017b2dc7f38078b189') in 0.016108 seconds 
========================================================================
Received Import Request.
  Time since last request: 0.000029 seconds.
  path: Assets/textures/SoftDrinksFridge_LPEX_lambert2_Emissive.png
  artifactKey: Guid(ceac40f83d61c934bb290871b5648cce) Importer(815301076,1909f56bfc062723c751e8b465ee728b)
Start importing Assets/textures/SoftDrinksFridge_LPEX_lambert2_Emissive.png using Guid(ceac40f83d61c934bb290871b5648cce) Importer(815301076,1909f56bfc062723c751e8b465ee728b)  -> (artifact id: '89b7ca5358db2392ad588d882dcf907c') in 0.013422 seconds 
========================================================================
Received Import Request.
  Time since last request: 0.000026 seconds.
  path: Assets/textures/SoftDrinksFridge_LPEX_lambert1_Roughness.png
  artifactKey: Guid(7f5ba5e0f3a9c5a4c8c3af8b688180a2) Importer(815301076,1909f56bfc062723c751e8b465ee728b)
Start importing Assets/textures/SoftDrinksFridge_LPEX_lambert1_Roughness.png using Guid(7f5ba5e0f3a9c5a4c8c3af8b688180a2) Importer(815301076,1909f56bfc062723c751e8b465ee728b)  -> (artifact id: 'd42804a6dcafd67a64bb300b6c1771b6') in 0.012644 seconds 
========================================================================
Received Import Request.
  Time since last request: 0.000021 seconds.
  path: Assets/textures/SoftDrinksFridge_LPEX_lambert1_Metallic.png
  artifactKey: Guid(4759af4d6d91af3498b3c5a52bf66d3c) Importer(815301076,1909f56bfc062723c751e8b465ee728b)
Start importing Assets/textures/SoftDrinksFridge_LPEX_lambert1_Metallic.png using Guid(4759af4d6d91af3498b3c5a52bf66d3c) Importer(815301076,1909f56bfc062723c751e8b465ee728b)  -> (artifact id: '69feda2d9342a1e79da5ebab11100d9d') in 0.012866 seconds 
========================================================================
Received Import Request.
  Time since last request: 95.606645 seconds.
  path: Assets/bac_gms.fbx
  artifactKey: Guid(8f78f5290c4175c4c9d849d2a515bd51) Importer(815301076,1909f56bfc062723c751e8b465ee728b)
Start importing Assets/bac_gms.fbx using Guid(8f78f5290c4175c4c9d849d2a515bd51) Importer(815301076,1909f56bfc062723c751e8b465ee728b)  -> (artifact id: 'd40f22751369a150060fef40cd45303d') in 0.092760 seconds 
========================================================================
Received Import Request.
  Time since last request: 61.792758 seconds.
  path: Assets/textures1
  artifactKey: Guid(58af4797b87b3644c872e36a94549b5f) Importer(815301076,1909f56bfc062723c751e8b465ee728b)
Start importing Assets/textures1 using Guid(58af4797b87b3644c872e36a94549b5f) Importer(815301076,1909f56bfc062723c751e8b465ee728b)  -> (artifact id: '2e682a6dfa65c7a4b8ea41484b022e41') in 0.006831 seconds 
========================================================================
Received Import Request.
  Time since last request: 5.709792 seconds.
  path: Assets/bac_gms.fbx
  artifactKey: Guid(8f78f5290c4175c4c9d849d2a515bd51) Importer(815301076,1909f56bfc062723c751e8b465ee728b)
Start importing Assets/bac_gms.fbx using Guid(8f78f5290c4175c4c9d849d2a515bd51) Importer(815301076,1909f56bfc062723c751e8b465ee728b)  -> (artifact id: 'cc8cbf1cbd48154125ae819f92c28342') in 0.260337 seconds 
========================================================================
Received Import Request.
  Time since last request: 2.307543 seconds.
  path: Assets/bac_gms.fbx
  artifactKey: Guid(8f78f5290c4175c4c9d849d2a515bd51) Importer(815301076,1909f56bfc062723c751e8b465ee728b)
Start importing Assets/bac_gms.fbx using Guid(8f78f5290c4175c4c9d849d2a515bd51) Importer(815301076,1909f56bfc062723c751e8b465ee728b)  -> (artifact id: '2cc30c2c36c06e6f6966c6f4ff406174') in 0.089626 seconds 
========================================================================
Received Import Request.
  Time since last request: 5.757839 seconds.
  path: Assets/textures
  artifactKey: Guid(79e1393b78982b847be375128cd2ff59) Importer(815301076,1909f56bfc062723c751e8b465ee728b)
Start importing Assets/textures using Guid(79e1393b78982b847be375128cd2ff59) Importer(815301076,1909f56bfc062723c751e8b465ee728b)  -> (artifact id: 'bfc73ab48e12aa4b8da7a52f1521111e') in 0.001887 seconds 
========================================================================
Received Import Request.
  Time since last request: 0.043158 seconds.
  path: Assets/textures/bac_color.png
  artifactKey: Guid(0257f9dda0b5bed44b4dbe6cb4a70b55) Importer(815301076,1909f56bfc062723c751e8b465ee728b)
Start importing Assets/textures/bac_color.png using Guid(0257f9dda0b5bed44b4dbe6cb4a70b55) Importer(815301076,1909f56bfc062723c751e8b465ee728b)  -> (artifact id: 'c433b95bc923bfb26840205904721c45') in 0.014693 seconds 
========================================================================
Received Import Request.
  Time since last request: 0.000020 seconds.
  path: Assets/textures/bac_rough.png
  artifactKey: Guid(eeaece6b45d3c334b9c66e09458d46b8) Importer(815301076,1909f56bfc062723c751e8b465ee728b)
Start importing Assets/textures/bac_rough.png using Guid(eeaece6b45d3c334b9c66e09458d46b8) Importer(815301076,1909f56bfc062723c751e8b465ee728b)  -> (artifact id: '869b4aeca1b306f79103357b1c5fd719') in 0.010403 seconds 
========================================================================
Received Import Request.
  Time since last request: 0.000020 seconds.
  path: Assets/textures/bac_norm.png
  artifactKey: Guid(b29817babed0a08458e3aae4ae2d7dc8) Importer(815301076,1909f56bfc062723c751e8b465ee728b)
Start importing Assets/textures/bac_norm.png using Guid(b29817babed0a08458e3aae4ae2d7dc8) Importer(815301076,1909f56bfc062723c751e8b465ee728b)  -> (artifact id: 'daac478745bb959ba9a97a82b30cd9a5') in 0.014348 seconds 
========================================================================
Received Import Request.
  Time since last request: 0.000026 seconds.
  path: Assets/textures/bac_transp.png
  artifactKey: Guid(8ae1afbb711ad9a4c828e1c5918e079d) Importer(815301076,1909f56bfc062723c751e8b465ee728b)
Start importing Assets/textures/bac_transp.png using Guid(8ae1afbb711ad9a4c828e1c5918e079d) Importer(815301076,1909f56bfc062723c751e8b465ee728b)  -> (artifact id: '55bade584168326a597ec7aab85558fc') in 0.010393 seconds 
Editor requested this worker to shutdown with reason: Scaling down because of idle timeout
AssetImportWorker is now disconnected from the server
Process exiting
Exiting without the bug reporter. Application will terminate with return code 0