Using pre-set license
Built from '2021.3/staging' branch; Version is '2021.3.22f1 (b6c551784ba3) revision 11978065'; Using compiler version '192829333'; Build Type 'Release'
OS: 'Windows 10  (10.0.19045) 64bit CoreSingleLanguage' Language: 'ru' Physical Memory: 16085 MB
BatchMode: 1, IsHumanControllingUs: 0, StartBugReporterOnCrash: 0, Is64bit: 1, IsPro: 1

COMMAND LINE ARGUMENTS:
C:\Unity\Unity\Hub\Editor\2021.3.22f1\Editor\Unity.exe
-adb2
-batchMode
-noUpm
-name
AssetImportWorker10
-projectPath
C:/Users/Олег/Documents/GitHub/The-most-popular-game-in-the-world
-logFile
Logs/AssetImportWorker10.log
-srvPort
55051
Successfully changed project path to: C:/Users/Олег/Documents/GitHub/The-most-popular-game-in-the-world
C:/Users/Олег/Documents/GitHub/The-most-popular-game-in-the-world
[UnityMemory] Configuration Parameters - Can be set up in boot.config
    "memorysetup-bucket-allocator-granularity=16"
    "memorysetup-bucket-allocator-bucket-count=8"
    "memorysetup-bucket-allocator-block-size=33554432"
    "memorysetup-bucket-allocator-block-count=8"
    "memorysetup-main-allocator-block-size=16777216"
    "memorysetup-thread-allocator-block-size=16777216"
    "memorysetup-gfx-main-allocator-block-size=16777216"
    "memorysetup-gfx-thread-allocator-block-size=16777216"
    "memorysetup-cache-allocator-block-size=4194304"
    "memorysetup-typetree-allocator-block-size=2097152"
    "memorysetup-profiler-bucket-allocator-granularity=16"
    "memorysetup-profiler-bucket-allocator-bucket-count=8"
    "memorysetup-profiler-bucket-allocator-block-size=33554432"
    "memorysetup-profiler-bucket-allocator-block-count=8"
    "memorysetup-profiler-allocator-block-size=16777216"
    "memorysetup-profiler-editor-allocator-block-size=1048576"
    "memorysetup-temp-allocator-size-main=16777216"
    "memorysetup-job-temp-allocator-block-size=2097152"
    "memorysetup-job-temp-allocator-block-size-background=1048576"
    "memorysetup-job-temp-allocator-reduction-small-platforms=262144"
    "memorysetup-temp-allocator-size-background-worker=32768"
    "memorysetup-temp-allocator-size-job-worker=262144"
    "memorysetup-temp-allocator-size-preload-manager=33554432"
    "memorysetup-temp-allocator-size-nav-mesh-worker=65536"
    "memorysetup-temp-allocator-size-audio-worker=65536"
    "memorysetup-temp-allocator-size-cloud-worker=32768"
    "memorysetup-temp-allocator-size-gi-baking-worker=262144"
    "memorysetup-temp-allocator-size-gfx=262144"
Player connection [17828] Host "[IP] 192.168.1.102 [Port] 0 [Flags] 2 [Guid] 499574570 [EditorId] 499574570 [Version] 1048832 [Id] WindowsEditor(7,DESKTOP-VSA61HJ) [Debug] 1 [PackageName] WindowsEditor [ProjectName] Editor" joined multi-casting on [225.0.0.222:54997]...

Player connection [17828] Host "[IP] 192.168.1.102 [Port] 0 [Flags] 2 [Guid] 499574570 [EditorId] 499574570 [Version] 1048832 [Id] WindowsEditor(7,DESKTOP-VSA61HJ) [Debug] 1 [PackageName] WindowsEditor [ProjectName] Editor" joined alternative multi-casting on [225.0.0.222:34997]...

Refreshing native plugins compatible for Editor in 62.87 ms, found 3 plugins.
Preloading 0 native plugins for Editor in 0.00 ms.
Initialize engine version: 2021.3.22f1 (b6c551784ba3)
[Subsystems] Discovering subsystems at path C:/Unity/Unity/Hub/Editor/2021.3.22f1/Editor/Data/Resources/UnitySubsystems
[Subsystems] Discovering subsystems at path C:/Users/Олег/Documents/GitHub/The-most-popular-game-in-the-world/Assets
GfxDevice: creating device client; threaded=0; jobified=0
Direct3D:
    Version:  Direct3D 11.0 [level 11.1]
    Renderer: NVIDIA GeForce GTX 1650 (ID=0x1f9d)
    Vendor:   NVIDIA
    VRAM:     3962 MB
    Driver:   30.0.15.1165
Initialize mono
Mono path[0] = 'C:/Unity/Unity/Hub/Editor/2021.3.22f1/Editor/Data/Managed'
Mono path[1] = 'C:/Unity/Unity/Hub/Editor/2021.3.22f1/Editor/Data/MonoBleedingEdge/lib/mono/unityjit-win32'
Mono config path = 'C:/Unity/Unity/Hub/Editor/2021.3.22f1/Editor/Data/MonoBleedingEdge/etc'
Using monoOptions --debugger-agent=transport=dt_socket,embedding=1,server=y,suspend=n,address=127.0.0.1:56140
Begin MonoManager ReloadAssembly
Registering precompiled unity dll's ...
Register platform support module: C:/Unity/Unity/Hub/Editor/2021.3.22f1/Editor/Data/PlaybackEngines/WindowsStandaloneSupport/UnityEditor.WindowsStandalone.Extensions.dll
Registered in 0.004984 seconds.
Native extension for WindowsStandalone target not found
Refreshing native plugins compatible for Editor in 72.08 ms, found 3 plugins.
Preloading 0 native plugins for Editor in 0.00 ms.
Mono: successfully reloaded assembly
- Completed reload, in  0.472 seconds
Domain Reload Profiling:
	ReloadAssembly (472ms)
		BeginReloadAssembly (63ms)
			ExecutionOrderSort (0ms)
			DisableScriptedObjects (0ms)
			BackupInstance (0ms)
			ReleaseScriptingObjects (0ms)
			CreateAndSetChildDomain (1ms)
		EndReloadAssembly (334ms)
			LoadAssemblies (61ms)
			RebuildTransferFunctionScriptingTraits (0ms)
			SetupTypeCache (79ms)
			ReleaseScriptCaches (0ms)
			RebuildScriptCaches (21ms)
			SetupLoadedEditorAssemblies (197ms)
				LogAssemblyErrors (0ms)
				InitializePlatformSupportModulesInManaged (6ms)
				SetLoadedEditorAssemblies (0ms)
				RefreshPlugins (72ms)
				BeforeProcessingInitializeOnLoad (1ms)
				ProcessInitializeOnLoadAttributes (86ms)
				ProcessInitializeOnLoadMethodAttributes (32ms)
				AfterProcessingInitializeOnLoad (0ms)
				EditorAssembliesLoaded (0ms)
			ExecutionOrderSort2 (0ms)
			AwakeInstancesAfterBackupRestoration (0ms)
Platform modules already initialized, skipping
Registering precompiled user dll's ...
Registered in 0.002996 seconds.
Begin MonoManager ReloadAssembly
Symbol file LoadedFromMemory doesn't match image C:\Users\Олег\Documents\GitHub\The-most-popular-game-in-the-world\Library\PackageCache\com.unity.visualscripting@1.8.0\Editor\VisualScripting.Core\Dependencies\YamlDotNet\Unity.VisualScripting.YamlDotNet.dll
Symbol file LoadedFromMemory doesn't match image C:\Users\Олег\Documents\GitHub\The-most-popular-game-in-the-world\Library\PackageCache\com.unity.visualscripting@1.8.0\Editor\VisualScripting.Core\Dependencies\DotNetZip\Unity.VisualScripting.IonicZip.dll
Native extension for WindowsStandalone target not found
Refreshing native plugins compatible for Editor in 0.49 ms, found 3 plugins.
Preloading 0 native plugins for Editor in 0.00 ms.
Mono: successfully reloaded assembly
- Completed reload, in  0.744 seconds
Domain Reload Profiling:
	ReloadAssembly (744ms)
		BeginReloadAssembly (103ms)
			ExecutionOrderSort (0ms)
			DisableScriptedObjects (4ms)
			BackupInstance (0ms)
			ReleaseScriptingObjects (0ms)
			CreateAndSetChildDomain (16ms)
		EndReloadAssembly (560ms)
			LoadAssemblies (77ms)
			RebuildTransferFunctionScriptingTraits (0ms)
			SetupTypeCache (193ms)
			ReleaseScriptCaches (0ms)
			RebuildScriptCaches (37ms)
			SetupLoadedEditorAssemblies (248ms)
				LogAssemblyErrors (0ms)
				InitializePlatformSupportModulesInManaged (4ms)
				SetLoadedEditorAssemblies (0ms)
				RefreshPlugins (1ms)
				BeforeProcessingInitializeOnLoad (65ms)
				ProcessInitializeOnLoadAttributes (161ms)
				ProcessInitializeOnLoadMethodAttributes (14ms)
				AfterProcessingInitializeOnLoad (5ms)
				EditorAssembliesLoaded (0ms)
			ExecutionOrderSort2 (0ms)
			AwakeInstancesAfterBackupRestoration (4ms)
Platform modules already initialized, skipping
========================================================================
Worker process is ready to serve import requests
Launched and connected shader compiler UnityShaderCompiler.exe after 0.03 seconds
Refreshing native plugins compatible for Editor in 0.71 ms, found 3 plugins.
Preloading 0 native plugins for Editor in 0.00 ms.
Unloading 3049 Unused Serialized files (Serialized files now loaded: 0)
Unloading 24 unused Assets / (113.6 KB). Loaded Objects now: 3511.
Memory consumption went from 108.8 MB to 108.7 MB.
Total: 3.405900 ms (FindLiveObjects: 0.226100 ms CreateObjectMapping: 0.104600 ms MarkObjects: 2.962900 ms  DeleteObjects: 0.111400 ms)

AssetImportParameters requested are different than current active one (requested -> active):
  custom:video-decoder-ogg-theora: a1e56fd34408186e4bbccfd4996cb3dc -> 
  custom:container-muxer-webm: aa71ff27fc2769a1b78a27578f13a17b -> 
  custom:container-demuxer-webm: 4f35f7cbe854078d1ac9338744f61a02 -> 
  custom:video-encoder-webm-vp8: eb34c28f22e8b96e1ab97ce403110664 -> 
  custom:audio-encoder-webm-vorbis: bf7c407c2cedff20999df2af8eb42d56 -> 
  custom:framework-win-MediaFoundation: 216162199b28c13a410421893ffa2e32 -> 
  custom:container-demuxer-ogg: 62fdf1f143b41e24485cea50d1cbac27 -> 
  custom:video-decoder-webm-vp8: 9c59270c3fd7afecdb556c50c9e8de78 -> 
  custom:audio-decoder-ogg-vorbis: bf7c407c2cedff20999df2af8eb42d56 -> 
========================================================================
Received Import Request.
  Time since last request: 20741.292846 seconds.
  path: Assets/textures/blue_steal_gloss.jpg
  artifactKey: Guid(d0e2a6b1bca92484a883600b54fac5e8) Importer(815301076,1909f56bfc062723c751e8b465ee728b)
Start importing Assets/textures/blue_steal_gloss.jpg using Guid(d0e2a6b1bca92484a883600b54fac5e8) Importer(815301076,1909f56bfc062723c751e8b465ee728b)  -> (artifact id: '7c5e0dc6762fb853ca3ebe5a85621d90') in 0.085895 seconds 
========================================================================
Received Import Request.
  Time since last request: 0.000039 seconds.
  path: Assets/textures/internal_ground_ao_texture.jpeg
  artifactKey: Guid(f82300eaec9a322438c5a5ed24cca23a) Importer(815301076,1909f56bfc062723c751e8b465ee728b)
Start importing Assets/textures/internal_ground_ao_texture.jpeg using Guid(f82300eaec9a322438c5a5ed24cca23a) Importer(815301076,1909f56bfc062723c751e8b465ee728b)  -> (artifact id: 'ec7c4da0f48f19a812275db06ca11353') in 0.011086 seconds 
========================================================================
Received Import Request.
  Time since last request: 40.166087 seconds.
  path: Assets/Materials/Window.mat
  artifactKey: Guid(6e3132f37df49bb4f9576ce248c23b97) Importer(815301076,1909f56bfc062723c751e8b465ee728b)
Start importing Assets/Materials/Window.mat using Guid(6e3132f37df49bb4f9576ce248c23b97) Importer(815301076,1909f56bfc062723c751e8b465ee728b)  -> (artifact id: '0f71e3f455d4ca749b4b36ae181a0c9d') in 0.080664 seconds 
========================================================================
Received Import Request.
  Time since last request: 69.184776 seconds.
  path: Assets/Furniture_FREE/Meshes/closet_001.fbx
  artifactKey: Guid(a814d16888f34d740b4c85da09a39d0f) Importer(815301076,1909f56bfc062723c751e8b465ee728b)
Start importing Assets/Furniture_FREE/Meshes/closet_001.fbx using Guid(a814d16888f34d740b4c85da09a39d0f) Importer(815301076,1909f56bfc062723c751e8b465ee728b)  -> (artifact id: '870c50150ff42b696682bbea034fa5de') in 0.068957 seconds 
========================================================================
Received Import Request.
  Time since last request: 0.000025 seconds.
  path: Assets/Furniture_FREE/Meshes/ketchup_001.fbx
  artifactKey: Guid(d01061434e86e964abeac90d826f3a6d) Importer(815301076,1909f56bfc062723c751e8b465ee728b)
Start importing Assets/Furniture_FREE/Meshes/ketchup_001.fbx using Guid(d01061434e86e964abeac90d826f3a6d) Importer(815301076,1909f56bfc062723c751e8b465ee728b)  -> (artifact id: '3a5938a06b0db252b7c209937ca82198') in 0.019949 seconds 
========================================================================
Received Import Request.
  Time since last request: 0.000021 seconds.
  path: Assets/Furniture_FREE/Meshes/lamp_002.fbx
  artifactKey: Guid(2e77c6e655b38ef4192709540b5bf630) Importer(815301076,1909f56bfc062723c751e8b465ee728b)
Start importing Assets/Furniture_FREE/Meshes/lamp_002.fbx using Guid(2e77c6e655b38ef4192709540b5bf630) Importer(815301076,1909f56bfc062723c751e8b465ee728b)  -> (artifact id: 'f922dc8cb6b6c9d4b9c7eea008fda308') in 0.030108 seconds 
========================================================================
Received Import Request.
  Time since last request: 0.000021 seconds.
  path: Assets/Furniture_FREE/Meshes/coffee_machine_001.fbx
  artifactKey: Guid(60e0949bdc5724f41a429907b90f25a8) Importer(815301076,1909f56bfc062723c751e8b465ee728b)
Start importing Assets/Furniture_FREE/Meshes/coffee_machine_001.fbx using Guid(60e0949bdc5724f41a429907b90f25a8) Importer(815301076,1909f56bfc062723c751e8b465ee728b)  -> (artifact id: '189ce9d359dd68e215da790fc0d680ea') in 0.026501 seconds 
========================================================================
Received Import Request.
  Time since last request: 0.000022 seconds.
  path: Assets/Furniture_FREE/Meshes/door_001.fbx
  artifactKey: Guid(d0c8bff756eb229499f2b3a6290a5588) Importer(815301076,1909f56bfc062723c751e8b465ee728b)
Start importing Assets/Furniture_FREE/Meshes/door_001.fbx using Guid(d0c8bff756eb229499f2b3a6290a5588) Importer(815301076,1909f56bfc062723c751e8b465ee728b)  -> (artifact id: '12c80a3340d8948351e252c5906cf372') in 0.029198 seconds 
========================================================================
Received Import Request.
  Time since last request: 0.000025 seconds.
  path: Assets/Furniture_FREE/Meshes/lamp_001.fbx
  artifactKey: Guid(0b370e01cda840a45982c117ac706827) Importer(815301076,1909f56bfc062723c751e8b465ee728b)
Start importing Assets/Furniture_FREE/Meshes/lamp_001.fbx using Guid(0b370e01cda840a45982c117ac706827) Importer(815301076,1909f56bfc062723c751e8b465ee728b)  -> (artifact id: 'ad2f4765083babefb03291abbeb5773c') in 0.028834 seconds 
========================================================================
Received Import Request.
  Time since last request: 0.000029 seconds.
  path: Assets/Furniture_FREE/Meshes/dish_002.fbx
  artifactKey: Guid(9155746b8dbe508448f226cc595153ba) Importer(815301076,1909f56bfc062723c751e8b465ee728b)
Start importing Assets/Furniture_FREE/Meshes/dish_002.fbx using Guid(9155746b8dbe508448f226cc595153ba) Importer(815301076,1909f56bfc062723c751e8b465ee728b)  -> (artifact id: 'f6488827835eac5fd546233fa4dfc451') in 0.030816 seconds 
========================================================================
Received Import Request.
  Time since last request: 0.000021 seconds.
  path: Assets/Furniture_FREE/Meshes/microwave_oven_001.fbx
  artifactKey: Guid(5124ac1f4f4e17247b2f3a45584b21d1) Importer(815301076,1909f56bfc062723c751e8b465ee728b)
Start importing Assets/Furniture_FREE/Meshes/microwave_oven_001.fbx using Guid(5124ac1f4f4e17247b2f3a45584b21d1) Importer(815301076,1909f56bfc062723c751e8b465ee728b)  -> (artifact id: 'c00d9e246958bb6e74606856f77eff90') in 0.027631 seconds 
========================================================================
Received Import Request.
  Time since last request: 0.000026 seconds.
  path: Assets/Furniture_FREE/Meshes/kitchen_sink_001.fbx
  artifactKey: Guid(627220fed965f4544a5a91566c9995d7) Importer(815301076,1909f56bfc062723c751e8b465ee728b)
Start importing Assets/Furniture_FREE/Meshes/kitchen_sink_001.fbx using Guid(627220fed965f4544a5a91566c9995d7) Importer(815301076,1909f56bfc062723c751e8b465ee728b)  -> (artifact id: '80c78a44f375284db1bdaef5c009195c') in 0.045764 seconds 
========================================================================
Received Import Request.
  Time since last request: 0.000027 seconds.
  path: Assets/Furniture_FREE/Meshes/dumbbell_002.fbx
  artifactKey: Guid(cd560a8cb8bd1ec4fb3267ac9441df28) Importer(815301076,1909f56bfc062723c751e8b465ee728b)
Start importing Assets/Furniture_FREE/Meshes/dumbbell_002.fbx using Guid(cd560a8cb8bd1ec4fb3267ac9441df28) Importer(815301076,1909f56bfc062723c751e8b465ee728b)  -> (artifact id: 'abbc601bf2f677c17f5537193e9f1401') in 0.016228 seconds 
========================================================================
Received Import Request.
  Time since last request: 0.000031 seconds.
  path: Assets/Furniture_FREE/Meshes/flower_001.fbx
  artifactKey: Guid(649646106a38e1346b231d5f5d64467f) Importer(815301076,1909f56bfc062723c751e8b465ee728b)
Start importing Assets/Furniture_FREE/Meshes/flower_001.fbx using Guid(649646106a38e1346b231d5f5d64467f) Importer(815301076,1909f56bfc062723c751e8b465ee728b)  -> (artifact id: '7a71241661287e55b2e87671004e74a3') in 0.014294 seconds 
========================================================================
Received Import Request.
  Time since last request: 0.000020 seconds.
  path: Assets/Furniture_FREE/Meshes/clothes_002.fbx
  artifactKey: Guid(f09f041d0102cc1448425092c1886ac0) Importer(815301076,1909f56bfc062723c751e8b465ee728b)
Start importing Assets/Furniture_FREE/Meshes/clothes_002.fbx using Guid(f09f041d0102cc1448425092c1886ac0) Importer(815301076,1909f56bfc062723c751e8b465ee728b)  -> (artifact id: '0b074ad1f555afff0e63a346ed9984c4') in 0.016164 seconds 
========================================================================
Received Import Request.
  Time since last request: 0.000025 seconds.
  path: Assets/Furniture_FREE/Meshes/fridge_001.fbx
  artifactKey: Guid(021213b5eba77904097e0f5aa1a99d72) Importer(815301076,1909f56bfc062723c751e8b465ee728b)
Start importing Assets/Furniture_FREE/Meshes/fridge_001.fbx using Guid(021213b5eba77904097e0f5aa1a99d72) Importer(815301076,1909f56bfc062723c751e8b465ee728b)  -> (artifact id: '8c1c864eef6d5380277410636c46c4f1') in 0.014452 seconds 
========================================================================
Received Import Request.
  Time since last request: 1402.283740 seconds.
  path: Assets/textures/Icecream_Fridge_LP_base_MetallicSmoothness.png
  artifactKey: Guid(3d8b3393f2c79a3469a20f7af0b753cb) Importer(815301076,1909f56bfc062723c751e8b465ee728b)
Start importing Assets/textures/Icecream_Fridge_LP_base_MetallicSmoothness.png using Guid(3d8b3393f2c79a3469a20f7af0b753cb) Importer(815301076,1909f56bfc062723c751e8b465ee728b)  -> (artifact id: '65c0cce4481efeb6f6ec49602e587444') in 0.025074 seconds 
========================================================================
Received Import Request.
  Time since last request: 0.000033 seconds.
  path: Assets/textures/Icecream_Fridge_LP_basecolor.png
  artifactKey: Guid(e62df0a4b4270234fb5cbb126123e872) Importer(815301076,1909f56bfc062723c751e8b465ee728b)
Start importing Assets/textures/Icecream_Fridge_LP_basecolor.png using Guid(e62df0a4b4270234fb5cbb126123e872) Importer(815301076,1909f56bfc062723c751e8b465ee728b)  -> (artifact id: 'e002d2ad43431e96e9036c69c71d29a3') in 0.012768 seconds 
========================================================================
Received Import Request.
  Time since last request: 0.000030 seconds.
  path: Assets/textures/Icecream_Fridge_LP_ROUGHNESS.png
  artifactKey: Guid(cc4e91223df26534d9fea06b4b9d6611) Importer(815301076,1909f56bfc062723c751e8b465ee728b)
Start importing Assets/textures/Icecream_Fridge_LP_ROUGHNESS.png using Guid(cc4e91223df26534d9fea06b4b9d6611) Importer(815301076,1909f56bfc062723c751e8b465ee728b)  -> (artifact id: '90579db4d4226a8303b0b29dc259e996') in 0.011561 seconds 
========================================================================
Received Import Request.
  Time since last request: 20.612216 seconds.
  path: Assets/textures/Icecream_Fridge_LP_basecolor 1.png
  artifactKey: Guid(c6bfd71ae6a9a2f419ef7dbcf0a4c58b) Importer(815301076,1909f56bfc062723c751e8b465ee728b)
Start importing Assets/textures/Icecream_Fridge_LP_basecolor 1.png using Guid(c6bfd71ae6a9a2f419ef7dbcf0a4c58b) Importer(815301076,1909f56bfc062723c751e8b465ee728b)  -> (artifact id: 'a61b922a06f14bdcaf212ea7496f8655') in 0.017282 seconds 
========================================================================
Received Import Request.
  Time since last request: 0.000026 seconds.
  path: Assets/textures/Icecream_Fridge_LP_OPACITY 1.png
  artifactKey: Guid(3ccdad57846059d4282db214d35b76c8) Importer(815301076,1909f56bfc062723c751e8b465ee728b)
Start importing Assets/textures/Icecream_Fridge_LP_OPACITY 1.png using Guid(3ccdad57846059d4282db214d35b76c8) Importer(815301076,1909f56bfc062723c751e8b465ee728b)  -> (artifact id: '51dd1867d2a9730d622e7c6bc701730d') in 0.019502 seconds 
========================================================================
Received Import Request.
  Time since last request: 27.821056 seconds.
  path: Assets/textures/Icecream_Fridge_LP_base_Normal_copy.png
  artifactKey: Guid(09afbb78df2856744a6143330be93c40) Importer(815301076,1909f56bfc062723c751e8b465ee728b)
Start importing Assets/textures/Icecream_Fridge_LP_base_Normal_copy.png using Guid(09afbb78df2856744a6143330be93c40) Importer(815301076,1909f56bfc062723c751e8b465ee728b)  -> (artifact id: 'b405f230a725d533114d5e83ea2656e3') in 0.015116 seconds 
========================================================================
Received Import Request.
  Time since last request: 0.000023 seconds.
  path: Assets/textures/Icecream_Fridge_LP_OPACITY 2.png
  artifactKey: Guid(f50d1b95f15f6254bbb45ebfe168d79f) Importer(815301076,1909f56bfc062723c751e8b465ee728b)
Start importing Assets/textures/Icecream_Fridge_LP_OPACITY 2.png using Guid(f50d1b95f15f6254bbb45ebfe168d79f) Importer(815301076,1909f56bfc062723c751e8b465ee728b)  -> (artifact id: 'a9cb58658b165ae68b80cd9b62cb9809') in 0.013301 seconds 
Editor requested this worker to shutdown with reason: Scaling down because of idle timeout
AssetImportWorker is now disconnected from the server
Process exiting
Exiting without the bug reporter. Application will terminate with return code 0